[PosixPath('/data/parietal/store3/work/haggarwa/diffusion/data/WAND/sub-08033/ses-02/dwi/sub-08033_ses-02_acq-AxCaliber1_dir-AP_part-mag_dwi.nii.gz'), PosixPath('/data/parietal/store3/work/haggarwa/diffusion/data/WAND/sub-08033/ses-02/dwi/sub-08033_ses-02_acq-AxCaliber2_dir-AP_part-mag_dwi.nii.gz'), PosixPath('/data/parietal/store3/work/haggarwa/diffusion/data/WAND/sub-08033/ses-02/dwi/sub-08033_ses-02_acq-AxCaliber3_dir-AP_part-mag_dwi.nii.gz'), PosixPath('/data/parietal/store3/work/haggarwa/diffusion/data/WAND/sub-08033/ses-02/dwi/sub-08033_ses-02_acq-AxCaliber4_dir-AP_part-mag_dwi.nii.gz')]
Saved /data/parietal/store3/work/haggarwa/diffusion/data/WAND-concat/sub-08033/ses-02/dwi/sub-08033_ses-02_acq-AxCaliberConcat_dwi.nii.gz
Saved /data/parietal/store3/work/haggarwa/diffusion/data/WAND-concat/sub-08033/ses-02/dwi/sub-08033_ses-02_acq-AxCaliberConcat_dwi.bval
Saved /data/parietal/store3/work/haggarwa/diffusion/data/WAND-concat/sub-08033/ses-02/dwi/sub-08033_ses-02_acq-AxCaliberConcat_dwi.bvec
[]
[PosixPath('/data/parietal/store3/work/haggarwa/diffusion/data/WAND/sub-17279/ses-02/dwi/sub-17279_ses-02_acq-AxCaliber1_dir-AP_part-mag_dwi.nii.gz'), PosixPath('/data/parietal/store3/work/haggarwa/diffusion/data/WAND/sub-17279/ses-02/dwi/sub-17279_ses-02_acq-AxCaliber2_dir-AP_part-mag_dwi.nii.gz'), PosixPath('/data/parietal/store3/work/haggarwa/diffusion/data/WAND/sub-17279/ses-02/dwi/sub-17279_ses-02_acq-AxCaliber3_dir-AP_part-mag_dwi.nii.gz'), PosixPath('/data/parietal/store3/work/haggarwa/diffusion/data/WAND/sub-17279/ses-02/dwi/sub-17279_ses-02_acq-AxCaliber4_dir-AP_part-mag_dwi.nii.gz')]
Saved /data/parietal/store3/work/haggarwa/diffusion/data/WAND-concat/sub-17279/ses-02/dwi/sub-17279_ses-02_acq-AxCaliberConcat_dwi.nii.gz
Saved /data/parietal/store3/work/haggarwa/diffusion/data/WAND-concat/sub-17279/ses-02/dwi/sub-17279_ses-02_acq-AxCaliberConcat_dwi.bval
Saved /data/parietal/store3/work/haggarwa/diffusion/data/WAND-concat/sub-17279/ses-02/dwi/sub-17279_ses-02_acq-AxCaliberConcat_dwi.bvec
[PosixPath('/data/parietal/store3/work/haggarwa/diffusion/data/WAND/sub-30648/ses-02/dwi/sub-30648_ses-02_acq-AxCaliber1_dir-AP_part-mag_dwi.nii.gz'), PosixPath('/data/parietal/store3/work/haggarwa/diffusion/data/WAND/sub-30648/ses-02/dwi/sub-30648_ses-02_acq-AxCaliber2_dir-AP_part-mag_dwi.nii.gz'), PosixPath('/data/parietal/store3/work/haggarwa/diffusion/data/WAND/sub-30648/ses-02/dwi/sub-30648_ses-02_acq-AxCaliber3_dir-AP_part-mag_dwi.nii.gz'), PosixPath('/data/parietal/store3/work/haggarwa/diffusion/data/WAND/sub-30648/ses-02/dwi/sub-30648_ses-02_acq-AxCaliber4_dir-AP_part-mag_dwi.nii.gz')]
Saved /data/parietal/store3/work/haggarwa/diffusion/data/WAND-concat/sub-30648/ses-02/dwi/sub-30648_ses-02_acq-AxCaliberConcat_dwi.nii.gz
Saved /data/parietal/store3/work/haggarwa/diffusion/data/WAND-concat/sub-30648/ses-02/dwi/sub-30648_ses-02_acq-AxCaliberConcat_dwi.bval
Saved /data/parietal/store3/work/haggarwa/diffusion/data/WAND-concat/sub-30648/ses-02/dwi/sub-30648_ses-02_acq-AxCaliberConcat_dwi.bvec
[PosixPath('/data/parietal/store3/work/haggarwa/diffusion/data/WAND/sub-45644/ses-02/dwi/sub-45644_ses-02_acq-AxCaliber1_dir-AP_part-mag_dwi.nii.gz'), PosixPath('/data/parietal/store3/work/haggarwa/diffusion/data/WAND/sub-45644/ses-02/dwi/sub-45644_ses-02_acq-AxCaliber2_dir-AP_part-mag_dwi.nii.gz'), PosixPath('/data/parietal/store3/work/haggarwa/diffusion/data/WAND/sub-45644/ses-02/dwi/sub-45644_ses-02_acq-AxCaliber3_dir-AP_part-mag_dwi.nii.gz'), PosixPath('/data/parietal/store3/work/haggarwa/diffusion/data/WAND/sub-45644/ses-02/dwi/sub-45644_ses-02_acq-AxCaliber4_dir-AP_part-mag_dwi.nii.gz')]
Saved /data/parietal/store3/work/haggarwa/diffusion/data/WAND-concat/sub-45644/ses-02/dwi/sub-45644_ses-02_acq-AxCaliberConcat_dwi.nii.gz
Saved /data/parietal/store3/work/haggarwa/diffusion/data/WAND-concat/sub-45644/ses-02/dwi/sub-45644_ses-02_acq-AxCaliberConcat_dwi.bval
Saved /data/parietal/store3/work/haggarwa/diffusion/data/WAND-concat/sub-45644/ses-02/dwi/sub-45644_ses-02_acq-AxCaliberConcat_dwi.bvec
[PosixPath('/data/parietal/store3/work/haggarwa/diffusion/data/WAND/sub-62452/ses-02/dwi/sub-62452_ses-02_acq-AxCaliber1_dir-AP_part-mag_dwi.nii.gz'), PosixPath('/data/parietal/store3/work/haggarwa/diffusion/data/WAND/sub-62452/ses-02/dwi/sub-62452_ses-02_acq-AxCaliber2_dir-AP_part-mag_dwi.nii.gz'), PosixPath('/data/parietal/store3/work/haggarwa/diffusion/data/WAND/sub-62452/ses-02/dwi/sub-62452_ses-02_acq-AxCaliber3_dir-AP_part-mag_dwi.nii.gz'), PosixPath('/data/parietal/store3/work/haggarwa/diffusion/data/WAND/sub-62452/ses-02/dwi/sub-62452_ses-02_acq-AxCaliber4_dir-AP_part-mag_dwi.nii.gz')]
Saved /data/parietal/store3/work/haggarwa/diffusion/data/WAND-concat/sub-62452/ses-02/dwi/sub-62452_ses-02_acq-AxCaliberConcat_dwi.nii.gz
Saved /data/parietal/store3/work/haggarwa/diffusion/data/WAND-concat/sub-62452/ses-02/dwi/sub-62452_ses-02_acq-AxCaliberConcat_dwi.bval
Saved /data/parietal/store3/work/haggarwa/diffusion/data/WAND-concat/sub-62452/ses-02/dwi/sub-62452_ses-02_acq-AxCaliberConcat_dwi.bvec
[PosixPath('/data/parietal/store3/work/haggarwa/diffusion/data/WAND/sub-72337/ses-02/dwi/sub-72337_ses-02_acq-AxCaliber1_dir-AP_part-mag_dwi.nii.gz'), PosixPath('/data/parietal/store3/work/haggarwa/diffusion/data/WAND/sub-72337/ses-02/dwi/sub-72337_ses-02_acq-AxCaliber2_dir-AP_part-mag_dwi.nii.gz'), PosixPath('/data/parietal/store3/work/haggarwa/diffusion/data/WAND/sub-72337/ses-02/dwi/sub-72337_ses-02_acq-AxCaliber3_dir-AP_part-mag_dwi.nii.gz'), PosixPath('/data/parietal/store3/work/haggarwa/diffusion/data/WAND/sub-72337/ses-02/dwi/sub-72337_ses-02_acq-AxCaliber4_dir-AP_part-mag_dwi.nii.gz')]
Saved /data/parietal/store3/work/haggarwa/diffusion/data/WAND-concat/sub-72337/ses-02/dwi/sub-72337_ses-02_acq-AxCaliberConcat_dwi.nii.gz
Saved /data/parietal/store3/work/haggarwa/diffusion/data/WAND-concat/sub-72337/ses-02/dwi/sub-72337_ses-02_acq-AxCaliberConcat_dwi.bval
Saved /data/parietal/store3/work/haggarwa/diffusion/data/WAND-concat/sub-72337/ses-02/dwi/sub-72337_ses-02_acq-AxCaliberConcat_dwi.bvec
[PosixPath('/data/parietal/store3/work/haggarwa/diffusion/data/WAND/sub-81668/ses-02/dwi/sub-81668_ses-02_acq-AxCaliber1_dir-AP_part-mag_dwi.nii.gz'), PosixPath('/data/parietal/store3/work/haggarwa/diffusion/data/WAND/sub-81668/ses-02/dwi/sub-81668_ses-02_acq-AxCaliber2_dir-AP_part-mag_dwi.nii.gz'), PosixPath('/data/parietal/store3/work/haggarwa/diffusion/data/WAND/sub-81668/ses-02/dwi/sub-81668_ses-02_acq-AxCaliber3_dir-AP_part-mag_dwi.nii.gz'), PosixPath('/data/parietal/store3/work/haggarwa/diffusion/data/WAND/sub-81668/ses-02/dwi/sub-81668_ses-02_acq-AxCaliber4_dir-AP_part-mag_dwi.nii.gz')]
[PosixPath('/data/parietal/store3/work/haggarwa/diffusion/data/WAND/sub-85522/ses-02/dwi/sub-85522_ses-02_acq-AxCaliber1_dir-AP_part-mag_dwi.nii.gz'), PosixPath('/data/parietal/store3/work/haggarwa/diffusion/data/WAND/sub-85522/ses-02/dwi/sub-85522_ses-02_acq-AxCaliber2_dir-AP_part-mag_dwi.nii.gz'), PosixPath('/data/parietal/store3/work/haggarwa/diffusion/data/WAND/sub-85522/ses-02/dwi/sub-85522_ses-02_acq-AxCaliber3_dir-AP_part-mag_dwi.nii.gz'), PosixPath('/data/parietal/store3/work/haggarwa/diffusion/data/WAND/sub-85522/ses-02/dwi/sub-85522_ses-02_acq-AxCaliber4_dir-AP_part-mag_dwi.nii.gz')]
Saved /data/parietal/store3/work/haggarwa/diffusion/data/WAND-concat/sub-85522/ses-02/dwi/sub-85522_ses-02_acq-AxCaliberConcat_dwi.nii.gz
Saved /data/parietal/store3/work/haggarwa/diffusion/data/WAND-concat/sub-85522/ses-02/dwi/sub-85522_ses-02_acq-AxCaliberConcat_dwi.bval
Saved /data/parietal/store3/work/haggarwa/diffusion/data/WAND-concat/sub-85522/ses-02/dwi/sub-85522_ses-02_acq-AxCaliberConcat_dwi.bvec
[PosixPath('/data/parietal/store3/work/haggarwa/diffusion/data/WAND/sub-92438/ses-02/dwi/sub-92438_ses-02_acq-AxCaliber1_dir-AP_part-mag_dwi.nii.gz'), PosixPath('/data/parietal/store3/work/haggarwa/diffusion/data/WAND/sub-92438/ses-02/dwi/sub-92438_ses-02_acq-AxCaliber2_dir-AP_part-mag_dwi.nii.gz'), PosixPath('/data/parietal/store3/work/haggarwa/diffusion/data/WAND/sub-92438/ses-02/dwi/sub-92438_ses-02_acq-AxCaliber3_dir-AP_part-mag_dwi.nii.gz'), PosixPath('/data/parietal/store3/work/haggarwa/diffusion/data/WAND/sub-92438/ses-02/dwi/sub-92438_ses-02_acq-AxCaliber4_dir-AP_part-mag_dwi.nii.gz')][PosixPath('/data/parietal/store3/work/haggarwa/diffusion/data/WAND/sub-01945/ses-02/dwi/sub-01945_ses-02_acq-AxCaliber1_dir-AP_part-mag_run-01_dwi.nii.gz'), PosixPath('/data/parietal/store3/work/haggarwa/diffusion/data/WAND/sub-01945/ses-02/dwi/sub-01945_ses-02_acq-AxCaliber2_dir-AP_part-mag_run-01_dwi.nii.gz'), PosixPath('/data/parietal/store3/work/haggarwa/diffusion/data/WAND/sub-01945/ses-02/dwi/sub-01945_ses-02_acq-AxCaliber3_dir-AP_part-mag_dwi.nii.gz')]
Saved /data/parietal/store3/work/haggarwa/diffusion/data/WAND-concat/sub-01945/ses-02/dwi/sub-01945_ses-02_acq-AxCaliberConcat_dwi.nii.gz
Saved /data/parietal/store3/work/haggarwa/diffusion/data/WAND-concat/sub-01945/ses-02/dwi/sub-01945_ses-02_acq-AxCaliberConcat_dwi.bval
Saved /data/parietal/store3/work/haggarwa/diffusion/data/WAND-concat/sub-01945/ses-02/dwi/sub-01945_ses-02_acq-AxCaliberConcat_dwi.bvec
[PosixPath('/data/parietal/store3/work/haggarwa/diffusion/data/WAND/sub-13206/ses-02/dwi/sub-13206_ses-02_acq-AxCaliber1_dir-AP_part-mag_dwi.nii.gz'), PosixPath('/data/parietal/store3/work/haggarwa/diffusion/data/WAND/sub-13206/ses-02/dwi/sub-13206_ses-02_acq-AxCaliber2_dir-AP_part-mag_dwi.nii.gz'), PosixPath('/data/parietal/store3/work/haggarwa/diffusion/data/WAND/sub-13206/ses-02/dwi/sub-13206_ses-02_acq-AxCaliber3_dir-AP_part-mag_dwi.nii.gz'), PosixPath('/data/parietal/store3/work/haggarwa/diffusion/data/WAND/sub-13206/ses-02/dwi/sub-13206_ses-02_acq-AxCaliber4_dir-AP_part-mag_dwi.nii.gz')]
Saved /data/parietal/store3/work/haggarwa/diffusion/data/WAND-concat/sub-13206/ses-02/dwi/sub-13206_ses-02_acq-AxCaliberConcat_dwi.nii.gz
Saved /data/parietal/store3/work/haggarwa/diffusion/data/WAND-concat/sub-13206/ses-02/dwi/sub-13206_ses-02_acq-AxCaliberConcat_dwi.bval
Saved /data/parietal/store3/work/haggarwa/diffusion/data/WAND-concat/sub-13206/ses-02/dwi/sub-13206_ses-02_acq-AxCaliberConcat_dwi.bvec
[PosixPath('/data/parietal/store3/work/haggarwa/diffusion/data/WAND/sub-24613/ses-02/dwi/sub-24613_ses-02_acq-AxCaliber1_dir-AP_part-mag_dwi.nii.gz'), PosixPath('/data/parietal/store3/work/haggarwa/diffusion/data/WAND/sub-24613/ses-02/dwi/sub-24613_ses-02_acq-AxCaliber2_dir-AP_part-mag_dwi.nii.gz'), PosixPath('/data/parietal/store3/work/haggarwa/diffusion/data/WAND/sub-24613/ses-02/dwi/sub-24613_ses-02_acq-AxCaliber3_dir-AP_part-mag_dwi.nii.gz'), PosixPath('/data/parietal/store3/work/haggarwa/diffusion/data/WAND/sub-24613/ses-02/dwi/sub-24613_ses-02_acq-AxCaliber4_dir-AP_part-mag_dwi.nii.gz')]
Saved /data/parietal/store3/work/haggarwa/diffusion/data/WAND-concat/sub-24613/ses-02/dwi/sub-24613_ses-02_acq-AxCaliberConcat_dwi.nii.gz
Saved /data/parietal/store3/work/haggarwa/diffusion/data/WAND-concat/sub-24613/ses-02/dwi/sub-24613_ses-02_acq-AxCaliberConcat_dwi.bval
Saved /data/parietal/store3/work/haggarwa/diffusion/data/WAND-concat/sub-24613/ses-02/dwi/sub-24613_ses-02_acq-AxCaliberConcat_dwi.bvec
[PosixPath('/data/parietal/store3/work/haggarwa/diffusion/data/WAND/sub-41590/ses-02/dwi/sub-41590_ses-02_acq-AxCaliber1_dir-AP_part-mag_dwi.nii.gz'), PosixPath('/data/parietal/store3/work/haggarwa/diffusion/data/WAND/sub-41590/ses-02/dwi/sub-41590_ses-02_acq-AxCaliber2_dir-AP_part-mag_dwi.nii.gz'), PosixPath('/data/parietal/store3/work/haggarwa/diffusion/data/WAND/sub-41590/ses-02/dwi/sub-41590_ses-02_acq-AxCaliber3_dir-AP_part-mag_dwi.nii.gz'), PosixPath('/data/parietal/store3/work/haggarwa/diffusion/data/WAND/sub-41590/ses-02/dwi/sub-41590_ses-02_acq-AxCaliber4_dir-AP_part-mag_dwi.nii.gz')]
Saved /data/parietal/store3/work/haggarwa/diffusion/data/WAND-concat/sub-41590/ses-02/dwi/sub-41590_ses-02_acq-AxCaliberConcat_dwi.nii.gz
Saved /data/parietal/store3/work/haggarwa/diffusion/data/WAND-concat/sub-41590/ses-02/dwi/sub-41590_ses-02_acq-AxCaliberConcat_dwi.bval
Saved /data/parietal/store3/work/haggarwa/diffusion/data/WAND-concat/sub-41590/ses-02/dwi/sub-41590_ses-02_acq-AxCaliberConcat_dwi.bvec
[PosixPath('/data/parietal/store3/work/haggarwa/diffusion/data/WAND/sub-52967/ses-02/dwi/sub-52967_ses-02_acq-AxCaliber1_dir-AP_part-mag_dwi.nii.gz'), PosixPath('/data/parietal/store3/work/haggarwa/diffusion/data/WAND/sub-52967/ses-02/dwi/sub-52967_ses-02_acq-AxCaliber2_dir-AP_part-mag_dwi.nii.gz'), PosixPath('/data/parietal/store3/work/haggarwa/diffusion/data/WAND/sub-52967/ses-02/dwi/sub-52967_ses-02_acq-AxCaliber3_dir-AP_part-mag_dwi.nii.gz'), PosixPath('/data/parietal/store3/work/haggarwa/diffusion/data/WAND/sub-52967/ses-02/dwi/sub-52967_ses-02_acq-AxCaliber4_dir-AP_part-mag_dwi.nii.gz')]
Saved /data/parietal/store3/work/haggarwa/diffusion/data/WAND-concat/sub-52967/ses-02/dwi/sub-52967_ses-02_acq-AxCaliberConcat_dwi.nii.gz
Saved /data/parietal/store3/work/haggarwa/diffusion/data/WAND-concat/sub-52967/ses-02/dwi/sub-52967_ses-02_acq-AxCaliberConcat_dwi.bval
Saved /data/parietal/store3/work/haggarwa/diffusion/data/WAND-concat/sub-52967/ses-02/dwi/sub-52967_ses-02_acq-AxCaliberConcat_dwi.bvec
[PosixPath('/data/parietal/store3/work/haggarwa/diffusion/data/WAND/sub-67613/ses-02/dwi/sub-67613_ses-02_acq-AxCaliber1_dir-AP_part-mag_dwi.nii.gz'), PosixPath('/data/parietal/store3/work/haggarwa/diffusion/data/WAND/sub-67613/ses-02/dwi/sub-67613_ses-02_acq-AxCaliber2_dir-AP_part-mag_dwi.nii.gz'), PosixPath('/data/parietal/store3/work/haggarwa/diffusion/data/WAND/sub-67613/ses-02/dwi/sub-67613_ses-02_acq-AxCaliber3_dir-AP_part-mag_dwi.nii.gz'), PosixPath('/data/parietal/store3/work/haggarwa/diffusion/data/WAND/sub-67613/ses-02/dwi/sub-67613_ses-02_acq-AxCaliber4_dir-AP_part-mag_dwi.nii.gz')]
Saved /data/parietal/store3/work/haggarwa/diffusion/data/WAND-concat/sub-67613/ses-02/dwi/sub-67613_ses-02_acq-AxCaliberConcat_dwi.nii.gz
Saved /data/parietal/store3/work/haggarwa/diffusion/data/WAND-concat/sub-67613/ses-02/dwi/sub-67613_ses-02_acq-AxCaliberConcat_dwi.bval
Saved /data/parietal/store3/work/haggarwa/diffusion/data/WAND-concat/sub-67613/ses-02/dwi/sub-67613_ses-02_acq-AxCaliberConcat_dwi.bvec
[PosixPath('/data/parietal/store3/work/haggarwa/diffusion/data/WAND/sub-76147/ses-02/dwi/sub-76147_ses-02_acq-AxCaliber1_dir-AP_part-mag_dwi.nii.gz'), PosixPath('/data/parietal/store3/work/haggarwa/diffusion/data/WAND/sub-76147/ses-02/dwi/sub-76147_ses-02_acq-AxCaliber2_dir-AP_part-mag_dwi.nii.gz'), PosixPath('/data/parietal/store3/work/haggarwa/diffusion/data/WAND/sub-76147/ses-02/dwi/sub-76147_ses-02_acq-AxCaliber3_dir-AP_part-mag_dwi.nii.gz'), PosixPath('/data/parietal/store3/work/haggarwa/diffusion/data/WAND/sub-76147/ses-02/dwi/sub-76147_ses-02_acq-AxCaliber4_dir-AP_part-mag_dwi.nii.gz')]
Saved /data/parietal/store3/work/haggarwa/diffusion/data/WAND-concat/sub-76147/ses-02/dwi/sub-76147_ses-02_acq-AxCaliberConcat_dwi.nii.gz
Saved /data/parietal/store3/work/haggarwa/diffusion/data/WAND-concat/sub-76147/ses-02/dwi/sub-76147_ses-02_acq-AxCaliberConcat_dwi.bval
Saved /data/parietal/store3/work/haggarwa/diffusion/data/WAND-concat/sub-76147/ses-02/dwi/sub-76147_ses-02_acq-AxCaliberConcat_dwi.bvec
[PosixPath('/data/parietal/store3/work/haggarwa/diffusion/data/WAND/sub-87732/ses-02/dwi/sub-87732_ses-02_acq-AxCaliber1_dir-AP_part-mag_dwi.nii.gz'), PosixPath('/data/parietal/store3/work/haggarwa/diffusion/data/WAND/sub-87732/ses-02/dwi/sub-87732_ses-02_acq-AxCaliber2_dir-AP_part-mag_dwi.nii.gz'), PosixPath('/data/parietal/store3/work/haggarwa/diffusion/data/WAND/sub-87732/ses-02/dwi/sub-87732_ses-02_acq-AxCaliber3_dir-AP_part-mag_dwi.nii.gz'), PosixPath('/data/parietal/store3/work/haggarwa/diffusion/data/WAND/sub-87732/ses-02/dwi/sub-87732_ses-02_acq-AxCaliber4_dir-AP_part-mag_dwi.nii.gz')]
[PosixPath('/data/parietal/store3/work/haggarwa/diffusion/data/WAND/sub-88548/ses-02/dwi/sub-88548_ses-02_acq-AxCaliber1_dir-AP_part-mag_dwi.nii.gz'), PosixPath('/data/parietal/store3/work/haggarwa/diffusion/data/WAND/sub-88548/ses-02/dwi/sub-88548_ses-02_acq-AxCaliber2_dir-AP_part-mag_dwi.nii.gz'), PosixPath('/data/parietal/store3/work/haggarwa/diffusion/data/WAND/sub-88548/ses-02/dwi/sub-88548_ses-02_acq-AxCaliber3_dir-AP_part-mag_dwi.nii.gz'), PosixPath('/data/parietal/store3/work/haggarwa/diffusion/data/WAND/sub-88548/ses-02/dwi/sub-88548_ses-02_acq-AxCaliber4_dir-AP_part-mag_dwi.nii.gz')]
Saved /data/parietal/store3/work/haggarwa/diffusion/data/WAND-concat/sub-88548/ses-02/dwi/sub-88548_ses-02_acq-AxCaliberConcat_dwi.nii.gz[PosixPath('/data/parietal/store3/work/haggarwa/diffusion/data/WAND/sub-05117/ses-02/dwi/sub-05117_ses-02_acq-AxCaliber1_dir-AP_part-mag_dwi.nii.gz'), PosixPath('/data/parietal/store3/work/haggarwa/diffusion/data/WAND/sub-05117/ses-02/dwi/sub-05117_ses-02_acq-AxCaliber2_dir-AP_part-mag_dwi.nii.gz'), PosixPath('/data/parietal/store3/work/haggarwa/diffusion/data/WAND/sub-05117/ses-02/dwi/sub-05117_ses-02_acq-AxCaliber3_dir-AP_part-mag_dwi.nii.gz'), PosixPath('/data/parietal/store3/work/haggarwa/diffusion/data/WAND/sub-05117/ses-02/dwi/sub-05117_ses-02_acq-AxCaliber4_dir-AP_part-mag_dwi.nii.gz')]
Saved /data/parietal/store3/work/haggarwa/diffusion/data/WAND-concat/sub-05117/ses-02/dwi/sub-05117_ses-02_acq-AxCaliberConcat_dwi.nii.gz
Saved /data/parietal/store3/work/haggarwa/diffusion/data/WAND-concat/sub-05117/ses-02/dwi/sub-05117_ses-02_acq-AxCaliberConcat_dwi.bval
Saved /data/parietal/store3/work/haggarwa/diffusion/data/WAND-concat/sub-05117/ses-02/dwi/sub-05117_ses-02_acq-AxCaliberConcat_dwi.bvec
[PosixPath('/data/parietal/store3/work/haggarwa/diffusion/data/WAND/sub-14900/ses-02/dwi/sub-14900_ses-02_acq-AxCaliber1_dir-AP_part-mag_dwi.nii.gz'), PosixPath('/data/parietal/store3/work/haggarwa/diffusion/data/WAND/sub-14900/ses-02/dwi/sub-14900_ses-02_acq-AxCaliber2_dir-AP_part-mag_dwi.nii.gz'), PosixPath('/data/parietal/store3/work/haggarwa/diffusion/data/WAND/sub-14900/ses-02/dwi/sub-14900_ses-02_acq-AxCaliber3_dir-AP_part-mag_dwi.nii.gz'), PosixPath('/data/parietal/store3/work/haggarwa/diffusion/data/WAND/sub-14900/ses-02/dwi/sub-14900_ses-02_acq-AxCaliber4_dir-AP_part-mag_dwi.nii.gz')]
Saved /data/parietal/store3/work/haggarwa/diffusion/data/WAND-concat/sub-14900/ses-02/dwi/sub-14900_ses-02_acq-AxCaliberConcat_dwi.nii.gz
Saved /data/parietal/store3/work/haggarwa/diffusion/data/WAND-concat/sub-14900/ses-02/dwi/sub-14900_ses-02_acq-AxCaliberConcat_dwi.bval
Saved /data/parietal/store3/work/haggarwa/diffusion/data/WAND-concat/sub-14900/ses-02/dwi/sub-14900_ses-02_acq-AxCaliberConcat_dwi.bvec
[PosixPath('/data/parietal/store3/work/haggarwa/diffusion/data/WAND/sub-35814/ses-02/dwi/sub-35814_ses-02_acq-AxCaliber1_dir-AP_part-mag_dwi.nii.gz'), PosixPath('/data/parietal/store3/work/haggarwa/diffusion/data/WAND/sub-35814/ses-02/dwi/sub-35814_ses-02_acq-AxCaliber2_dir-AP_part-mag_dwi.nii.gz'), PosixPath('/data/parietal/store3/work/haggarwa/diffusion/data/WAND/sub-35814/ses-02/dwi/sub-35814_ses-02_acq-AxCaliber3_dir-AP_part-mag_dwi.nii.gz'), PosixPath('/data/parietal/store3/work/haggarwa/diffusion/data/WAND/sub-35814/ses-02/dwi/sub-35814_ses-02_acq-AxCaliber4_dir-AP_part-mag_dwi.nii.gz')]
Saved /data/parietal/store3/work/haggarwa/diffusion/data/WAND-concat/sub-35814/ses-02/dwi/sub-35814_ses-02_acq-AxCaliberConcat_dwi.nii.gz
Saved /data/parietal/store3/work/haggarwa/diffusion/data/WAND-concat/sub-35814/ses-02/dwi/sub-35814_ses-02_acq-AxCaliberConcat_dwi.bval
Saved /data/parietal/store3/work/haggarwa/diffusion/data/WAND-concat/sub-35814/ses-02/dwi/sub-35814_ses-02_acq-AxCaliberConcat_dwi.bvec
[PosixPath('/data/parietal/store3/work/haggarwa/diffusion/data/WAND/sub-50530/ses-02/dwi/sub-50530_ses-02_acq-AxCaliber1_dir-AP_part-mag_dwi.nii.gz'), PosixPath('/data/parietal/store3/work/haggarwa/diffusion/data/WAND/sub-50530/ses-02/dwi/sub-50530_ses-02_acq-AxCaliber2_dir-AP_part-mag_dwi.nii.gz'), PosixPath('/data/parietal/store3/work/haggarwa/diffusion/data/WAND/sub-50530/ses-02/dwi/sub-50530_ses-02_acq-AxCaliber3_dir-AP_part-mag_dwi.nii.gz'), PosixPath('/data/parietal/store3/work/haggarwa/diffusion/data/WAND/sub-50530/ses-02/dwi/sub-50530_ses-02_acq-AxCaliber4_dir-AP_part-mag_dwi.nii.gz')]
Saved /data/parietal/store3/work/haggarwa/diffusion/data/WAND-concat/sub-50530/ses-02/dwi/sub-50530_ses-02_acq-AxCaliberConcat_dwi.nii.gz
Saved /data/parietal/store3/work/haggarwa/diffusion/data/WAND-concat/sub-50530/ses-02/dwi/sub-50530_ses-02_acq-AxCaliberConcat_dwi.bval
Saved /data/parietal/store3/work/haggarwa/diffusion/data/WAND-concat/sub-50530/ses-02/dwi/sub-50530_ses-02_acq-AxCaliberConcat_dwi.bvec
[PosixPath('/data/parietal/store3/work/haggarwa/diffusion/data/WAND/sub-66055/ses-02/dwi/sub-66055_ses-02_acq-AxCaliber1_dir-AP_part-mag_dwi.nii.gz'), PosixPath('/data/parietal/store3/work/haggarwa/diffusion/data/WAND/sub-66055/ses-02/dwi/sub-66055_ses-02_acq-AxCaliber2_dir-AP_part-mag_dwi.nii.gz'), PosixPath('/data/parietal/store3/work/haggarwa/diffusion/data/WAND/sub-66055/ses-02/dwi/sub-66055_ses-02_acq-AxCaliber3_dir-AP_part-mag_dwi.nii.gz'), PosixPath('/data/parietal/store3/work/haggarwa/diffusion/data/WAND/sub-66055/ses-02/dwi/sub-66055_ses-02_acq-AxCaliber4_dir-AP_part-mag_dwi.nii.gz')]
Saved /data/parietal/store3/work/haggarwa/diffusion/data/WAND-concat/sub-66055/ses-02/dwi/sub-66055_ses-02_acq-AxCaliberConcat_dwi.nii.gz
Saved /data/parietal/store3/work/haggarwa/diffusion/data/WAND-concat/sub-66055/ses-02/dwi/sub-66055_ses-02_acq-AxCaliberConcat_dwi.bval
Saved /data/parietal/store3/work/haggarwa/diffusion/data/WAND-concat/sub-66055/ses-02/dwi/sub-66055_ses-02_acq-AxCaliberConcat_dwi.bvec
[PosixPath('/data/parietal/store3/work/haggarwa/diffusion/data/WAND/sub-74516/ses-02/dwi/sub-74516_ses-02_acq-AxCaliber1_dir-AP_part-mag_dwi.nii.gz'), PosixPath('/data/parietal/store3/work/haggarwa/diffusion/data/WAND/sub-74516/ses-02/dwi/sub-74516_ses-02_acq-AxCaliber2_dir-AP_part-mag_dwi.nii.gz'), PosixPath('/data/parietal/store3/work/haggarwa/diffusion/data/WAND/sub-74516/ses-02/dwi/sub-74516_ses-02_acq-AxCaliber3_dir-AP_part-mag_dwi.nii.gz'), PosixPath('/data/parietal/store3/work/haggarwa/diffusion/data/WAND/sub-74516/ses-02/dwi/sub-74516_ses-02_acq-AxCaliber4_dir-AP_part-mag_dwi.nii.gz')]
Saved /data/parietal/store3/work/haggarwa/diffusion/data/WAND-concat/sub-74516/ses-02/dwi/sub-74516_ses-02_acq-AxCaliberConcat_dwi.nii.gz
Saved /data/parietal/store3/work/haggarwa/diffusion/data/WAND-concat/sub-74516/ses-02/dwi/sub-74516_ses-02_acq-AxCaliberConcat_dwi.bval
Saved /data/parietal/store3/work/haggarwa/diffusion/data/WAND-concat/sub-74516/ses-02/dwi/sub-74516_ses-02_acq-AxCaliberConcat_dwi.bvec
[PosixPath('/data/parietal/store3/work/haggarwa/diffusion/data/WAND/sub-85373/ses-02/dwi/sub-85373_ses-02_acq-AxCaliber1_dir-AP_part-mag_dwi.nii.gz'), PosixPath('/data/parietal/store3/work/haggarwa/diffusion/data/WAND/sub-85373/ses-02/dwi/sub-85373_ses-02_acq-AxCaliber2_dir-AP_part-mag_dwi.nii.gz'), PosixPath('/data/parietal/store3/work/haggarwa/diffusion/data/WAND/sub-85373/ses-02/dwi/sub-85373_ses-02_acq-AxCaliber3_dir-AP_part-mag_dwi.nii.gz'), PosixPath('/data/parietal/store3/work/haggarwa/diffusion/data/WAND/sub-85373/ses-02/dwi/sub-85373_ses-02_acq-AxCaliber4_dir-AP_part-mag_dwi.nii.gz')]
Saved /data/parietal/store3/work/haggarwa/diffusion/data/WAND-concat/sub-85373/ses-02/dwi/sub-85373_ses-02_acq-AxCaliberConcat_dwi.nii.gz
Saved /data/parietal/store3/work/haggarwa/diffusion/data/WAND-concat/sub-85373/ses-02/dwi/sub-85373_ses-02_acq-AxCaliberConcat_dwi.bval
Saved /data/parietal/store3/work/haggarwa/diffusion/data/WAND-concat/sub-85373/ses-02/dwi/sub-85373_ses-02_acq-AxCaliberConcat_dwi.bvec
[PosixPath('/data/parietal/store3/work/haggarwa/diffusion/data/WAND/sub-95985/ses-02/dwi/sub-95985_ses-02_acq-AxCaliber1_dir-AP_part-mag_dwi.nii.gz'), PosixPath('/data/parietal/store3/work/haggarwa/diffusion/data/WAND/sub-95985/ses-02/dwi/sub-95985_ses-02_acq-AxCaliber2_dir-AP_part-mag_dwi.nii.gz'), PosixPath('/data/parietal/store3/work/haggarwa/diffusion/data/WAND/sub-95985/ses-02/dwi/sub-95985_ses-02_acq-AxCaliber3_dir-AP_part-mag_dwi.nii.gz'), PosixPath('/data/parietal/store3/work/haggarwa/diffusion/data/WAND/sub-95985/ses-02/dwi/sub-95985_ses-02_acq-AxCaliber4_dir-AP_part-mag_dwi.nii.gz')]
[PosixPath('/data/parietal/store3/work/haggarwa/diffusion/data/WAND/sub-97902/ses-02/dwi/sub-97902_ses-02_acq-AxCaliber1_dir-AP_part-mag_dwi.nii.gz'), PosixPath('/data/parietal/store3/work/haggarwa/diffusion/data/WAND/sub-97902/ses-02/dwi/sub-97902_ses-02_acq-AxCaliber2_dir-AP_part-mag_dwi.nii.gz'), PosixPath('/data/parietal/store3/work/haggarwa/diffusion/data/WAND/sub-97902/ses-02/dwi/sub-97902_ses-02_acq-AxCaliber3_dir-AP_part-mag_dwi.nii.gz'), PosixPath('/data/parietal/store3/work/haggarwa/diffusion/data/WAND/sub-97902/ses-02/dwi/sub-97902_ses-02_acq-AxCaliber4_dir-AP_part-mag_dwi.nii.gz')][PosixPath('/data/parietal/store3/work/haggarwa/diffusion/data/WAND/sub-01187/ses-02/dwi/sub-01187_ses-02_acq-AxCaliber1_dir-AP_part-mag_dwi.nii.gz'), PosixPath('/data/parietal/store3/work/haggarwa/diffusion/data/WAND/sub-01187/ses-02/dwi/sub-01187_ses-02_acq-AxCaliber2_dir-AP_part-mag_dwi.nii.gz'), PosixPath('/data/parietal/store3/work/haggarwa/diffusion/data/WAND/sub-01187/ses-02/dwi/sub-01187_ses-02_acq-AxCaliber3_dir-AP_part-mag_dwi.nii.gz'), PosixPath('/data/parietal/store3/work/haggarwa/diffusion/data/WAND/sub-01187/ses-02/dwi/sub-01187_ses-02_acq-AxCaliber4_dir-AP_part-mag_dwi.nii.gz')]
Saved /data/parietal/store3/work/haggarwa/diffusion/data/WAND-concat/sub-01187/ses-02/dwi/sub-01187_ses-02_acq-AxCaliberConcat_dwi.nii.gz
Saved /data/parietal/store3/work/haggarwa/diffusion/data/WAND-concat/sub-01187/ses-02/dwi/sub-01187_ses-02_acq-AxCaliberConcat_dwi.bval
Saved /data/parietal/store3/work/haggarwa/diffusion/data/WAND-concat/sub-01187/ses-02/dwi/sub-01187_ses-02_acq-AxCaliberConcat_dwi.bvec
[PosixPath('/data/parietal/store3/work/haggarwa/diffusion/data/WAND/sub-22482/ses-02/dwi/sub-22482_ses-02_acq-AxCaliber1_dir-AP_part-mag_dwi.nii.gz'), PosixPath('/data/parietal/store3/work/haggarwa/diffusion/data/WAND/sub-22482/ses-02/dwi/sub-22482_ses-02_acq-AxCaliber2_dir-AP_part-mag_dwi.nii.gz'), PosixPath('/data/parietal/store3/work/haggarwa/diffusion/data/WAND/sub-22482/ses-02/dwi/sub-22482_ses-02_acq-AxCaliber3_dir-AP_part-mag_dwi.nii.gz'), PosixPath('/data/parietal/store3/work/haggarwa/diffusion/data/WAND/sub-22482/ses-02/dwi/sub-22482_ses-02_acq-AxCaliber4_dir-AP_part-mag_dwi.nii.gz')]
Saved /data/parietal/store3/work/haggarwa/diffusion/data/WAND-concat/sub-22482/ses-02/dwi/sub-22482_ses-02_acq-AxCaliberConcat_dwi.nii.gz
Saved /data/parietal/store3/work/haggarwa/diffusion/data/WAND-concat/sub-22482/ses-02/dwi/sub-22482_ses-02_acq-AxCaliberConcat_dwi.bval
Saved /data/parietal/store3/work/haggarwa/diffusion/data/WAND-concat/sub-22482/ses-02/dwi/sub-22482_ses-02_acq-AxCaliberConcat_dwi.bvec
[PosixPath('/data/parietal/store3/work/haggarwa/diffusion/data/WAND/sub-38264/ses-02/dwi/sub-38264_ses-02_acq-AxCaliber1_dir-AP_part-mag_dwi.nii.gz'), PosixPath('/data/parietal/store3/work/haggarwa/diffusion/data/WAND/sub-38264/ses-02/dwi/sub-38264_ses-02_acq-AxCaliber2_dir-AP_part-mag_dwi.nii.gz'), PosixPath('/data/parietal/store3/work/haggarwa/diffusion/data/WAND/sub-38264/ses-02/dwi/sub-38264_ses-02_acq-AxCaliber3_dir-AP_part-mag_dwi.nii.gz'), PosixPath('/data/parietal/store3/work/haggarwa/diffusion/data/WAND/sub-38264/ses-02/dwi/sub-38264_ses-02_acq-AxCaliber4_dir-AP_part-mag_dwi.nii.gz')]
Saved /data/parietal/store3/work/haggarwa/diffusion/data/WAND-concat/sub-38264/ses-02/dwi/sub-38264_ses-02_acq-AxCaliberConcat_dwi.nii.gz
Saved /data/parietal/store3/work/haggarwa/diffusion/data/WAND-concat/sub-38264/ses-02/dwi/sub-38264_ses-02_acq-AxCaliberConcat_dwi.bval
Saved /data/parietal/store3/work/haggarwa/diffusion/data/WAND-concat/sub-38264/ses-02/dwi/sub-38264_ses-02_acq-AxCaliberConcat_dwi.bvec
[PosixPath('/data/parietal/store3/work/haggarwa/diffusion/data/WAND/sub-49618/ses-02/dwi/sub-49618_ses-02_acq-AxCaliber1_dir-AP_part-mag_dwi.nii.gz'), PosixPath('/data/parietal/store3/work/haggarwa/diffusion/data/WAND/sub-49618/ses-02/dwi/sub-49618_ses-02_acq-AxCaliber2_dir-AP_part-mag_dwi.nii.gz'), PosixPath('/data/parietal/store3/work/haggarwa/diffusion/data/WAND/sub-49618/ses-02/dwi/sub-49618_ses-02_acq-AxCaliber3_dir-AP_part-mag_dwi.nii.gz'), PosixPath('/data/parietal/store3/work/haggarwa/diffusion/data/WAND/sub-49618/ses-02/dwi/sub-49618_ses-02_acq-AxCaliber4_dir-AP_part-mag_dwi.nii.gz')]
Saved /data/parietal/store3/work/haggarwa/diffusion/data/WAND-concat/sub-49618/ses-02/dwi/sub-49618_ses-02_acq-AxCaliberConcat_dwi.nii.gz
Saved /data/parietal/store3/work/haggarwa/diffusion/data/WAND-concat/sub-49618/ses-02/dwi/sub-49618_ses-02_acq-AxCaliberConcat_dwi.bval
Saved /data/parietal/store3/work/haggarwa/diffusion/data/WAND-concat/sub-49618/ses-02/dwi/sub-49618_ses-02_acq-AxCaliberConcat_dwi.bvec
[]
[]
[PosixPath('/data/parietal/store3/work/haggarwa/diffusion/data/WAND/sub-64927/ses-02/dwi/sub-64927_ses-02_acq-AxCaliber1_dir-AP_part-mag_dwi.nii.gz'), PosixPath('/data/parietal/store3/work/haggarwa/diffusion/data/WAND/sub-64927/ses-02/dwi/sub-64927_ses-02_acq-AxCaliber2_dir-AP_part-mag_dwi.nii.gz'), PosixPath('/data/parietal/store3/work/haggarwa/diffusion/data/WAND/sub-64927/ses-02/dwi/sub-64927_ses-02_acq-AxCaliber3_dir-AP_part-mag_dwi.nii.gz'), PosixPath('/data/parietal/store3/work/haggarwa/diffusion/data/WAND/sub-64927/ses-02/dwi/sub-64927_ses-02_acq-AxCaliber4_dir-AP_part-mag_dwi.nii.gz')]
Saved /data/parietal/store3/work/haggarwa/diffusion/data/WAND-concat/sub-64927/ses-02/dwi/sub-64927_ses-02_acq-AxCaliberConcat_dwi.nii.gz
Saved /data/parietal/store3/work/haggarwa/diffusion/data/WAND-concat/sub-64927/ses-02/dwi/sub-64927_ses-02_acq-AxCaliberConcat_dwi.bval
Saved /data/parietal/store3/work/haggarwa/diffusion/data/WAND-concat/sub-64927/ses-02/dwi/sub-64927_ses-02_acq-AxCaliberConcat_dwi.bvec
[PosixPath('/data/parietal/store3/work/haggarwa/diffusion/data/WAND/sub-74182/ses-02/dwi/sub-74182_ses-02_acq-AxCaliber1_dir-AP_part-mag_dwi.nii.gz'), PosixPath('/data/parietal/store3/work/haggarwa/diffusion/data/WAND/sub-74182/ses-02/dwi/sub-74182_ses-02_acq-AxCaliber2_dir-AP_part-mag_dwi.nii.gz'), PosixPath('/data/parietal/store3/work/haggarwa/diffusion/data/WAND/sub-74182/ses-02/dwi/sub-74182_ses-02_acq-AxCaliber3_dir-AP_part-mag_dwi.nii.gz'), PosixPath('/data/parietal/store3/work/haggarwa/diffusion/data/WAND/sub-74182/ses-02/dwi/sub-74182_ses-02_acq-AxCaliber4_dir-AP_part-mag_dwi.nii.gz')]
[PosixPath('/data/parietal/store3/work/haggarwa/diffusion/data/WAND/sub-75086/ses-02/dwi/sub-75086_ses-02_acq-AxCaliber1_dir-AP_part-mag_dwi.nii.gz'), PosixPath('/data/parietal/store3/work/haggarwa/diffusion/data/WAND/sub-75086/ses-02/dwi/sub-75086_ses-02_acq-AxCaliber2_dir-AP_part-mag_dwi.nii.gz'), PosixPath('/data/parietal/store3/work/haggarwa/diffusion/data/WAND/sub-75086/ses-02/dwi/sub-75086_ses-02_acq-AxCaliber3_dir-AP_part-mag_dwi.nii.gz'), PosixPath('/data/parietal/store3/work/haggarwa/diffusion/data/WAND/sub-75086/ses-02/dwi/sub-75086_ses-02_acq-AxCaliber4_dir-AP_part-mag_dwi.nii.gz')]
Saved /data/parietal/store3/work/haggarwa/diffusion/data/WAND-concat/sub-75086/ses-02/dwi/sub-75086_ses-02_acq-AxCaliberConcat_dwi.nii.gz
Saved /data/parietal/store3/work/haggarwa/diffusion/data/WAND-concat/sub-75086/ses-02/dwi/sub-75086_ses-02_acq-AxCaliberConcat_dwi.bval
Saved /data/parietal/store3/work/haggarwa/diffusion/data/WAND-concat/sub-75086/ses-02/dwi/sub-75086_ses-02_acq-AxCaliberConcat_dwi.bvec
[PosixPath('/data/parietal/store3/work/haggarwa/diffusion/data/WAND/sub-87034/ses-02/dwi/sub-87034_ses-02_acq-AxCaliber1_dir-AP_part-mag_dwi.nii.gz'), PosixPath('/data/parietal/store3/work/haggarwa/diffusion/data/WAND/sub-87034/ses-02/dwi/sub-87034_ses-02_acq-AxCaliber2_dir-AP_part-mag_dwi.nii.gz'), PosixPath('/data/parietal/store3/work/haggarwa/diffusion/data/WAND/sub-87034/ses-02/dwi/sub-87034_ses-02_acq-AxCaliber3_dir-AP_part-mag_dwi.nii.gz'), PosixPath('/data/parietal/store3/work/haggarwa/diffusion/data/WAND/sub-87034/ses-02/dwi/sub-87034_ses-02_acq-AxCaliber4_dir-AP_part-mag_dwi.nii.gz')]
Saved /data/parietal/store3/work/haggarwa/diffusion/data/WAND-concat/sub-87034/ses-02/dwi/sub-87034_ses-02_acq-AxCaliberConcat_dwi.nii.gz
Saved /data/parietal/store3/work/haggarwa/diffusion/data/WAND-concat/sub-87034/ses-02/dwi/sub-87034_ses-02_acq-AxCaliberConcat_dwi.bval
Saved /data/parietal/store3/work/haggarwa/diffusion/data/WAND-concat/sub-87034/ses-02/dwi/sub-87034_ses-02_acq-AxCaliberConcat_dwi.bvec
[PosixPath('/data/parietal/store3/work/haggarwa/diffusion/data/WAND/sub-97923/ses-02/dwi/sub-97923_ses-02_acq-AxCaliber1_dir-AP_part-mag_dwi.nii.gz'), PosixPath('/data/parietal/store3/work/haggarwa/diffusion/data/WAND/sub-97923/ses-02/dwi/sub-97923_ses-02_acq-AxCaliber2_dir-AP_part-mag_dwi.nii.gz'), PosixPath('/data/parietal/store3/work/haggarwa/diffusion/data/WAND/sub-97923/ses-02/dwi/sub-97923_ses-02_acq-AxCaliber3_dir-AP_part-mag_dwi.nii.gz'), PosixPath('/data/parietal/store3/work/haggarwa/diffusion/data/WAND/sub-97923/ses-02/dwi/sub-97923_ses-02_acq-AxCaliber4_dir-AP_part-mag_dwi.nii.gz')][PosixPath('/data/parietal/store3/work/haggarwa/diffusion/data/WAND/sub-00395/ses-02/dwi/sub-00395_ses-02_acq-AxCaliber1_dir-AP_part-mag_dwi.nii.gz'), PosixPath('/data/parietal/store3/work/haggarwa/diffusion/data/WAND/sub-00395/ses-02/dwi/sub-00395_ses-02_acq-AxCaliber2_dir-AP_part-mag_dwi.nii.gz'), PosixPath('/data/parietal/store3/work/haggarwa/diffusion/data/WAND/sub-00395/ses-02/dwi/sub-00395_ses-02_acq-AxCaliber3_dir-AP_part-mag_dwi.nii.gz'), PosixPath('/data/parietal/store3/work/haggarwa/diffusion/data/WAND/sub-00395/ses-02/dwi/sub-00395_ses-02_acq-AxCaliber4_dir-AP_part-mag_dwi.nii.gz')]
Saved /data/parietal/store3/work/haggarwa/diffusion/data/WAND-concat/sub-00395/ses-02/dwi/sub-00395_ses-02_acq-AxCaliberConcat_dwi.nii.gz
Saved /data/parietal/store3/work/haggarwa/diffusion/data/WAND-concat/sub-00395/ses-02/dwi/sub-00395_ses-02_acq-AxCaliberConcat_dwi.bval
Saved /data/parietal/store3/work/haggarwa/diffusion/data/WAND-concat/sub-00395/ses-02/dwi/sub-00395_ses-02_acq-AxCaliberConcat_dwi.bvec
[PosixPath('/data/parietal/store3/work/haggarwa/diffusion/data/WAND/sub-21157/ses-02/dwi/sub-21157_ses-02_acq-AxCaliber1_dir-AP_part-mag_dwi.nii.gz'), PosixPath('/data/parietal/store3/work/haggarwa/diffusion/data/WAND/sub-21157/ses-02/dwi/sub-21157_ses-02_acq-AxCaliber2_dir-AP_part-mag_dwi.nii.gz'), PosixPath('/data/parietal/store3/work/haggarwa/diffusion/data/WAND/sub-21157/ses-02/dwi/sub-21157_ses-02_acq-AxCaliber3_dir-AP_part-mag_dwi.nii.gz'), PosixPath('/data/parietal/store3/work/haggarwa/diffusion/data/WAND/sub-21157/ses-02/dwi/sub-21157_ses-02_acq-AxCaliber4_dir-AP_part-mag_dwi.nii.gz')]
Saved /data/parietal/store3/work/haggarwa/diffusion/data/WAND-concat/sub-21157/ses-02/dwi/sub-21157_ses-02_acq-AxCaliberConcat_dwi.nii.gz
Saved /data/parietal/store3/work/haggarwa/diffusion/data/WAND-concat/sub-21157/ses-02/dwi/sub-21157_ses-02_acq-AxCaliberConcat_dwi.bval
Saved /data/parietal/store3/work/haggarwa/diffusion/data/WAND-concat/sub-21157/ses-02/dwi/sub-21157_ses-02_acq-AxCaliberConcat_dwi.bvec
[]
[PosixPath('/data/parietal/store3/work/haggarwa/diffusion/data/WAND/sub-27934/ses-02/dwi/sub-27934_ses-02_acq-AxCaliber1_dir-AP_part-mag_dwi.nii.gz'), PosixPath('/data/parietal/store3/work/haggarwa/diffusion/data/WAND/sub-27934/ses-02/dwi/sub-27934_ses-02_acq-AxCaliber2_dir-AP_part-mag_dwi.nii.gz'), PosixPath('/data/parietal/store3/work/haggarwa/diffusion/data/WAND/sub-27934/ses-02/dwi/sub-27934_ses-02_acq-AxCaliber3_dir-AP_part-mag_dwi.nii.gz'), PosixPath('/data/parietal/store3/work/haggarwa/diffusion/data/WAND/sub-27934/ses-02/dwi/sub-27934_ses-02_acq-AxCaliber4_dir-AP_part-mag_dwi.nii.gz')]
Saved /data/parietal/store3/work/haggarwa/diffusion/data/WAND-concat/sub-27934/ses-02/dwi/sub-27934_ses-02_acq-AxCaliberConcat_dwi.nii.gz
Saved /data/parietal/store3/work/haggarwa/diffusion/data/WAND-concat/sub-27934/ses-02/dwi/sub-27934_ses-02_acq-AxCaliberConcat_dwi.bval
Saved /data/parietal/store3/work/haggarwa/diffusion/data/WAND-concat/sub-27934/ses-02/dwi/sub-27934_ses-02_acq-AxCaliberConcat_dwi.bvec
[PosixPath('/data/parietal/store3/work/haggarwa/diffusion/data/WAND/sub-43766/ses-02/dwi/sub-43766_ses-02_acq-AxCaliber1_dir-AP_part-mag_dwi.nii.gz'), PosixPath('/data/parietal/store3/work/haggarwa/diffusion/data/WAND/sub-43766/ses-02/dwi/sub-43766_ses-02_acq-AxCaliber2_dir-AP_part-mag_dwi.nii.gz'), PosixPath('/data/parietal/store3/work/haggarwa/diffusion/data/WAND/sub-43766/ses-02/dwi/sub-43766_ses-02_acq-AxCaliber3_dir-AP_part-mag_dwi.nii.gz'), PosixPath('/data/parietal/store3/work/haggarwa/diffusion/data/WAND/sub-43766/ses-02/dwi/sub-43766_ses-02_acq-AxCaliber4_dir-AP_part-mag_dwi.nii.gz')]
Saved /data/parietal/store3/work/haggarwa/diffusion/data/WAND-concat/sub-43766/ses-02/dwi/sub-43766_ses-02_acq-AxCaliberConcat_dwi.nii.gz
Saved /data/parietal/store3/work/haggarwa/diffusion/data/WAND-concat/sub-43766/ses-02/dwi/sub-43766_ses-02_acq-AxCaliberConcat_dwi.bval
Saved /data/parietal/store3/work/haggarwa/diffusion/data/WAND-concat/sub-43766/ses-02/dwi/sub-43766_ses-02_acq-AxCaliberConcat_dwi.bvec
[]
[PosixPath('/data/parietal/store3/work/haggarwa/diffusion/data/WAND/sub-64564/ses-02/dwi/sub-64564_ses-02_acq-AxCaliber1_dir-AP_part-mag_dwi.nii.gz'), PosixPath('/data/parietal/store3/work/haggarwa/diffusion/data/WAND/sub-64564/ses-02/dwi/sub-64564_ses-02_acq-AxCaliber2_dir-AP_part-mag_dwi.nii.gz'), PosixPath('/data/parietal/store3/work/haggarwa/diffusion/data/WAND/sub-64564/ses-02/dwi/sub-64564_ses-02_acq-AxCaliber3_dir-AP_part-mag_dwi.nii.gz'), PosixPath('/data/parietal/store3/work/haggarwa/diffusion/data/WAND/sub-64564/ses-02/dwi/sub-64564_ses-02_acq-AxCaliber4_dir-AP_part-mag_dwi.nii.gz')]
Saved /data/parietal/store3/work/haggarwa/diffusion/data/WAND-concat/sub-64564/ses-02/dwi/sub-64564_ses-02_acq-AxCaliberConcat_dwi.nii.gz
Saved /data/parietal/store3/work/haggarwa/diffusion/data/WAND-concat/sub-64564/ses-02/dwi/sub-64564_ses-02_acq-AxCaliberConcat_dwi.bval
Saved /data/parietal/store3/work/haggarwa/diffusion/data/WAND-concat/sub-64564/ses-02/dwi/sub-64564_ses-02_acq-AxCaliberConcat_dwi.bvec
[PosixPath('/data/parietal/store3/work/haggarwa/diffusion/data/WAND/sub-73378/ses-02/dwi/sub-73378_ses-02_acq-AxCaliber1_dir-AP_part-mag_dwi.nii.gz'), PosixPath('/data/parietal/store3/work/haggarwa/diffusion/data/WAND/sub-73378/ses-02/dwi/sub-73378_ses-02_acq-AxCaliber2_dir-AP_part-mag_dwi.nii.gz'), PosixPath('/data/parietal/store3/work/haggarwa/diffusion/data/WAND/sub-73378/ses-02/dwi/sub-73378_ses-02_acq-AxCaliber3_dir-AP_part-mag_dwi.nii.gz'), PosixPath('/data/parietal/store3/work/haggarwa/diffusion/data/WAND/sub-73378/ses-02/dwi/sub-73378_ses-02_acq-AxCaliber4_dir-AP_part-mag_dwi.nii.gz')]
Saved /data/parietal/store3/work/haggarwa/diffusion/data/WAND-concat/sub-73378/ses-02/dwi/sub-73378_ses-02_acq-AxCaliberConcat_dwi.nii.gz
Saved /data/parietal/store3/work/haggarwa/diffusion/data/WAND-concat/sub-73378/ses-02/dwi/sub-73378_ses-02_acq-AxCaliberConcat_dwi.bval
Saved /data/parietal/store3/work/haggarwa/diffusion/data/WAND-concat/sub-73378/ses-02/dwi/sub-73378_ses-02_acq-AxCaliberConcat_dwi.bvec
[PosixPath('/data/parietal/store3/work/haggarwa/diffusion/data/WAND/sub-86202/ses-02/dwi/sub-86202_ses-02_acq-AxCaliber1_dir-AP_part-mag_dwi.nii.gz'), PosixPath('/data/parietal/store3/work/haggarwa/diffusion/data/WAND/sub-86202/ses-02/dwi/sub-86202_ses-02_acq-AxCaliber2_dir-AP_part-mag_dwi.nii.gz'), PosixPath('/data/parietal/store3/work/haggarwa/diffusion/data/WAND/sub-86202/ses-02/dwi/sub-86202_ses-02_acq-AxCaliber3_dir-AP_part-mag_dwi.nii.gz'), PosixPath('/data/parietal/store3/work/haggarwa/diffusion/data/WAND/sub-86202/ses-02/dwi/sub-86202_ses-02_acq-AxCaliber4_dir-AP_part-mag_dwi.nii.gz')]
Saved /data/parietal/store3/work/haggarwa/diffusion/data/WAND-concat/sub-86202/ses-02/dwi/sub-86202_ses-02_acq-AxCaliberConcat_dwi.nii.gz
Saved /data/parietal/store3/work/haggarwa/diffusion/data/WAND-concat/sub-86202/ses-02/dwi/sub-86202_ses-02_acq-AxCaliberConcat_dwi.bval
Saved /data/parietal/store3/work/haggarwa/diffusion/data/WAND-concat/sub-86202/ses-02/dwi/sub-86202_ses-02_acq-AxCaliberConcat_dwi.bvec
[PosixPath('/data/parietal/store3/work/haggarwa/diffusion/data/WAND/sub-92635/ses-02/dwi/sub-92635_ses-02_acq-AxCaliber1_dir-AP_part-mag_dwi.nii.gz'), PosixPath('/data/parietal/store3/work/haggarwa/diffusion/data/WAND/sub-92635/ses-02/dwi/sub-92635_ses-02_acq-AxCaliber2_dir-AP_part-mag_dwi.nii.gz'), PosixPath('/data/parietal/store3/work/haggarwa/diffusion/data/WAND/sub-92635/ses-02/dwi/sub-92635_ses-02_acq-AxCaliber3_dir-AP_part-mag_dwi.nii.gz'), PosixPath('/data/parietal/store3/work/haggarwa/diffusion/data/WAND/sub-92635/ses-02/dwi/sub-92635_ses-02_acq-AxCaliber4_dir-AP_part-mag_dwi.nii.gz')]
[PosixPath('/data/parietal/store3/work/haggarwa/diffusion/data/WAND/sub-98335/ses-02/dwi/sub-98335_ses-02_acq-AxCaliber1_dir-AP_part-mag_dwi.nii.gz'), PosixPath('/data/parietal/store3/work/haggarwa/diffusion/data/WAND/sub-98335/ses-02/dwi/sub-98335_ses-02_acq-AxCaliber2_dir-AP_part-mag_dwi.nii.gz'), PosixPath('/data/parietal/store3/work/haggarwa/diffusion/data/WAND/sub-98335/ses-02/dwi/sub-98335_ses-02_acq-AxCaliber3_dir-AP_part-mag_dwi.nii.gz'), PosixPath('/data/parietal/store3/work/haggarwa/diffusion/data/WAND/sub-98335/ses-02/dwi/sub-98335_ses-02_acq-AxCaliber4_dir-AP_part-mag_dwi.nii.gz')][PosixPath('/data/parietal/store3/work/haggarwa/diffusion/data/WAND/sub-10839/ses-02/dwi/sub-10839_ses-02_acq-AxCaliber1_dir-AP_part-mag_dwi.nii.gz'), PosixPath('/data/parietal/store3/work/haggarwa/diffusion/data/WAND/sub-10839/ses-02/dwi/sub-10839_ses-02_acq-AxCaliber2_dir-AP_part-mag_dwi.nii.gz'), PosixPath('/data/parietal/store3/work/haggarwa/diffusion/data/WAND/sub-10839/ses-02/dwi/sub-10839_ses-02_acq-AxCaliber3_dir-AP_part-mag_dwi.nii.gz'), PosixPath('/data/parietal/store3/work/haggarwa/diffusion/data/WAND/sub-10839/ses-02/dwi/sub-10839_ses-02_acq-AxCaliber4_dir-AP_part-mag_dwi.nii.gz')]
Saved /data/parietal/store3/work/haggarwa/diffusion/data/WAND-concat/sub-10839/ses-02/dwi/sub-10839_ses-02_acq-AxCaliberConcat_dwi.nii.gz
Saved /data/parietal/store3/work/haggarwa/diffusion/data/WAND-concat/sub-10839/ses-02/dwi/sub-10839_ses-02_acq-AxCaliberConcat_dwi.bval
Saved /data/parietal/store3/work/haggarwa/diffusion/data/WAND-concat/sub-10839/ses-02/dwi/sub-10839_ses-02_acq-AxCaliberConcat_dwi.bvec
[]
[PosixPath('/data/parietal/store3/work/haggarwa/diffusion/data/WAND/sub-23992/ses-02/dwi/sub-23992_ses-02_acq-AxCaliber1_dir-AP_part-mag_dwi.nii.gz'), PosixPath('/data/parietal/store3/work/haggarwa/diffusion/data/WAND/sub-23992/ses-02/dwi/sub-23992_ses-02_acq-AxCaliber2_dir-AP_part-mag_dwi.nii.gz'), PosixPath('/data/parietal/store3/work/haggarwa/diffusion/data/WAND/sub-23992/ses-02/dwi/sub-23992_ses-02_acq-AxCaliber3_dir-AP_part-mag_dwi.nii.gz'), PosixPath('/data/parietal/store3/work/haggarwa/diffusion/data/WAND/sub-23992/ses-02/dwi/sub-23992_ses-02_acq-AxCaliber4_dir-AP_part-mag_dwi.nii.gz')]
Saved /data/parietal/store3/work/haggarwa/diffusion/data/WAND-concat/sub-23992/ses-02/dwi/sub-23992_ses-02_acq-AxCaliberConcat_dwi.nii.gz
Saved /data/parietal/store3/work/haggarwa/diffusion/data/WAND-concat/sub-23992/ses-02/dwi/sub-23992_ses-02_acq-AxCaliberConcat_dwi.bval
Saved /data/parietal/store3/work/haggarwa/diffusion/data/WAND-concat/sub-23992/ses-02/dwi/sub-23992_ses-02_acq-AxCaliberConcat_dwi.bvec
[PosixPath('/data/parietal/store3/work/haggarwa/diffusion/data/WAND/sub-39332/ses-02/dwi/sub-39332_ses-02_acq-AxCaliber1_dir-AP_part-mag_dwi.nii.gz'), PosixPath('/data/parietal/store3/work/haggarwa/diffusion/data/WAND/sub-39332/ses-02/dwi/sub-39332_ses-02_acq-AxCaliber2_dir-AP_part-mag_dwi.nii.gz'), PosixPath('/data/parietal/store3/work/haggarwa/diffusion/data/WAND/sub-39332/ses-02/dwi/sub-39332_ses-02_acq-AxCaliber3_dir-AP_part-mag_dwi.nii.gz'), PosixPath('/data/parietal/store3/work/haggarwa/diffusion/data/WAND/sub-39332/ses-02/dwi/sub-39332_ses-02_acq-AxCaliber4_dir-AP_part-mag_dwi.nii.gz')]
Saved /data/parietal/store3/work/haggarwa/diffusion/data/WAND-concat/sub-39332/ses-02/dwi/sub-39332_ses-02_acq-AxCaliberConcat_dwi.nii.gz
Saved /data/parietal/store3/work/haggarwa/diffusion/data/WAND-concat/sub-39332/ses-02/dwi/sub-39332_ses-02_acq-AxCaliberConcat_dwi.bval
Saved /data/parietal/store3/work/haggarwa/diffusion/data/WAND-concat/sub-39332/ses-02/dwi/sub-39332_ses-02_acq-AxCaliberConcat_dwi.bvec
[PosixPath('/data/parietal/store3/work/haggarwa/diffusion/data/WAND/sub-46263/ses-02/dwi/sub-46263_ses-02_acq-AxCaliber1_dir-AP_part-mag_dwi.nii.gz'), PosixPath('/data/parietal/store3/work/haggarwa/diffusion/data/WAND/sub-46263/ses-02/dwi/sub-46263_ses-02_acq-AxCaliber2_dir-AP_part-mag_dwi.nii.gz'), PosixPath('/data/parietal/store3/work/haggarwa/diffusion/data/WAND/sub-46263/ses-02/dwi/sub-46263_ses-02_acq-AxCaliber3_dir-AP_part-mag_dwi.nii.gz'), PosixPath('/data/parietal/store3/work/haggarwa/diffusion/data/WAND/sub-46263/ses-02/dwi/sub-46263_ses-02_acq-AxCaliber4_dir-AP_part-mag_dwi.nii.gz')]
Saved /data/parietal/store3/work/haggarwa/diffusion/data/WAND-concat/sub-46263/ses-02/dwi/sub-46263_ses-02_acq-AxCaliberConcat_dwi.nii.gz
Saved /data/parietal/store3/work/haggarwa/diffusion/data/WAND-concat/sub-46263/ses-02/dwi/sub-46263_ses-02_acq-AxCaliberConcat_dwi.bval
Saved /data/parietal/store3/work/haggarwa/diffusion/data/WAND-concat/sub-46263/ses-02/dwi/sub-46263_ses-02_acq-AxCaliberConcat_dwi.bvec
[PosixPath('/data/parietal/store3/work/haggarwa/diffusion/data/WAND/sub-61696/ses-02/dwi/sub-61696_ses-02_acq-AxCaliber1_dir-AP_part-mag_dwi.nii.gz'), PosixPath('/data/parietal/store3/work/haggarwa/diffusion/data/WAND/sub-61696/ses-02/dwi/sub-61696_ses-02_acq-AxCaliber2_dir-AP_part-mag_dwi.nii.gz'), PosixPath('/data/parietal/store3/work/haggarwa/diffusion/data/WAND/sub-61696/ses-02/dwi/sub-61696_ses-02_acq-AxCaliber3_dir-AP_part-mag_dwi.nii.gz'), PosixPath('/data/parietal/store3/work/haggarwa/diffusion/data/WAND/sub-61696/ses-02/dwi/sub-61696_ses-02_acq-AxCaliber4_dir-AP_part-mag_dwi.nii.gz')]
Saved /data/parietal/store3/work/haggarwa/diffusion/data/WAND-concat/sub-61696/ses-02/dwi/sub-61696_ses-02_acq-AxCaliberConcat_dwi.nii.gz
Saved /data/parietal/store3/work/haggarwa/diffusion/data/WAND-concat/sub-61696/ses-02/dwi/sub-61696_ses-02_acq-AxCaliberConcat_dwi.bval
Saved /data/parietal/store3/work/haggarwa/diffusion/data/WAND-concat/sub-61696/ses-02/dwi/sub-61696_ses-02_acq-AxCaliberConcat_dwi.bvec
[PosixPath('/data/parietal/store3/work/haggarwa/diffusion/data/WAND/sub-72753/ses-02/dwi/sub-72753_ses-02_acq-AxCaliber1_dir-AP_part-mag_dwi.nii.gz'), PosixPath('/data/parietal/store3/work/haggarwa/diffusion/data/WAND/sub-72753/ses-02/dwi/sub-72753_ses-02_acq-AxCaliber2_dir-AP_part-mag_dwi.nii.gz'), PosixPath('/data/parietal/store3/work/haggarwa/diffusion/data/WAND/sub-72753/ses-02/dwi/sub-72753_ses-02_acq-AxCaliber3_dir-AP_part-mag_dwi.nii.gz'), PosixPath('/data/parietal/store3/work/haggarwa/diffusion/data/WAND/sub-72753/ses-02/dwi/sub-72753_ses-02_acq-AxCaliber4_dir-AP_part-mag_dwi.nii.gz')]
Saved /data/parietal/store3/work/haggarwa/diffusion/data/WAND-concat/sub-72753/ses-02/dwi/sub-72753_ses-02_acq-AxCaliberConcat_dwi.nii.gz
Saved /data/parietal/store3/work/haggarwa/diffusion/data/WAND-concat/sub-72753/ses-02/dwi/sub-72753_ses-02_acq-AxCaliberConcat_dwi.bval
Saved /data/parietal/store3/work/haggarwa/diffusion/data/WAND-concat/sub-72753/ses-02/dwi/sub-72753_ses-02_acq-AxCaliberConcat_dwi.bvec
[PosixPath('/data/parietal/store3/work/haggarwa/diffusion/data/WAND/sub-84917/ses-02/dwi/sub-84917_ses-02_acq-AxCaliber1_dir-AP_part-mag_dwi.nii.gz'), PosixPath('/data/parietal/store3/work/haggarwa/diffusion/data/WAND/sub-84917/ses-02/dwi/sub-84917_ses-02_acq-AxCaliber2_dir-AP_part-mag_dwi.nii.gz'), PosixPath('/data/parietal/store3/work/haggarwa/diffusion/data/WAND/sub-84917/ses-02/dwi/sub-84917_ses-02_acq-AxCaliber3_dir-AP_part-mag_dwi.nii.gz'), PosixPath('/data/parietal/store3/work/haggarwa/diffusion/data/WAND/sub-84917/ses-02/dwi/sub-84917_ses-02_acq-AxCaliber4_dir-AP_part-mag_dwi.nii.gz')]
Saved /data/parietal/store3/work/haggarwa/diffusion/data/WAND-concat/sub-84917/ses-02/dwi/sub-84917_ses-02_acq-AxCaliberConcat_dwi.nii.gz
Saved /data/parietal/store3/work/haggarwa/diffusion/data/WAND-concat/sub-84917/ses-02/dwi/sub-84917_ses-02_acq-AxCaliberConcat_dwi.bval
Saved /data/parietal/store3/work/haggarwa/diffusion/data/WAND-concat/sub-84917/ses-02/dwi/sub-84917_ses-02_acq-AxCaliberConcat_dwi.bvec
[PosixPath('/data/parietal/store3/work/haggarwa/diffusion/data/WAND/sub-95488/ses-02/dwi/sub-95488_ses-02_acq-AxCaliber1_dir-AP_part-mag_dwi.nii.gz'), PosixPath('/data/parietal/store3/work/haggarwa/diffusion/data/WAND/sub-95488/ses-02/dwi/sub-95488_ses-02_acq-AxCaliber2_dir-AP_part-mag_dwi.nii.gz'), PosixPath('/data/parietal/store3/work/haggarwa/diffusion/data/WAND/sub-95488/ses-02/dwi/sub-95488_ses-02_acq-AxCaliber3_dir-AP_part-mag_dwi.nii.gz'), PosixPath('/data/parietal/store3/work/haggarwa/diffusion/data/WAND/sub-95488/ses-02/dwi/sub-95488_ses-02_acq-AxCaliber4_dir-AP_part-mag_dwi.nii.gz')]
[PosixPath('/data/parietal/store3/work/haggarwa/diffusion/data/WAND/sub-98476/ses-02/dwi/sub-98476_ses-02_acq-AxCaliber1_dir-AP_part-mag_dwi.nii.gz'), PosixPath('/data/parietal/store3/work/haggarwa/diffusion/data/WAND/sub-98476/ses-02/dwi/sub-98476_ses-02_acq-AxCaliber2_dir-AP_part-mag_dwi.nii.gz'), PosixPath('/data/parietal/store3/work/haggarwa/diffusion/data/WAND/sub-98476/ses-02/dwi/sub-98476_ses-02_acq-AxCaliber3_dir-AP_part-mag_dwi.nii.gz'), PosixPath('/data/parietal/store3/work/haggarwa/diffusion/data/WAND/sub-98476/ses-02/dwi/sub-98476_ses-02_acq-AxCaliber4_dir-AP_part-mag_dwi.nii.gz')]Saved /data/parietal/store3/work/haggarwa/diffusion/data/WAND-concat/sub-11220/ses-02/dwi/sub-11220_ses-02_acq-AxCaliberConcat_dwi.bval
Saved /data/parietal/store3/work/haggarwa/diffusion/data/WAND-concat/sub-11220/ses-02/dwi/sub-11220_ses-02_acq-AxCaliberConcat_dwi.bvec
[PosixPath('/data/parietal/store3/work/haggarwa/diffusion/data/WAND/sub-12653/ses-02/dwi/sub-12653_ses-02_acq-AxCaliber1_dir-AP_part-mag_dwi.nii.gz'), PosixPath('/data/parietal/store3/work/haggarwa/diffusion/data/WAND/sub-12653/ses-02/dwi/sub-12653_ses-02_acq-AxCaliber2_dir-AP_part-mag_dwi.nii.gz'), PosixPath('/data/parietal/store3/work/haggarwa/diffusion/data/WAND/sub-12653/ses-02/dwi/sub-12653_ses-02_acq-AxCaliber3_dir-AP_part-mag_dwi.nii.gz'), PosixPath('/data/parietal/store3/work/haggarwa/diffusion/data/WAND/sub-12653/ses-02/dwi/sub-12653_ses-02_acq-AxCaliber4_dir-AP_part-mag_dwi.nii.gz')]
Saved /data/parietal/store3/work/haggarwa/diffusion/data/WAND-concat/sub-12653/ses-02/dwi/sub-12653_ses-02_acq-AxCaliberConcat_dwi.nii.gz
Saved /data/parietal/store3/work/haggarwa/diffusion/data/WAND-concat/sub-12653/ses-02/dwi/sub-12653_ses-02_acq-AxCaliberConcat_dwi.bval
Saved /data/parietal/store3/work/haggarwa/diffusion/data/WAND-concat/sub-12653/ses-02/dwi/sub-12653_ses-02_acq-AxCaliberConcat_dwi.bvec
[PosixPath('/data/parietal/store3/work/haggarwa/diffusion/data/WAND/sub-24372/ses-02/dwi/sub-24372_ses-02_acq-AxCaliber1_dir-AP_part-mag_dwi.nii.gz'), PosixPath('/data/parietal/store3/work/haggarwa/diffusion/data/WAND/sub-24372/ses-02/dwi/sub-24372_ses-02_acq-AxCaliber2_dir-AP_part-mag_dwi.nii.gz'), PosixPath('/data/parietal/store3/work/haggarwa/diffusion/data/WAND/sub-24372/ses-02/dwi/sub-24372_ses-02_acq-AxCaliber3_dir-AP_part-mag_dwi.nii.gz'), PosixPath('/data/parietal/store3/work/haggarwa/diffusion/data/WAND/sub-24372/ses-02/dwi/sub-24372_ses-02_acq-AxCaliber4_dir-AP_part-mag_dwi.nii.gz')]
Saved /data/parietal/store3/work/haggarwa/diffusion/data/WAND-concat/sub-24372/ses-02/dwi/sub-24372_ses-02_acq-AxCaliberConcat_dwi.nii.gz
Saved /data/parietal/store3/work/haggarwa/diffusion/data/WAND-concat/sub-24372/ses-02/dwi/sub-24372_ses-02_acq-AxCaliberConcat_dwi.bval
Saved /data/parietal/store3/work/haggarwa/diffusion/data/WAND-concat/sub-24372/ses-02/dwi/sub-24372_ses-02_acq-AxCaliberConcat_dwi.bvec
[PosixPath('/data/parietal/store3/work/haggarwa/diffusion/data/WAND/sub-39546/ses-02/dwi/sub-39546_ses-02_acq-AxCaliber1_dir-AP_part-mag_dwi.nii.gz'), PosixPath('/data/parietal/store3/work/haggarwa/diffusion/data/WAND/sub-39546/ses-02/dwi/sub-39546_ses-02_acq-AxCaliber2_dir-AP_part-mag_dwi.nii.gz'), PosixPath('/data/parietal/store3/work/haggarwa/diffusion/data/WAND/sub-39546/ses-02/dwi/sub-39546_ses-02_acq-AxCaliber3_dir-AP_part-mag_dwi.nii.gz'), PosixPath('/data/parietal/store3/work/haggarwa/diffusion/data/WAND/sub-39546/ses-02/dwi/sub-39546_ses-02_acq-AxCaliber4_dir-AP_part-mag_dwi.nii.gz')]
Saved /data/parietal/store3/work/haggarwa/diffusion/data/WAND-concat/sub-39546/ses-02/dwi/sub-39546_ses-02_acq-AxCaliberConcat_dwi.nii.gz
Saved /data/parietal/store3/work/haggarwa/diffusion/data/WAND-concat/sub-39546/ses-02/dwi/sub-39546_ses-02_acq-AxCaliberConcat_dwi.bval
Saved /data/parietal/store3/work/haggarwa/diffusion/data/WAND-concat/sub-39546/ses-02/dwi/sub-39546_ses-02_acq-AxCaliberConcat_dwi.bvec
[PosixPath('/data/parietal/store3/work/haggarwa/diffusion/data/WAND/sub-51896/ses-02/dwi/sub-51896_ses-02_acq-AxCaliber1_dir-AP_part-mag_dwi.nii.gz'), PosixPath('/data/parietal/store3/work/haggarwa/diffusion/data/WAND/sub-51896/ses-02/dwi/sub-51896_ses-02_acq-AxCaliber2_dir-AP_part-mag_dwi.nii.gz'), PosixPath('/data/parietal/store3/work/haggarwa/diffusion/data/WAND/sub-51896/ses-02/dwi/sub-51896_ses-02_acq-AxCaliber3_dir-AP_part-mag_dwi.nii.gz'), PosixPath('/data/parietal/store3/work/haggarwa/diffusion/data/WAND/sub-51896/ses-02/dwi/sub-51896_ses-02_acq-AxCaliber4_dir-AP_part-mag_dwi.nii.gz')]
Saved /data/parietal/store3/work/haggarwa/diffusion/data/WAND-concat/sub-51896/ses-02/dwi/sub-51896_ses-02_acq-AxCaliberConcat_dwi.nii.gz
Saved /data/parietal/store3/work/haggarwa/diffusion/data/WAND-concat/sub-51896/ses-02/dwi/sub-51896_ses-02_acq-AxCaliberConcat_dwi.bval
Saved /data/parietal/store3/work/haggarwa/diffusion/data/WAND-concat/sub-51896/ses-02/dwi/sub-51896_ses-02_acq-AxCaliberConcat_dwi.bvec
[PosixPath('/data/parietal/store3/work/haggarwa/diffusion/data/WAND/sub-65969/ses-02/dwi/sub-65969_ses-02_acq-AxCaliber1_dir-AP_part-mag_dwi.nii.gz'), PosixPath('/data/parietal/store3/work/haggarwa/diffusion/data/WAND/sub-65969/ses-02/dwi/sub-65969_ses-02_acq-AxCaliber2_dir-AP_part-mag_dwi.nii.gz'), PosixPath('/data/parietal/store3/work/haggarwa/diffusion/data/WAND/sub-65969/ses-02/dwi/sub-65969_ses-02_acq-AxCaliber3_dir-AP_part-mag_dwi.nii.gz'), PosixPath('/data/parietal/store3/work/haggarwa/diffusion/data/WAND/sub-65969/ses-02/dwi/sub-65969_ses-02_acq-AxCaliber4_dir-AP_part-mag_dwi.nii.gz')]
Saved /data/parietal/store3/work/haggarwa/diffusion/data/WAND-concat/sub-65969/ses-02/dwi/sub-65969_ses-02_acq-AxCaliberConcat_dwi.nii.gz
Saved /data/parietal/store3/work/haggarwa/diffusion/data/WAND-concat/sub-65969/ses-02/dwi/sub-65969_ses-02_acq-AxCaliberConcat_dwi.bval
Saved /data/parietal/store3/work/haggarwa/diffusion/data/WAND-concat/sub-65969/ses-02/dwi/sub-65969_ses-02_acq-AxCaliberConcat_dwi.bvec
[PosixPath('/data/parietal/store3/work/haggarwa/diffusion/data/WAND/sub-75056/ses-02/dwi/sub-75056_ses-02_acq-AxCaliber1_dir-AP_part-mag_dwi.nii.gz'), PosixPath('/data/parietal/store3/work/haggarwa/diffusion/data/WAND/sub-75056/ses-02/dwi/sub-75056_ses-02_acq-AxCaliber2_dir-AP_part-mag_dwi.nii.gz'), PosixPath('/data/parietal/store3/work/haggarwa/diffusion/data/WAND/sub-75056/ses-02/dwi/sub-75056_ses-02_acq-AxCaliber3_dir-AP_part-mag_dwi.nii.gz'), PosixPath('/data/parietal/store3/work/haggarwa/diffusion/data/WAND/sub-75056/ses-02/dwi/sub-75056_ses-02_acq-AxCaliber4_dir-AP_part-mag_dwi.nii.gz')]
Saved /data/parietal/store3/work/haggarwa/diffusion/data/WAND-concat/sub-75056/ses-02/dwi/sub-75056_ses-02_acq-AxCaliberConcat_dwi.nii.gz
Saved /data/parietal/store3/work/haggarwa/diffusion/data/WAND-concat/sub-75056/ses-02/dwi/sub-75056_ses-02_acq-AxCaliberConcat_dwi.bval
Saved /data/parietal/store3/work/haggarwa/diffusion/data/WAND-concat/sub-75056/ses-02/dwi/sub-75056_ses-02_acq-AxCaliberConcat_dwi.bvec
[PosixPath('/data/parietal/store3/work/haggarwa/diffusion/data/WAND/sub-86493/ses-02/dwi/sub-86493_ses-02_acq-AxCaliber1_dir-AP_part-mag_dwi.nii.gz'), PosixPath('/data/parietal/store3/work/haggarwa/diffusion/data/WAND/sub-86493/ses-02/dwi/sub-86493_ses-02_acq-AxCaliber2_dir-AP_part-mag_dwi.nii.gz'), PosixPath('/data/parietal/store3/work/haggarwa/diffusion/data/WAND/sub-86493/ses-02/dwi/sub-86493_ses-02_acq-AxCaliber3_dir-AP_part-mag_dwi.nii.gz'), PosixPath('/data/parietal/store3/work/haggarwa/diffusion/data/WAND/sub-86493/ses-02/dwi/sub-86493_ses-02_acq-AxCaliber4_dir-AP_part-mag_dwi.nii.gz')]
Saved /data/parietal/store3/work/haggarwa/diffusion/data/WAND-concat/sub-86493/ses-02/dwi/sub-86493_ses-02_acq-AxCaliberConcat_dwi.nii.gz
Saved /data/parietal/store3/work/haggarwa/diffusion/data/WAND-concat/sub-86493/ses-02/dwi/sub-86493_ses-02_acq-AxCaliberConcat_dwi.bval
Saved /data/parietal/store3/work/haggarwa/diffusion/data/WAND-concat/sub-86493/ses-02/dwi/sub-86493_ses-02_acq-AxCaliberConcat_dwi.bvec
[PosixPath('/data/parietal/store3/work/haggarwa/diffusion/data/WAND/sub-95988/ses-02/dwi/sub-95988_ses-02_acq-AxCaliber1_dir-AP_part-mag_dwi.nii.gz'), PosixPath('/data/parietal/store3/work/haggarwa/diffusion/data/WAND/sub-95988/ses-02/dwi/sub-95988_ses-02_acq-AxCaliber2_dir-AP_part-mag_dwi.nii.gz'), PosixPath('/data/parietal/store3/work/haggarwa/diffusion/data/WAND/sub-95988/ses-02/dwi/sub-95988_ses-02_acq-AxCaliber3_dir-AP_part-mag_dwi.nii.gz'), PosixPath('/data/parietal/store3/work/haggarwa/diffusion/data/WAND/sub-95988/ses-02/dwi/sub-95988_ses-02_acq-AxCaliber4_dir-AP_part-mag_dwi.nii.gz')]
[PosixPath('/data/parietal/store3/work/haggarwa/diffusion/data/WAND/sub-99501/ses-02/dwi/sub-99501_ses-02_acq-AxCaliber1_dir-AP_part-mag_dwi.nii.gz'), PosixPath('/data/parietal/store3/work/haggarwa/diffusion/data/WAND/sub-99501/ses-02/dwi/sub-99501_ses-02_acq-AxCaliber2_dir-AP_part-mag_dwi.nii.gz'), PosixPath('/data/parietal/store3/work/haggarwa/diffusion/data/WAND/sub-99501/ses-02/dwi/sub-99501_ses-02_acq-AxCaliber3_dir-AP_part-mag_dwi.nii.gz'), PosixPath('/data/parietal/store3/work/haggarwa/diffusion/data/WAND/sub-99501/ses-02/dwi/sub-99501_ses-02_acq-AxCaliber4_dir-AP_part-mag_dwi.nii.gz')]
===== FAILED SUBJECTS =====

Subject sub-14936 failed with error:
  Cannot concatenate empty objects

Traceback:
Traceback (most recent call last):
  File "/data/parietal/store3/work/haggarwa/miniconda3/envs/dwiprep/lib/python3.13/site-packages/nilearn/image/image.py", line 1545, in concat_imgs
    first_niimg = check_niimg(next(literator), ensure_ndim=ndim)
                              ~~~~^^^^^^^^^^^
StopIteration

During handling of the above exception, another exception occurred:

Traceback (most recent call last):
  File "/storage/store3/work/haggarwa/diffusion/diffusion-preprocessing/.deprecated/scripts/concat_all_subs.py", line 23, in safe_concat_files
    concat_files(out_dir, sub_dir)
    ~~~~~~~~~~~~^^^^^^^^^^^^^^^^^^
  File "/storage/store3/work/haggarwa/diffusion/diffusion-preprocessing/.deprecated/scripts/concat_all_subs.py", line 65, in concat_files
    concatenated_dwi = concat_imgs(dwi_files)
  File "/data/parietal/store3/work/haggarwa/miniconda3/envs/dwiprep/lib/python3.13/site-packages/nilearn/image/image.py", line 1547, in concat_imgs
    raise TypeError("Cannot concatenate empty objects")
TypeError: Cannot concatenate empty objects


Subject sub-23634 failed with error:
  Cannot concatenate empty objects

Traceback:
Traceback (most recent call last):
  File "/data/parietal/store3/work/haggarwa/miniconda3/envs/dwiprep/lib/python3.13/site-packages/nilearn/image/image.py", line 1545, in concat_imgs
    first_niimg = check_niimg(next(literator), ensure_ndim=ndim)
                              ~~~~^^^^^^^^^^^
StopIteration

During handling of the above exception, another exception occurred:

Traceback (most recent call last):
  File "/storage/store3/work/haggarwa/diffusion/diffusion-preprocessing/.deprecated/scripts/concat_all_subs.py", line 23, in safe_concat_files
    concat_files(out_dir, sub_dir)
    ~~~~~~~~~~~~^^^^^^^^^^^^^^^^^^
  File "/storage/store3/work/haggarwa/diffusion/diffusion-preprocessing/.deprecated/scripts/concat_all_subs.py", line 65, in concat_files
    concatenated_dwi = concat_imgs(dwi_files)
  File "/data/parietal/store3/work/haggarwa/miniconda3/envs/dwiprep/lib/python3.13/site-packages/nilearn/image/image.py", line 1547, in concat_imgs
    raise TypeError("Cannot concatenate empty objects")
TypeError: Cannot concatenate empty objects


Subject sub-25086 failed with error:
  Cannot concatenate empty objects

Traceback:
Traceback (most recent call last):
  File "/data/parietal/store3/work/haggarwa/miniconda3/envs/dwiprep/lib/python3.13/site-packages/nilearn/image/image.py", line 1545, in concat_imgs
    first_niimg = check_niimg(next(literator), ensure_ndim=ndim)
                              ~~~~^^^^^^^^^^^
StopIteration

During handling of the above exception, another exception occurred:

Traceback (most recent call last):
  File "/storage/store3/work/haggarwa/diffusion/diffusion-preprocessing/.deprecated/scripts/concat_all_subs.py", line 23, in safe_concat_files
    concat_files(out_dir, sub_dir)
    ~~~~~~~~~~~~^^^^^^^^^^^^^^^^^^
  File "/storage/store3/work/haggarwa/diffusion/diffusion-preprocessing/.deprecated/scripts/concat_all_subs.py", line 65, in concat_files
    concatenated_dwi = concat_imgs(dwi_files)
  File "/data/parietal/store3/work/haggarwa/miniconda3/envs/dwiprep/lib/python3.13/site-packages/nilearn/image/image.py", line 1547, in concat_imgs
    raise TypeError("Cannot concatenate empty objects")
TypeError: Cannot concatenate empty objects


Subject sub-47050 failed with error:
  Cannot concatenate empty objects

Traceback:
Traceback (most recent call last):
  File "/data/parietal/store3/work/haggarwa/miniconda3/envs/dwiprep/lib/python3.13/site-packages/nilearn/image/image.py", line 1545, in concat_imgs
    first_niimg = check_niimg(next(literator), ensure_ndim=ndim)
                              ~~~~^^^^^^^^^^^
StopIteration

During handling of the above exception, another exception occurred:

Traceback (most recent call last):
  File "/storage/store3/work/haggarwa/diffusion/diffusion-preprocessing/.deprecated/scripts/concat_all_subs.py", line 23, in safe_concat_files
    concat_files(out_dir, sub_dir)
    ~~~~~~~~~~~~^^^^^^^^^^^^^^^^^^
  File "/storage/store3/work/haggarwa/diffusion/diffusion-preprocessing/.deprecated/scripts/concat_all_subs.py", line 65, in concat_files
    concatenated_dwi = concat_imgs(dwi_files)
  File "/data/parietal/store3/work/haggarwa/miniconda3/envs/dwiprep/lib/python3.13/site-packages/nilearn/image/image.py", line 1547, in concat_imgs
    raise TypeError("Cannot concatenate empty objects")
TypeError: Cannot concatenate empty objects


Subject sub-63392 failed with error:
  Cannot concatenate empty objects

Traceback:
Traceback (most recent call last):
  File "/data/parietal/store3/work/haggarwa/miniconda3/envs/dwiprep/lib/python3.13/site-packages/nilearn/image/image.py", line 1545, in concat_imgs
    first_niimg = check_niimg(next(literator), ensure_ndim=ndim)
                              ~~~~^^^^^^^^^^^
StopIteration

During handling of the above exception, another exception occurred:

Traceback (most recent call last):
  File "/storage/store3/work/haggarwa/diffusion/diffusion-preprocessing/.deprecated/scripts/concat_all_subs.py", line 23, in safe_concat_files
    concat_files(out_dir, sub_dir)
    ~~~~~~~~~~~~^^^^^^^^^^^^^^^^^^
  File "/storage/store3/work/haggarwa/diffusion/diffusion-preprocessing/.deprecated/scripts/concat_all_subs.py", line 65, in concat_files
    concatenated_dwi = concat_imgs(dwi_files)
  File "/data/parietal/store3/work/haggarwa/miniconda3/envs/dwiprep/lib/python3.13/site-packages/nilearn/image/image.py", line 1547, in concat_imgs
    raise TypeError("Cannot concatenate empty objects")
TypeError: Cannot concatenate empty objects


Subject sub-64812 failed with error:
  Cannot concatenate empty objects

Traceback:
Traceback (most recent call last):
  File "/data/parietal/store3/work/haggarwa/miniconda3/envs/dwiprep/lib/python3.13/site-packages/nilearn/image/image.py", line 1545, in concat_imgs
    first_niimg = check_niimg(next(literator), ensure_ndim=ndim)
                              ~~~~^^^^^^^^^^^
StopIteration

During handling of the above exception, another exception occurred:

Traceback (most recent call last):
  File "/storage/store3/work/haggarwa/diffusion/diffusion-preprocessing/.deprecated/scripts/concat_all_subs.py", line 23, in safe_concat_files
    concat_files(out_dir, sub_dir)
    ~~~~~~~~~~~~^^^^^^^^^^^^^^^^^^
  File "/storage/store3/work/haggarwa/diffusion/diffusion-preprocessing/.deprecated/scripts/concat_all_subs.py", line 65, in concat_files
    concatenated_dwi = concat_imgs(dwi_files)
  File "/data/parietal/store3/work/haggarwa/miniconda3/envs/dwiprep/lib/python3.13/site-packages/nilearn/image/image.py", line 1547, in concat_imgs
    raise TypeError("Cannot concatenate empty objects")
TypeError: Cannot concatenate empty objects


Subject sub-64907 failed with error:
  Cannot concatenate empty objects

Traceback:
Traceback (most recent call last):
  File "/data/parietal/store3/work/haggarwa/miniconda3/envs/dwiprep/lib/python3.13/site-packages/nilearn/image/image.py", line 1545, in concat_imgs
    first_niimg = check_niimg(next(literator), ensure_ndim=ndim)
                              ~~~~^^^^^^^^^^^
StopIteration

During handling of the above exception, another exception occurred:

Traceback (most recent call last):
  File "/storage/store3/work/haggarwa/diffusion/diffusion-preprocessing/.deprecated/scripts/concat_all_subs.py", line 23, in safe_concat_files
    concat_files(out_dir, sub_dir)
    ~~~~~~~~~~~~^^^^^^^^^^^^^^^^^^
  File "/storage/store3/work/haggarwa/diffusion/diffusion-preprocessing/.deprecated/scripts/concat_all_subs.py", line 65, in concat_files
    concatenated_dwi = concat_imgs(dwi_files)
  File "/data/parietal/store3/work/haggarwa/miniconda3/envs/dwiprep/lib/python3.13/site-packages/nilearn/image/image.py", line 1547, in concat_imgs
    raise TypeError("Cannot concatenate empty objects")
TypeError: Cannot concatenate empty objects


Subject sub-69881 failed with error:
  Cannot concatenate empty objects

Traceback:
Traceback (most recent call last):
  File "/data/parietal/store3/work/haggarwa/miniconda3/envs/dwiprep/lib/python3.13/site-packages/nilearn/image/image.py", line 1545, in concat_imgs
    first_niimg = check_niimg(next(literator), ensure_ndim=ndim)
                              ~~~~^^^^^^^^^^^
StopIteration

During handling of the above exception, another exception occurred:

Traceback (most recent call last):
  File "/storage/store3/work/haggarwa/diffusion/diffusion-preprocessing/.deprecated/scripts/concat_all_subs.py", line 23, in safe_concat_files
    concat_files(out_dir, sub_dir)
    ~~~~~~~~~~~~^^^^^^^^^^^^^^^^^^
  File "/storage/store3/work/haggarwa/diffusion/diffusion-preprocessing/.deprecated/scripts/concat_all_subs.py", line 65, in concat_files
    concatenated_dwi = concat_imgs(dwi_files)
  File "/data/parietal/store3/work/haggarwa/miniconda3/envs/dwiprep/lib/python3.13/site-packages/nilearn/image/image.py", line 1547, in concat_imgs
    raise TypeError("Cannot concatenate empty objects")
TypeError: Cannot concatenate empty objects


Subject sub-74182 failed with error:
  File /data/parietal/store3/work/haggarwa/diffusion/data/WAND/sub-74182/ses-02/dwi/sub-74182_ses-02_acq-AxCaliber1_dir-AP_part-mag_dwi.nii.gz is not a gzip file

Traceback:
Traceback (most recent call last):
  File "/storage/store3/work/haggarwa/diffusion/diffusion-preprocessing/.deprecated/scripts/concat_all_subs.py", line 23, in safe_concat_files
    concat_files(out_dir, sub_dir)
    ~~~~~~~~~~~~^^^^^^^^^^^^^^^^^^
  File "/storage/store3/work/haggarwa/diffusion/diffusion-preprocessing/.deprecated/scripts/concat_all_subs.py", line 65, in concat_files
    concatenated_dwi = concat_imgs(dwi_files)
  File "/data/parietal/store3/work/haggarwa/miniconda3/envs/dwiprep/lib/python3.13/site-packages/nilearn/image/image.py", line 1545, in concat_imgs
    first_niimg = check_niimg(next(literator), ensure_ndim=ndim)
  File "/data/parietal/store3/work/haggarwa/miniconda3/envs/dwiprep/lib/python3.13/site-packages/nilearn/_utils/niimg_conversions.py", line 317, in check_niimg
    niimg = load_niimg(niimg, dtype=dtype)
  File "/data/parietal/store3/work/haggarwa/miniconda3/envs/dwiprep/lib/python3.13/site-packages/nilearn/_utils/niimg.py", line 124, in load_niimg
    niimg = load(niimg)
  File "/data/parietal/store3/work/haggarwa/miniconda3/envs/dwiprep/lib/python3.13/site-packages/nibabel/loadsave.py", line 116, in load
    raise ImageFileError(msg)
nibabel.filebasedimages.ImageFileError: File /data/parietal/store3/work/haggarwa/diffusion/data/WAND/sub-74182/ses-02/dwi/sub-74182_ses-02_acq-AxCaliber1_dir-AP_part-mag_dwi.nii.gz is not a gzip file


Subject sub-74193 failed with error:
  Field of view of image #1 is different from reference FOV.
Reference affine:
array([[-1.99923885e+00, -2.20756399e-10,  5.51709123e-02,
         1.05634773e+02],
       [-1.55801922e-02,  1.91859424e+00, -5.64582348e-01,
        -7.17892456e+01],
       [ 5.29252999e-02,  5.64797282e-01,  1.91786408e+00,
        -1.09594360e+02],
       [ 0.00000000e+00,  0.00000000e+00,  0.00000000e+00,
         1.00000000e+00]])
Image affine:
array([[-1.99923885e+00,  8.27870821e-08,  5.51709123e-02,
         1.05634727e+02],
       [-8.53868108e-03,  1.97590125e+00, -3.09420764e-01,
        -8.35634766e+01],
       [ 5.45061529e-02,  3.09538573e-01,  1.97514927e+00,
        -9.77590179e+01],
       [ 0.00000000e+00,  0.00000000e+00,  0.00000000e+00,
         1.00000000e+00]])
Reference shape:
(110, 110, 66)
Image shape:
(110, 110, 66, 66)


Traceback:
Traceback (most recent call last):
  File "/storage/store3/work/haggarwa/diffusion/diffusion-preprocessing/.deprecated/scripts/concat_all_subs.py", line 23, in safe_concat_files
    concat_files(out_dir, sub_dir)
    ~~~~~~~~~~~~^^^^^^^^^^^^^^^^^^
  File "/storage/store3/work/haggarwa/diffusion/diffusion-preprocessing/.deprecated/scripts/concat_all_subs.py", line 65, in concat_files
    concatenated_dwi = concat_imgs(dwi_files)
  File "/data/parietal/store3/work/haggarwa/miniconda3/envs/dwiprep/lib/python3.13/site-packages/nilearn/image/image.py", line 1580, in concat_imgs
    for index, (size, niimg) in enumerate(
                                ~~~~~~~~~^
        zip(
        ^^^^
    ...<8 lines>...
        )
        ^
    ):
    ^
  File "/data/parietal/store3/work/haggarwa/miniconda3/envs/dwiprep/lib/python3.13/site-packages/nilearn/_utils/niimg_conversions.py", line 159, in iter_check_niimg
    raise ValueError(
    ...<6 lines>...
    )
ValueError: Field of view of image #1 is different from reference FOV.
Reference affine:
array([[-1.99923885e+00, -2.20756399e-10,  5.51709123e-02,
         1.05634773e+02],
       [-1.55801922e-02,  1.91859424e+00, -5.64582348e-01,
        -7.17892456e+01],
       [ 5.29252999e-02,  5.64797282e-01,  1.91786408e+00,
        -1.09594360e+02],
       [ 0.00000000e+00,  0.00000000e+00,  0.00000000e+00,
         1.00000000e+00]])
Image affine:
array([[-1.99923885e+00,  8.27870821e-08,  5.51709123e-02,
         1.05634727e+02],
       [-8.53868108e-03,  1.97590125e+00, -3.09420764e-01,
        -8.35634766e+01],
       [ 5.45061529e-02,  3.09538573e-01,  1.97514927e+00,
        -9.77590179e+01],
       [ 0.00000000e+00,  0.00000000e+00,  0.00000000e+00,
         1.00000000e+00]])
Reference shape:
(110, 110, 66)
Image shape:
(110, 110, 66, 66)



Subject sub-77780 failed with error:
  Cannot concatenate empty objects

Traceback:
Traceback (most recent call last):
  File "/data/parietal/store3/work/haggarwa/miniconda3/envs/dwiprep/lib/python3.13/site-packages/nilearn/image/image.py", line 1545, in concat_imgs
    first_niimg = check_niimg(next(literator), ensure_ndim=ndim)
                              ~~~~^^^^^^^^^^^
StopIteration

During handling of the above exception, another exception occurred:

Traceback (most recent call last):
  File "/storage/store3/work/haggarwa/diffusion/diffusion-preprocessing/.deprecated/scripts/concat_all_subs.py", line 23, in safe_concat_files
    concat_files(out_dir, sub_dir)
    ~~~~~~~~~~~~^^^^^^^^^^^^^^^^^^
  File "/storage/store3/work/haggarwa/diffusion/diffusion-preprocessing/.deprecated/scripts/concat_all_subs.py", line 65, in concat_files
    concatenated_dwi = concat_imgs(dwi_files)
  File "/data/parietal/store3/work/haggarwa/miniconda3/envs/dwiprep/lib/python3.13/site-packages/nilearn/image/image.py", line 1547, in concat_imgs
    raise TypeError("Cannot concatenate empty objects")
TypeError: Cannot concatenate empty objects


Subject sub-81668 failed with error:
  File /data/parietal/store3/work/haggarwa/diffusion/data/WAND/sub-81668/ses-02/dwi/sub-81668_ses-02_acq-AxCaliber1_dir-AP_part-mag_dwi.nii.gz is not a gzip file

Traceback:
Traceback (most recent call last):
  File "/storage/store3/work/haggarwa/diffusion/diffusion-preprocessing/.deprecated/scripts/concat_all_subs.py", line 23, in safe_concat_files
    concat_files(out_dir, sub_dir)
    ~~~~~~~~~~~~^^^^^^^^^^^^^^^^^^
  File "/storage/store3/work/haggarwa/diffusion/diffusion-preprocessing/.deprecated/scripts/concat_all_subs.py", line 65, in concat_files
    concatenated_dwi = concat_imgs(dwi_files)
  File "/data/parietal/store3/work/haggarwa/miniconda3/envs/dwiprep/lib/python3.13/site-packages/nilearn/image/image.py", line 1545, in concat_imgs
    first_niimg = check_niimg(next(literator), ensure_ndim=ndim)
  File "/data/parietal/store3/work/haggarwa/miniconda3/envs/dwiprep/lib/python3.13/site-packages/nilearn/_utils/niimg_conversions.py", line 317, in check_niimg
    niimg = load_niimg(niimg, dtype=dtype)
  File "/data/parietal/store3/work/haggarwa/miniconda3/envs/dwiprep/lib/python3.13/site-packages/nilearn/_utils/niimg.py", line 124, in load_niimg
    niimg = load(niimg)
  File "/data/parietal/store3/work/haggarwa/miniconda3/envs/dwiprep/lib/python3.13/site-packages/nibabel/loadsave.py", line 116, in load
    raise ImageFileError(msg)
nibabel.filebasedimages.ImageFileError: File /data/parietal/store3/work/haggarwa/diffusion/data/WAND/sub-81668/ses-02/dwi/sub-81668_ses-02_acq-AxCaliber1_dir-AP_part-mag_dwi.nii.gz is not a gzip file


Subject sub-87732 failed with error:
  File /data/parietal/store3/work/haggarwa/diffusion/data/WAND/sub-87732/ses-02/dwi/sub-87732_ses-02_acq-AxCaliber1_dir-AP_part-mag_dwi.nii.gz is not a gzip file

Traceback:
Traceback (most recent call last):
  File "/storage/store3/work/haggarwa/diffusion/diffusion-preprocessing/.deprecated/scripts/concat_all_subs.py", line 23, in safe_concat_files
    concat_files(out_dir, sub_dir)
    ~~~~~~~~~~~~^^^^^^^^^^^^^^^^^^
  File "/storage/store3/work/haggarwa/diffusion/diffusion-preprocessing/.deprecated/scripts/concat_all_subs.py", line 65, in concat_files
    concatenated_dwi = concat_imgs(dwi_files)
  File "/data/parietal/store3/work/haggarwa/miniconda3/envs/dwiprep/lib/python3.13/site-packages/nilearn/image/image.py", line 1545, in concat_imgs
    first_niimg = check_niimg(next(literator), ensure_ndim=ndim)
  File "/data/parietal/store3/work/haggarwa/miniconda3/envs/dwiprep/lib/python3.13/site-packages/nilearn/_utils/niimg_conversions.py", line 317, in check_niimg
    niimg = load_niimg(niimg, dtype=dtype)
  File "/data/parietal/store3/work/haggarwa/miniconda3/envs/dwiprep/lib/python3.13/site-packages/nilearn/_utils/niimg.py", line 124, in load_niimg
    niimg = load(niimg)
  File "/data/parietal/store3/work/haggarwa/miniconda3/envs/dwiprep/lib/python3.13/site-packages/nibabel/loadsave.py", line 116, in load
    raise ImageFileError(msg)
nibabel.filebasedimages.ImageFileError: File /data/parietal/store3/work/haggarwa/diffusion/data/WAND/sub-87732/ses-02/dwi/sub-87732_ses-02_acq-AxCaliber1_dir-AP_part-mag_dwi.nii.gz is not a gzip file


Subject sub-92635 failed with error:
  File /data/parietal/store3/work/haggarwa/diffusion/data/WAND/sub-92635/ses-02/dwi/sub-92635_ses-02_acq-AxCaliber2_dir-AP_part-mag_dwi.nii.gz is not a gzip file

Traceback:
Traceback (most recent call last):
  File "/storage/store3/work/haggarwa/diffusion/diffusion-preprocessing/.deprecated/scripts/concat_all_subs.py", line 23, in safe_concat_files
    concat_files(out_dir, sub_dir)
    ~~~~~~~~~~~~^^^^^^^^^^^^^^^^^^
  File "/storage/store3/work/haggarwa/diffusion/diffusion-preprocessing/.deprecated/scripts/concat_all_subs.py", line 65, in concat_files
    concatenated_dwi = concat_imgs(dwi_files)
  File "/data/parietal/store3/work/haggarwa/miniconda3/envs/dwiprep/lib/python3.13/site-packages/nilearn/image/image.py", line 1568, in concat_imgs
    niimg = check_niimg(niimg, ensure_ndim=ndim)
  File "/data/parietal/store3/work/haggarwa/miniconda3/envs/dwiprep/lib/python3.13/site-packages/nilearn/_utils/niimg_conversions.py", line 317, in check_niimg
    niimg = load_niimg(niimg, dtype=dtype)
  File "/data/parietal/store3/work/haggarwa/miniconda3/envs/dwiprep/lib/python3.13/site-packages/nilearn/_utils/niimg.py", line 124, in load_niimg
    niimg = load(niimg)
  File "/data/parietal/store3/work/haggarwa/miniconda3/envs/dwiprep/lib/python3.13/site-packages/nibabel/loadsave.py", line 116, in load
    raise ImageFileError(msg)
nibabel.filebasedimages.ImageFileError: File /data/parietal/store3/work/haggarwa/diffusion/data/WAND/sub-92635/ses-02/dwi/sub-92635_ses-02_acq-AxCaliber2_dir-AP_part-mag_dwi.nii.gz is not a gzip file


Subject sub-93112 failed with error:
  File /data/parietal/store3/work/haggarwa/diffusion/data/WAND/sub-93112/ses-02/dwi/sub-93112_ses-02_acq-AxCaliber4_dir-AP_part-mag_dwi.nii.gz is not a gzip file

Traceback:
Traceback (most recent call last):
  File "/storage/store3/work/haggarwa/diffusion/diffusion-preprocessing/.deprecated/scripts/concat_all_subs.py", line 23, in safe_concat_files
    concat_files(out_dir, sub_dir)
    ~~~~~~~~~~~~^^^^^^^^^^^^^^^^^^
  File "/storage/store3/work/haggarwa/diffusion/diffusion-preprocessing/.deprecated/scripts/concat_all_subs.py", line 65, in concat_files
    concatenated_dwi = concat_imgs(dwi_files)
  File "/data/parietal/store3/work/haggarwa/miniconda3/envs/dwiprep/lib/python3.13/site-packages/nilearn/image/image.py", line 1568, in concat_imgs
    niimg = check_niimg(niimg, ensure_ndim=ndim)
  File "/data/parietal/store3/work/haggarwa/miniconda3/envs/dwiprep/lib/python3.13/site-packages/nilearn/_utils/niimg_conversions.py", line 317, in check_niimg
    niimg = load_niimg(niimg, dtype=dtype)
  File "/data/parietal/store3/work/haggarwa/miniconda3/envs/dwiprep/lib/python3.13/site-packages/nilearn/_utils/niimg.py", line 124, in load_niimg
    niimg = load(niimg)
  File "/data/parietal/store3/work/haggarwa/miniconda3/envs/dwiprep/lib/python3.13/site-packages/nibabel/loadsave.py", line 116, in load
    raise ImageFileError(msg)
nibabel.filebasedimages.ImageFileError: File /data/parietal/store3/work/haggarwa/diffusion/data/WAND/sub-93112/ses-02/dwi/sub-93112_ses-02_acq-AxCaliber4_dir-AP_part-mag_dwi.nii.gz is not a gzip file


Subject sub-95017 failed with error:
  File /data/parietal/store3/work/haggarwa/diffusion/data/WAND/sub-95017/ses-02/dwi/sub-95017_ses-02_acq-AxCaliber4_dir-AP_part-mag_dwi.nii.gz is not a gzip file

Traceback:
Traceback (most recent call last):
  File "/storage/store3/work/haggarwa/diffusion/diffusion-preprocessing/.deprecated/scripts/concat_all_subs.py", line 23, in safe_concat_files
    concat_files(out_dir, sub_dir)
    ~~~~~~~~~~~~^^^^^^^^^^^^^^^^^^
  File "/storage/store3/work/haggarwa/diffusion/diffusion-preprocessing/.deprecated/scripts/concat_all_subs.py", line 65, in concat_files
    concatenated_dwi = concat_imgs(dwi_files)
  File "/data/parietal/store3/work/haggarwa/miniconda3/envs/dwiprep/lib/python3.13/site-packages/nilearn/image/image.py", line 1568, in concat_imgs
    niimg = check_niimg(niimg, ensure_ndim=ndim)
  File "/data/parietal/store3/work/haggarwa/miniconda3/envs/dwiprep/lib/python3.13/site-packages/nilearn/_utils/niimg_conversions.py", line 317, in check_niimg
    niimg = load_niimg(niimg, dtype=dtype)
  File "/data/parietal/store3/work/haggarwa/miniconda3/envs/dwiprep/lib/python3.13/site-packages/nilearn/_utils/niimg.py", line 124, in load_niimg
    niimg = load(niimg)
  File "/data/parietal/store3/work/haggarwa/miniconda3/envs/dwiprep/lib/python3.13/site-packages/nibabel/loadsave.py", line 116, in load
    raise ImageFileError(msg)
nibabel.filebasedimages.ImageFileError: File /data/parietal/store3/work/haggarwa/diffusion/data/WAND/sub-95017/ses-02/dwi/sub-95017_ses-02_acq-AxCaliber4_dir-AP_part-mag_dwi.nii.gz is not a gzip file


Subject sub-95488 failed with error:
  File /data/parietal/store3/work/haggarwa/diffusion/data/WAND/sub-95488/ses-02/dwi/sub-95488_ses-02_acq-AxCaliber2_dir-AP_part-mag_dwi.nii.gz is not a gzip file

Traceback:
Traceback (most recent call last):
  File "/storage/store3/work/haggarwa/diffusion/diffusion-preprocessing/.deprecated/scripts/concat_all_subs.py", line 23, in safe_concat_files
    concat_files(out_dir, sub_dir)
    ~~~~~~~~~~~~^^^^^^^^^^^^^^^^^^
  File "/storage/store3/work/haggarwa/diffusion/diffusion-preprocessing/.deprecated/scripts/concat_all_subs.py", line 65, in concat_files
    concatenated_dwi = concat_imgs(dwi_files)
  File "/data/parietal/store3/work/haggarwa/miniconda3/envs/dwiprep/lib/python3.13/site-packages/nilearn/image/image.py", line 1568, in concat_imgs
    niimg = check_niimg(niimg, ensure_ndim=ndim)
  File "/data/parietal/store3/work/haggarwa/miniconda3/envs/dwiprep/lib/python3.13/site-packages/nilearn/_utils/niimg_conversions.py", line 317, in check_niimg
    niimg = load_niimg(niimg, dtype=dtype)
  File "/data/parietal/store3/work/haggarwa/miniconda3/envs/dwiprep/lib/python3.13/site-packages/nilearn/_utils/niimg.py", line 124, in load_niimg
    niimg = load(niimg)
  File "/data/parietal/store3/work/haggarwa/miniconda3/envs/dwiprep/lib/python3.13/site-packages/nibabel/loadsave.py", line 116, in load
    raise ImageFileError(msg)
nibabel.filebasedimages.ImageFileError: File /data/parietal/store3/work/haggarwa/diffusion/data/WAND/sub-95488/ses-02/dwi/sub-95488_ses-02_acq-AxCaliber2_dir-AP_part-mag_dwi.nii.gz is not a gzip file


Subject sub-95985 failed with error:
  File /data/parietal/store3/work/haggarwa/diffusion/data/WAND/sub-95985/ses-02/dwi/sub-95985_ses-02_acq-AxCaliber1_dir-AP_part-mag_dwi.nii.gz is not a gzip file

Traceback:
Traceback (most recent call last):
  File "/storage/store3/work/haggarwa/diffusion/diffusion-preprocessing/.deprecated/scripts/concat_all_subs.py", line 23, in safe_concat_files
    concat_files(out_dir, sub_dir)
    ~~~~~~~~~~~~^^^^^^^^^^^^^^^^^^
  File "/storage/store3/work/haggarwa/diffusion/diffusion-preprocessing/.deprecated/scripts/concat_all_subs.py", line 65, in concat_files
    concatenated_dwi = concat_imgs(dwi_files)
  File "/data/parietal/store3/work/haggarwa/miniconda3/envs/dwiprep/lib/python3.13/site-packages/nilearn/image/image.py", line 1545, in concat_imgs
    first_niimg = check_niimg(next(literator), ensure_ndim=ndim)
  File "/data/parietal/store3/work/haggarwa/miniconda3/envs/dwiprep/lib/python3.13/site-packages/nilearn/_utils/niimg_conversions.py", line 317, in check_niimg
    niimg = load_niimg(niimg, dtype=dtype)
  File "/data/parietal/store3/work/haggarwa/miniconda3/envs/dwiprep/lib/python3.13/site-packages/nilearn/_utils/niimg.py", line 124, in load_niimg
    niimg = load(niimg)
  File "/data/parietal/store3/work/haggarwa/miniconda3/envs/dwiprep/lib/python3.13/site-packages/nibabel/loadsave.py", line 116, in load
    raise ImageFileError(msg)
nibabel.filebasedimages.ImageFileError: File /data/parietal/store3/work/haggarwa/diffusion/data/WAND/sub-95985/ses-02/dwi/sub-95985_ses-02_acq-AxCaliber1_dir-AP_part-mag_dwi.nii.gz is not a gzip file


Subject sub-95988 failed with error:
  File /data/parietal/store3/work/haggarwa/diffusion/data/WAND/sub-95988/ses-02/dwi/sub-95988_ses-02_acq-AxCaliber2_dir-AP_part-mag_dwi.nii.gz is not a gzip file

Traceback:
Traceback (most recent call last):
  File "/storage/store3/work/haggarwa/diffusion/diffusion-preprocessing/.deprecated/scripts/concat_all_subs.py", line 23, in safe_concat_files
    concat_files(out_dir, sub_dir)
    ~~~~~~~~~~~~^^^^^^^^^^^^^^^^^^
  File "/storage/store3/work/haggarwa/diffusion/diffusion-preprocessing/.deprecated/scripts/concat_all_subs.py", line 65, in concat_files
    concatenated_dwi = concat_imgs(dwi_files)
  File "/data/parietal/store3/work/haggarwa/miniconda3/envs/dwiprep/lib/python3.13/site-packages/nilearn/image/image.py", line 1568, in concat_imgs
    niimg = check_niimg(niimg, ensure_ndim=ndim)
  File "/data/parietal/store3/work/haggarwa/miniconda3/envs/dwiprep/lib/python3.13/site-packages/nilearn/_utils/niimg_conversions.py", line 317, in check_niimg
    niimg = load_niimg(niimg, dtype=dtype)
  File "/data/parietal/store3/work/haggarwa/miniconda3/envs/dwiprep/lib/python3.13/site-packages/nilearn/_utils/niimg.py", line 124, in load_niimg
    niimg = load(niimg)
  File "/data/parietal/store3/work/haggarwa/miniconda3/envs/dwiprep/lib/python3.13/site-packages/nibabel/loadsave.py", line 116, in load
    raise ImageFileError(msg)
nibabel.filebasedimages.ImageFileError: File /data/parietal/store3/work/haggarwa/diffusion/data/WAND/sub-95988/ses-02/dwi/sub-95988_ses-02_acq-AxCaliber2_dir-AP_part-mag_dwi.nii.gz is not a gzip file


Subject sub-97902 failed with error:
  File /data/parietal/store3/work/haggarwa/diffusion/data/WAND/sub-97902/ses-02/dwi/sub-97902_ses-02_acq-AxCaliber2_dir-AP_part-mag_dwi.nii.gz is not a gzip file

Traceback:
Traceback (most recent call last):
  File "/storage/store3/work/haggarwa/diffusion/diffusion-preprocessing/.deprecated/scripts/concat_all_subs.py", line 23, in safe_concat_files
    concat_files(out_dir, sub_dir)
    ~~~~~~~~~~~~^^^^^^^^^^^^^^^^^^
  File "/storage/store3/work/haggarwa/diffusion/diffusion-preprocessing/.deprecated/scripts/concat_all_subs.py", line 65, in concat_files
    concatenated_dwi = concat_imgs(dwi_files)
  File "/data/parietal/store3/work/haggarwa/miniconda3/envs/dwiprep/lib/python3.13/site-packages/nilearn/image/image.py", line 1568, in concat_imgs
    niimg = check_niimg(niimg, ensure_ndim=ndim)
  File "/data/parietal/store3/work/haggarwa/miniconda3/envs/dwiprep/lib/python3.13/site-packages/nilearn/_utils/niimg_conversions.py", line 317, in check_niimg
    niimg = load_niimg(niimg, dtype=dtype)
  File "/data/parietal/store3/work/haggarwa/miniconda3/envs/dwiprep/lib/python3.13/site-packages/nilearn/_utils/niimg.py", line 124, in load_niimg
    niimg = load(niimg)
  File "/data/parietal/store3/work/haggarwa/miniconda3/envs/dwiprep/lib/python3.13/site-packages/nibabel/loadsave.py", line 116, in load
    raise ImageFileError(msg)
nibabel.filebasedimages.ImageFileError: File /data/parietal/store3/work/haggarwa/diffusion/data/WAND/sub-97902/ses-02/dwi/sub-97902_ses-02_acq-AxCaliber2_dir-AP_part-mag_dwi.nii.gz is not a gzip file


Subject sub-98335 failed with error:
  File /data/parietal/store3/work/haggarwa/diffusion/data/WAND/sub-98335/ses-02/dwi/sub-98335_ses-02_acq-AxCaliber2_dir-AP_part-mag_dwi.nii.gz is not a gzip file

Traceback:
Traceback (most recent call last):
  File "/storage/store3/work/haggarwa/diffusion/diffusion-preprocessing/.deprecated/scripts/concat_all_subs.py", line 23, in safe_concat_files
    concat_files(out_dir, sub_dir)
    ~~~~~~~~~~~~^^^^^^^^^^^^^^^^^^
  File "/storage/store3/work/haggarwa/diffusion/diffusion-preprocessing/.deprecated/scripts/concat_all_subs.py", line 65, in concat_files
    concatenated_dwi = concat_imgs(dwi_files)
  File "/data/parietal/store3/work/haggarwa/miniconda3/envs/dwiprep/lib/python3.13/site-packages/nilearn/image/image.py", line 1568, in concat_imgs
    niimg = check_niimg(niimg, ensure_ndim=ndim)
  File "/data/parietal/store3/work/haggarwa/miniconda3/envs/dwiprep/lib/python3.13/site-packages/nilearn/_utils/niimg_conversions.py", line 317, in check_niimg
    niimg = load_niimg(niimg, dtype=dtype)
  File "/data/parietal/store3/work/haggarwa/miniconda3/envs/dwiprep/lib/python3.13/site-packages/nilearn/_utils/niimg.py", line 124, in load_niimg
    niimg = load(niimg)
  File "/data/parietal/store3/work/haggarwa/miniconda3/envs/dwiprep/lib/python3.13/site-packages/nibabel/loadsave.py", line 116, in load
    raise ImageFileError(msg)
nibabel.filebasedimages.ImageFileError: File /data/parietal/store3/work/haggarwa/diffusion/data/WAND/sub-98335/ses-02/dwi/sub-98335_ses-02_acq-AxCaliber2_dir-AP_part-mag_dwi.nii.gz is not a gzip file


Subject sub-98476 failed with error:
  File /data/parietal/store3/work/haggarwa/diffusion/data/WAND/sub-98476/ses-02/dwi/sub-98476_ses-02_acq-AxCaliber1_dir-AP_part-mag_dwi.nii.gz is not a gzip file

Traceback:
Traceback (most recent call last):
  File "/storage/store3/work/haggarwa/diffusion/diffusion-preprocessing/.deprecated/scripts/concat_all_subs.py", line 23, in safe_concat_files
    concat_files(out_dir, sub_dir)
    ~~~~~~~~~~~~^^^^^^^^^^^^^^^^^^
  File "/storage/store3/work/haggarwa/diffusion/diffusion-preprocessing/.deprecated/scripts/concat_all_subs.py", line 65, in concat_files
    concatenated_dwi = concat_imgs(dwi_files)
  File "/data/parietal/store3/work/haggarwa/miniconda3/envs/dwiprep/lib/python3.13/site-packages/nilearn/image/image.py", line 1545, in concat_imgs
    first_niimg = check_niimg(next(literator), ensure_ndim=ndim)
  File "/data/parietal/store3/work/haggarwa/miniconda3/envs/dwiprep/lib/python3.13/site-packages/nilearn/_utils/niimg_conversions.py", line 317, in check_niimg
    niimg = load_niimg(niimg, dtype=dtype)
  File "/data/parietal/store3/work/haggarwa/miniconda3/envs/dwiprep/lib/python3.13/site-packages/nilearn/_utils/niimg.py", line 124, in load_niimg
    niimg = load(niimg)
  File "/data/parietal/store3/work/haggarwa/miniconda3/envs/dwiprep/lib/python3.13/site-packages/nibabel/loadsave.py", line 116, in load
    raise ImageFileError(msg)
nibabel.filebasedimages.ImageFileError: File /data/parietal/store3/work/haggarwa/diffusion/data/WAND/sub-98476/ses-02/dwi/sub-98476_ses-02_acq-AxCaliber1_dir-AP_part-mag_dwi.nii.gz is not a gzip file


Subject sub-99501 failed with error:
  File /data/parietal/store3/work/haggarwa/diffusion/data/WAND/sub-99501/ses-02/dwi/sub-99501_ses-02_acq-AxCaliber1_dir-AP_part-mag_dwi.nii.gz is not a gzip file

Traceback:
Traceback (most recent call last):
  File "/storage/store3/work/haggarwa/diffusion/diffusion-preprocessing/.deprecated/scripts/concat_all_subs.py", line 23, in safe_concat_files
    concat_files(out_dir, sub_dir)
    ~~~~~~~~~~~~^^^^^^^^^^^^^^^^^^
  File "/storage/store3/work/haggarwa/diffusion/diffusion-preprocessing/.deprecated/scripts/concat_all_subs.py", line 65, in concat_files
    concatenated_dwi = concat_imgs(dwi_files)
  File "/data/parietal/store3/work/haggarwa/miniconda3/envs/dwiprep/lib/python3.13/site-packages/nilearn/image/image.py", line 1545, in concat_imgs
    first_niimg = check_niimg(next(literator), ensure_ndim=ndim)
  File "/data/parietal/store3/work/haggarwa/miniconda3/envs/dwiprep/lib/python3.13/site-packages/nilearn/_utils/niimg_conversions.py", line 317, in check_niimg
    niimg = load_niimg(niimg, dtype=dtype)
  File "/data/parietal/store3/work/haggarwa/miniconda3/envs/dwiprep/lib/python3.13/site-packages/nilearn/_utils/niimg.py", line 124, in load_niimg
    niimg = load(niimg)
  File "/data/parietal/store3/work/haggarwa/miniconda3/envs/dwiprep/lib/python3.13/site-packages/nibabel/loadsave.py", line 116, in load
    raise ImageFileError(msg)
nibabel.filebasedimages.ImageFileError: File /data/parietal/store3/work/haggarwa/diffusion/data/WAND/sub-99501/ses-02/dwi/sub-99501_ses-02_acq-AxCaliber1_dir-AP_part-mag_dwi.nii.gz is not a gzip file


[PosixPath('/data/parietal/store3/work/haggarwa/diffusion/data/WAND/sub-08096/ses-02/dwi/sub-08096_ses-02_acq-AxCaliber1_dir-AP_part-mag_dwi.nii.gz'), PosixPath('/data/parietal/store3/work/haggarwa/diffusion/data/WAND/sub-08096/ses-02/dwi/sub-08096_ses-02_acq-AxCaliber2_dir-AP_part-mag_dwi.nii.gz'), PosixPath('/data/parietal/store3/work/haggarwa/diffusion/data/WAND/sub-08096/ses-02/dwi/sub-08096_ses-02_acq-AxCaliber3_dir-AP_part-mag_dwi.nii.gz'), PosixPath('/data/parietal/store3/work/haggarwa/diffusion/data/WAND/sub-08096/ses-02/dwi/sub-08096_ses-02_acq-AxCaliber4_dir-AP_part-mag_dwi.nii.gz')]
Saved /data/parietal/store3/work/haggarwa/diffusion/data/WAND-concat/sub-08096/ses-02/dwi/sub-08096_ses-02_acq-AxCaliberConcat_dwi.nii.gz
Saved /data/parietal/store3/work/haggarwa/diffusion/data/WAND-concat/sub-08096/ses-02/dwi/sub-08096_ses-02_acq-AxCaliberConcat_dwi.bval
Saved /data/parietal/store3/work/haggarwa/diffusion/data/WAND-concat/sub-08096/ses-02/dwi/sub-08096_ses-02_acq-AxCaliberConcat_dwi.bvec
[PosixPath('/data/parietal/store3/work/haggarwa/diffusion/data/WAND/sub-17726/ses-02/dwi/sub-17726_ses-02_acq-AxCaliber1_dir-AP_part-mag_dwi.nii.gz'), PosixPath('/data/parietal/store3/work/haggarwa/diffusion/data/WAND/sub-17726/ses-02/dwi/sub-17726_ses-02_acq-AxCaliber2_dir-AP_part-mag_dwi.nii.gz'), PosixPath('/data/parietal/store3/work/haggarwa/diffusion/data/WAND/sub-17726/ses-02/dwi/sub-17726_ses-02_acq-AxCaliber3_dir-AP_part-mag_dwi.nii.gz'), PosixPath('/data/parietal/store3/work/haggarwa/diffusion/data/WAND/sub-17726/ses-02/dwi/sub-17726_ses-02_acq-AxCaliber4_dir-AP_part-mag_dwi.nii.gz')]
Saved /data/parietal/store3/work/haggarwa/diffusion/data/WAND-concat/sub-17726/ses-02/dwi/sub-17726_ses-02_acq-AxCaliberConcat_dwi.nii.gz
Saved /data/parietal/store3/work/haggarwa/diffusion/data/WAND-concat/sub-17726/ses-02/dwi/sub-17726_ses-02_acq-AxCaliberConcat_dwi.bval
Saved /data/parietal/store3/work/haggarwa/diffusion/data/WAND-concat/sub-17726/ses-02/dwi/sub-17726_ses-02_acq-AxCaliberConcat_dwi.bvec
[PosixPath('/data/parietal/store3/work/haggarwa/diffusion/data/WAND/sub-28276/ses-02/dwi/sub-28276_ses-02_acq-AxCaliber1_dir-AP_part-mag_dwi.nii.gz'), PosixPath('/data/parietal/store3/work/haggarwa/diffusion/data/WAND/sub-28276/ses-02/dwi/sub-28276_ses-02_acq-AxCaliber2_dir-AP_part-mag_dwi.nii.gz'), PosixPath('/data/parietal/store3/work/haggarwa/diffusion/data/WAND/sub-28276/ses-02/dwi/sub-28276_ses-02_acq-AxCaliber3_dir-AP_part-mag_dwi.nii.gz'), PosixPath('/data/parietal/store3/work/haggarwa/diffusion/data/WAND/sub-28276/ses-02/dwi/sub-28276_ses-02_acq-AxCaliber4_dir-AP_part-mag_dwi.nii.gz')]
Saved /data/parietal/store3/work/haggarwa/diffusion/data/WAND-concat/sub-28276/ses-02/dwi/sub-28276_ses-02_acq-AxCaliberConcat_dwi.nii.gz
Saved /data/parietal/store3/work/haggarwa/diffusion/data/WAND-concat/sub-28276/ses-02/dwi/sub-28276_ses-02_acq-AxCaliberConcat_dwi.bval
Saved /data/parietal/store3/work/haggarwa/diffusion/data/WAND-concat/sub-28276/ses-02/dwi/sub-28276_ses-02_acq-AxCaliberConcat_dwi.bvec
[PosixPath('/data/parietal/store3/work/haggarwa/diffusion/data/WAND/sub-43793/ses-02/dwi/sub-43793_ses-02_acq-AxCaliber1_dir-AP_part-mag_dwi.nii.gz'), PosixPath('/data/parietal/store3/work/haggarwa/diffusion/data/WAND/sub-43793/ses-02/dwi/sub-43793_ses-02_acq-AxCaliber2_dir-AP_part-mag_dwi.nii.gz'), PosixPath('/data/parietal/store3/work/haggarwa/diffusion/data/WAND/sub-43793/ses-02/dwi/sub-43793_ses-02_acq-AxCaliber3_dir-AP_part-mag_dwi.nii.gz'), PosixPath('/data/parietal/store3/work/haggarwa/diffusion/data/WAND/sub-43793/ses-02/dwi/sub-43793_ses-02_acq-AxCaliber4_dir-AP_part-mag_dwi.nii.gz')]
Saved /data/parietal/store3/work/haggarwa/diffusion/data/WAND-concat/sub-43793/ses-02/dwi/sub-43793_ses-02_acq-AxCaliberConcat_dwi.nii.gz
Saved /data/parietal/store3/work/haggarwa/diffusion/data/WAND-concat/sub-43793/ses-02/dwi/sub-43793_ses-02_acq-AxCaliberConcat_dwi.bval
Saved /data/parietal/store3/work/haggarwa/diffusion/data/WAND-concat/sub-43793/ses-02/dwi/sub-43793_ses-02_acq-AxCaliberConcat_dwi.bvec
[PosixPath('/data/parietal/store3/work/haggarwa/diffusion/data/WAND/sub-53696/ses-02/dwi/sub-53696_ses-02_acq-AxCaliber1_dir-AP_part-mag_dwi.nii.gz'), PosixPath('/data/parietal/store3/work/haggarwa/diffusion/data/WAND/sub-53696/ses-02/dwi/sub-53696_ses-02_acq-AxCaliber2_dir-AP_part-mag_dwi.nii.gz'), PosixPath('/data/parietal/store3/work/haggarwa/diffusion/data/WAND/sub-53696/ses-02/dwi/sub-53696_ses-02_acq-AxCaliber3_dir-AP_part-mag_dwi.nii.gz'), PosixPath('/data/parietal/store3/work/haggarwa/diffusion/data/WAND/sub-53696/ses-02/dwi/sub-53696_ses-02_acq-AxCaliber4_dir-AP_part-mag_dwi.nii.gz')]
Saved /data/parietal/store3/work/haggarwa/diffusion/data/WAND-concat/sub-53696/ses-02/dwi/sub-53696_ses-02_acq-AxCaliberConcat_dwi.nii.gz
Saved /data/parietal/store3/work/haggarwa/diffusion/data/WAND-concat/sub-53696/ses-02/dwi/sub-53696_ses-02_acq-AxCaliberConcat_dwi.bval
Saved /data/parietal/store3/work/haggarwa/diffusion/data/WAND-concat/sub-53696/ses-02/dwi/sub-53696_ses-02_acq-AxCaliberConcat_dwi.bvec
[PosixPath('/data/parietal/store3/work/haggarwa/diffusion/data/WAND/sub-68443/ses-02/dwi/sub-68443_ses-02_acq-AxCaliber1_dir-AP_part-mag_dwi.nii.gz'), PosixPath('/data/parietal/store3/work/haggarwa/diffusion/data/WAND/sub-68443/ses-02/dwi/sub-68443_ses-02_acq-AxCaliber2_dir-AP_part-mag_dwi.nii.gz'), PosixPath('/data/parietal/store3/work/haggarwa/diffusion/data/WAND/sub-68443/ses-02/dwi/sub-68443_ses-02_acq-AxCaliber3_dir-AP_part-mag_dwi.nii.gz')]
Saved /data/parietal/store3/work/haggarwa/diffusion/data/WAND-concat/sub-68443/ses-02/dwi/sub-68443_ses-02_acq-AxCaliberConcat_dwi.nii.gz
Saved /data/parietal/store3/work/haggarwa/diffusion/data/WAND-concat/sub-68443/ses-02/dwi/sub-68443_ses-02_acq-AxCaliberConcat_dwi.bval
Saved /data/parietal/store3/work/haggarwa/diffusion/data/WAND-concat/sub-68443/ses-02/dwi/sub-68443_ses-02_acq-AxCaliberConcat_dwi.bvec
[PosixPath('/data/parietal/store3/work/haggarwa/diffusion/data/WAND/sub-75861/ses-02/dwi/sub-75861_ses-02_acq-AxCaliber1_dir-AP_part-mag_dwi.nii.gz'), PosixPath('/data/parietal/store3/work/haggarwa/diffusion/data/WAND/sub-75861/ses-02/dwi/sub-75861_ses-02_acq-AxCaliber2_dir-AP_part-mag_dwi.nii.gz'), PosixPath('/data/parietal/store3/work/haggarwa/diffusion/data/WAND/sub-75861/ses-02/dwi/sub-75861_ses-02_acq-AxCaliber3_dir-AP_part-mag_dwi.nii.gz'), PosixPath('/data/parietal/store3/work/haggarwa/diffusion/data/WAND/sub-75861/ses-02/dwi/sub-75861_ses-02_acq-AxCaliber4_dir-AP_part-mag_dwi.nii.gz')]
Saved /data/parietal/store3/work/haggarwa/diffusion/data/WAND-concat/sub-75861/ses-02/dwi/sub-75861_ses-02_acq-AxCaliberConcat_dwi.nii.gz
Saved /data/parietal/store3/work/haggarwa/diffusion/data/WAND-concat/sub-75861/ses-02/dwi/sub-75861_ses-02_acq-AxCaliberConcat_dwi.bval
Saved /data/parietal/store3/work/haggarwa/diffusion/data/WAND-concat/sub-75861/ses-02/dwi/sub-75861_ses-02_acq-AxCaliberConcat_dwi.bvec
[PosixPath('/data/parietal/store3/work/haggarwa/diffusion/data/WAND/sub-87051/ses-02/dwi/sub-87051_ses-02_acq-AxCaliber1_dir-AP_part-mag_dwi.nii.gz'), PosixPath('/data/parietal/store3/work/haggarwa/diffusion/data/WAND/sub-87051/ses-02/dwi/sub-87051_ses-02_acq-AxCaliber2_dir-AP_part-mag_dwi.nii.gz'), PosixPath('/data/parietal/store3/work/haggarwa/diffusion/data/WAND/sub-87051/ses-02/dwi/sub-87051_ses-02_acq-AxCaliber3_dir-AP_part-mag_dwi.nii.gz'), PosixPath('/data/parietal/store3/work/haggarwa/diffusion/data/WAND/sub-87051/ses-02/dwi/sub-87051_ses-02_acq-AxCaliber4_dir-AP_part-mag_dwi.nii.gz')]
Saved /data/parietal/store3/work/haggarwa/diffusion/data/WAND-concat/sub-87051/ses-02/dwi/sub-87051_ses-02_acq-AxCaliberConcat_dwi.nii.gz
Saved /data/parietal/store3/work/haggarwa/diffusion/data/WAND-concat/sub-87051/ses-02/dwi/sub-87051_ses-02_acq-AxCaliberConcat_dwi.bval
Saved /data/parietal/store3/work/haggarwa/diffusion/data/WAND-concat/sub-87051/ses-02/dwi/sub-87051_ses-02_acq-AxCaliberConcat_dwi.bvec

Saved /data/parietal/store3/work/haggarwa/diffusion/data/WAND-concat/sub-88548/ses-02/dwi/sub-88548_ses-02_acq-AxCaliberConcat_dwi.bval
Saved /data/parietal/store3/work/haggarwa/diffusion/data/WAND-concat/sub-88548/ses-02/dwi/sub-88548_ses-02_acq-AxCaliberConcat_dwi.bvec


[PosixPath('/data/parietal/store3/work/haggarwa/diffusion/data/WAND/sub-05532/ses-02/dwi/sub-05532_ses-02_acq-AxCaliber1_dir-AP_part-mag_dwi.nii.gz'), PosixPath('/data/parietal/store3/work/haggarwa/diffusion/data/WAND/sub-05532/ses-02/dwi/sub-05532_ses-02_acq-AxCaliber2_dir-AP_part-mag_dwi.nii.gz'), PosixPath('/data/parietal/store3/work/haggarwa/diffusion/data/WAND/sub-05532/ses-02/dwi/sub-05532_ses-02_acq-AxCaliber3_dir-AP_part-mag_dwi.nii.gz'), PosixPath('/data/parietal/store3/work/haggarwa/diffusion/data/WAND/sub-05532/ses-02/dwi/sub-05532_ses-02_acq-AxCaliber4_dir-AP_part-mag_dwi.nii.gz')]
Saved /data/parietal/store3/work/haggarwa/diffusion/data/WAND-concat/sub-05532/ses-02/dwi/sub-05532_ses-02_acq-AxCaliberConcat_dwi.nii.gz
Saved /data/parietal/store3/work/haggarwa/diffusion/data/WAND-concat/sub-05532/ses-02/dwi/sub-05532_ses-02_acq-AxCaliberConcat_dwi.bval
Saved /data/parietal/store3/work/haggarwa/diffusion/data/WAND-concat/sub-05532/ses-02/dwi/sub-05532_ses-02_acq-AxCaliberConcat_dwi.bvec
[PosixPath('/data/parietal/store3/work/haggarwa/diffusion/data/WAND/sub-19230/ses-02/dwi/sub-19230_ses-02_acq-AxCaliber1_dir-AP_part-mag_dwi.nii.gz'), PosixPath('/data/parietal/store3/work/haggarwa/diffusion/data/WAND/sub-19230/ses-02/dwi/sub-19230_ses-02_acq-AxCaliber2_dir-AP_part-mag_dwi.nii.gz'), PosixPath('/data/parietal/store3/work/haggarwa/diffusion/data/WAND/sub-19230/ses-02/dwi/sub-19230_ses-02_acq-AxCaliber3_dir-AP_part-mag_dwi.nii.gz'), PosixPath('/data/parietal/store3/work/haggarwa/diffusion/data/WAND/sub-19230/ses-02/dwi/sub-19230_ses-02_acq-AxCaliber4_dir-AP_part-mag_dwi.nii.gz')]
Saved /data/parietal/store3/work/haggarwa/diffusion/data/WAND-concat/sub-19230/ses-02/dwi/sub-19230_ses-02_acq-AxCaliberConcat_dwi.nii.gz
Saved /data/parietal/store3/work/haggarwa/diffusion/data/WAND-concat/sub-19230/ses-02/dwi/sub-19230_ses-02_acq-AxCaliberConcat_dwi.bval
Saved /data/parietal/store3/work/haggarwa/diffusion/data/WAND-concat/sub-19230/ses-02/dwi/sub-19230_ses-02_acq-AxCaliberConcat_dwi.bvec
[PosixPath('/data/parietal/store3/work/haggarwa/diffusion/data/WAND/sub-33639/ses-02/dwi/sub-33639_ses-02_acq-AxCaliber1_dir-AP_part-mag_dwi.nii.gz'), PosixPath('/data/parietal/store3/work/haggarwa/diffusion/data/WAND/sub-33639/ses-02/dwi/sub-33639_ses-02_acq-AxCaliber2_dir-AP_part-mag_dwi.nii.gz'), PosixPath('/data/parietal/store3/work/haggarwa/diffusion/data/WAND/sub-33639/ses-02/dwi/sub-33639_ses-02_acq-AxCaliber3_dir-AP_part-mag_dwi.nii.gz'), PosixPath('/data/parietal/store3/work/haggarwa/diffusion/data/WAND/sub-33639/ses-02/dwi/sub-33639_ses-02_acq-AxCaliber4_dir-AP_part-mag_dwi.nii.gz')]
Saved /data/parietal/store3/work/haggarwa/diffusion/data/WAND-concat/sub-33639/ses-02/dwi/sub-33639_ses-02_acq-AxCaliberConcat_dwi.nii.gz
Saved /data/parietal/store3/work/haggarwa/diffusion/data/WAND-concat/sub-33639/ses-02/dwi/sub-33639_ses-02_acq-AxCaliberConcat_dwi.bval
Saved /data/parietal/store3/work/haggarwa/diffusion/data/WAND-concat/sub-33639/ses-02/dwi/sub-33639_ses-02_acq-AxCaliberConcat_dwi.bvec
[PosixPath('/data/parietal/store3/work/haggarwa/diffusion/data/WAND/sub-42565/ses-02/dwi/sub-42565_ses-02_acq-AxCaliber1_dir-AP_part-mag_dwi.nii.gz'), PosixPath('/data/parietal/store3/work/haggarwa/diffusion/data/WAND/sub-42565/ses-02/dwi/sub-42565_ses-02_acq-AxCaliber2_dir-AP_part-mag_dwi.nii.gz'), PosixPath('/data/parietal/store3/work/haggarwa/diffusion/data/WAND/sub-42565/ses-02/dwi/sub-42565_ses-02_acq-AxCaliber3_dir-AP_part-mag_dwi.nii.gz'), PosixPath('/data/parietal/store3/work/haggarwa/diffusion/data/WAND/sub-42565/ses-02/dwi/sub-42565_ses-02_acq-AxCaliber4_dir-AP_part-mag_dwi.nii.gz')]
Saved /data/parietal/store3/work/haggarwa/diffusion/data/WAND-concat/sub-42565/ses-02/dwi/sub-42565_ses-02_acq-AxCaliberConcat_dwi.nii.gz
Saved /data/parietal/store3/work/haggarwa/diffusion/data/WAND-concat/sub-42565/ses-02/dwi/sub-42565_ses-02_acq-AxCaliberConcat_dwi.bval
Saved /data/parietal/store3/work/haggarwa/diffusion/data/WAND-concat/sub-42565/ses-02/dwi/sub-42565_ses-02_acq-AxCaliberConcat_dwi.bvec
[PosixPath('/data/parietal/store3/work/haggarwa/diffusion/data/WAND/sub-54552/ses-02/dwi/sub-54552_ses-02_acq-AxCaliber1_dir-AP_part-mag_dwi.nii.gz'), PosixPath('/data/parietal/store3/work/haggarwa/diffusion/data/WAND/sub-54552/ses-02/dwi/sub-54552_ses-02_acq-AxCaliber2_dir-AP_part-mag_dwi.nii.gz'), PosixPath('/data/parietal/store3/work/haggarwa/diffusion/data/WAND/sub-54552/ses-02/dwi/sub-54552_ses-02_acq-AxCaliber3_dir-AP_part-mag_dwi.nii.gz'), PosixPath('/data/parietal/store3/work/haggarwa/diffusion/data/WAND/sub-54552/ses-02/dwi/sub-54552_ses-02_acq-AxCaliber4_dir-AP_part-mag_dwi.nii.gz')]
Saved /data/parietal/store3/work/haggarwa/diffusion/data/WAND-concat/sub-54552/ses-02/dwi/sub-54552_ses-02_acq-AxCaliberConcat_dwi.nii.gz
Saved /data/parietal/store3/work/haggarwa/diffusion/data/WAND-concat/sub-54552/ses-02/dwi/sub-54552_ses-02_acq-AxCaliberConcat_dwi.bval
Saved /data/parietal/store3/work/haggarwa/diffusion/data/WAND-concat/sub-54552/ses-02/dwi/sub-54552_ses-02_acq-AxCaliberConcat_dwi.bvec
[PosixPath('/data/parietal/store3/work/haggarwa/diffusion/data/WAND/sub-69203/ses-02/dwi/sub-69203_ses-02_acq-AxCaliber1_dir-AP_part-mag_dwi.nii.gz'), PosixPath('/data/parietal/store3/work/haggarwa/diffusion/data/WAND/sub-69203/ses-02/dwi/sub-69203_ses-02_acq-AxCaliber2_dir-AP_part-mag_dwi.nii.gz'), PosixPath('/data/parietal/store3/work/haggarwa/diffusion/data/WAND/sub-69203/ses-02/dwi/sub-69203_ses-02_acq-AxCaliber3_dir-AP_part-mag_dwi.nii.gz'), PosixPath('/data/parietal/store3/work/haggarwa/diffusion/data/WAND/sub-69203/ses-02/dwi/sub-69203_ses-02_acq-AxCaliber4_dir-AP_part-mag_dwi.nii.gz')]
Saved /data/parietal/store3/work/haggarwa/diffusion/data/WAND-concat/sub-69203/ses-02/dwi/sub-69203_ses-02_acq-AxCaliberConcat_dwi.nii.gz
Saved /data/parietal/store3/work/haggarwa/diffusion/data/WAND-concat/sub-69203/ses-02/dwi/sub-69203_ses-02_acq-AxCaliberConcat_dwi.bval
Saved /data/parietal/store3/work/haggarwa/diffusion/data/WAND-concat/sub-69203/ses-02/dwi/sub-69203_ses-02_acq-AxCaliberConcat_dwi.bvec
[PosixPath('/data/parietal/store3/work/haggarwa/diffusion/data/WAND/sub-77660/ses-02/dwi/sub-77660_ses-02_acq-AxCaliber1_dir-AP_part-mag_dwi.nii.gz'), PosixPath('/data/parietal/store3/work/haggarwa/diffusion/data/WAND/sub-77660/ses-02/dwi/sub-77660_ses-02_acq-AxCaliber2_dir-AP_part-mag_dwi.nii.gz'), PosixPath('/data/parietal/store3/work/haggarwa/diffusion/data/WAND/sub-77660/ses-02/dwi/sub-77660_ses-02_acq-AxCaliber3_dir-AP_part-mag_dwi.nii.gz')]
Saved /data/parietal/store3/work/haggarwa/diffusion/data/WAND-concat/sub-77660/ses-02/dwi/sub-77660_ses-02_acq-AxCaliberConcat_dwi.nii.gz
Saved /data/parietal/store3/work/haggarwa/diffusion/data/WAND-concat/sub-77660/ses-02/dwi/sub-77660_ses-02_acq-AxCaliberConcat_dwi.bval
Saved /data/parietal/store3/work/haggarwa/diffusion/data/WAND-concat/sub-77660/ses-02/dwi/sub-77660_ses-02_acq-AxCaliberConcat_dwi.bvec
[PosixPath('/data/parietal/store3/work/haggarwa/diffusion/data/WAND/sub-88141/ses-02/dwi/sub-88141_ses-02_acq-AxCaliber1_dir-AP_part-mag_dwi.nii.gz'), PosixPath('/data/parietal/store3/work/haggarwa/diffusion/data/WAND/sub-88141/ses-02/dwi/sub-88141_ses-02_acq-AxCaliber2_dir-AP_part-mag_dwi.nii.gz'), PosixPath('/data/parietal/store3/work/haggarwa/diffusion/data/WAND/sub-88141/ses-02/dwi/sub-88141_ses-02_acq-AxCaliber3_dir-AP_part-mag_dwi.nii.gz'), PosixPath('/data/parietal/store3/work/haggarwa/diffusion/data/WAND/sub-88141/ses-02/dwi/sub-88141_ses-02_acq-AxCaliber4_dir-AP_part-mag_dwi.nii.gz')]
Saved /data/parietal/store3/work/haggarwa/diffusion/data/WAND-concat/sub-88141/ses-02/dwi/sub-88141_ses-02_acq-AxCaliberConcat_dwi.nii.gz
Saved /data/parietal/store3/work/haggarwa/diffusion/data/WAND-concat/sub-88141/ses-02/dwi/sub-88141_ses-02_acq-AxCaliberConcat_dwi.bval
Saved /data/parietal/store3/work/haggarwa/diffusion/data/WAND-concat/sub-88141/ses-02/dwi/sub-88141_ses-02_acq-AxCaliberConcat_dwi.bvec

[PosixPath('/data/parietal/store3/work/haggarwa/diffusion/data/WAND/sub-08726/ses-02/dwi/sub-08726_ses-02_acq-AxCaliber1_dir-AP_part-mag_dwi.nii.gz'), PosixPath('/data/parietal/store3/work/haggarwa/diffusion/data/WAND/sub-08726/ses-02/dwi/sub-08726_ses-02_acq-AxCaliber2_dir-AP_part-mag_dwi.nii.gz'), PosixPath('/data/parietal/store3/work/haggarwa/diffusion/data/WAND/sub-08726/ses-02/dwi/sub-08726_ses-02_acq-AxCaliber3_dir-AP_part-mag_dwi.nii.gz'), PosixPath('/data/parietal/store3/work/haggarwa/diffusion/data/WAND/sub-08726/ses-02/dwi/sub-08726_ses-02_acq-AxCaliber4_dir-AP_part-mag_dwi.nii.gz')]
Saved /data/parietal/store3/work/haggarwa/diffusion/data/WAND-concat/sub-08726/ses-02/dwi/sub-08726_ses-02_acq-AxCaliberConcat_dwi.nii.gz
Saved /data/parietal/store3/work/haggarwa/diffusion/data/WAND-concat/sub-08726/ses-02/dwi/sub-08726_ses-02_acq-AxCaliberConcat_dwi.bval
Saved /data/parietal/store3/work/haggarwa/diffusion/data/WAND-concat/sub-08726/ses-02/dwi/sub-08726_ses-02_acq-AxCaliberConcat_dwi.bvec
[PosixPath('/data/parietal/store3/work/haggarwa/diffusion/data/WAND/sub-19003/ses-02/dwi/sub-19003_ses-02_acq-AxCaliber1_dir-AP_part-mag_dwi.nii.gz'), PosixPath('/data/parietal/store3/work/haggarwa/diffusion/data/WAND/sub-19003/ses-02/dwi/sub-19003_ses-02_acq-AxCaliber2_dir-AP_part-mag_dwi.nii.gz'), PosixPath('/data/parietal/store3/work/haggarwa/diffusion/data/WAND/sub-19003/ses-02/dwi/sub-19003_ses-02_acq-AxCaliber3_dir-AP_part-mag_dwi.nii.gz'), PosixPath('/data/parietal/store3/work/haggarwa/diffusion/data/WAND/sub-19003/ses-02/dwi/sub-19003_ses-02_acq-AxCaliber4_dir-AP_part-mag_dwi.nii.gz')]
Saved /data/parietal/store3/work/haggarwa/diffusion/data/WAND-concat/sub-19003/ses-02/dwi/sub-19003_ses-02_acq-AxCaliberConcat_dwi.nii.gz
Saved /data/parietal/store3/work/haggarwa/diffusion/data/WAND-concat/sub-19003/ses-02/dwi/sub-19003_ses-02_acq-AxCaliberConcat_dwi.bval
Saved /data/parietal/store3/work/haggarwa/diffusion/data/WAND-concat/sub-19003/ses-02/dwi/sub-19003_ses-02_acq-AxCaliberConcat_dwi.bvec
[PosixPath('/data/parietal/store3/work/haggarwa/diffusion/data/WAND/sub-30090/ses-02/dwi/sub-30090_ses-02_acq-AxCaliber1_dir-AP_part-mag_dwi.nii.gz'), PosixPath('/data/parietal/store3/work/haggarwa/diffusion/data/WAND/sub-30090/ses-02/dwi/sub-30090_ses-02_acq-AxCaliber2_dir-AP_part-mag_dwi.nii.gz'), PosixPath('/data/parietal/store3/work/haggarwa/diffusion/data/WAND/sub-30090/ses-02/dwi/sub-30090_ses-02_acq-AxCaliber3_dir-AP_part-mag_dwi.nii.gz'), PosixPath('/data/parietal/store3/work/haggarwa/diffusion/data/WAND/sub-30090/ses-02/dwi/sub-30090_ses-02_acq-AxCaliber4_dir-AP_part-mag_dwi.nii.gz')]
Saved /data/parietal/store3/work/haggarwa/diffusion/data/WAND-concat/sub-30090/ses-02/dwi/sub-30090_ses-02_acq-AxCaliberConcat_dwi.nii.gz
Saved /data/parietal/store3/work/haggarwa/diffusion/data/WAND-concat/sub-30090/ses-02/dwi/sub-30090_ses-02_acq-AxCaliberConcat_dwi.bval
Saved /data/parietal/store3/work/haggarwa/diffusion/data/WAND-concat/sub-30090/ses-02/dwi/sub-30090_ses-02_acq-AxCaliberConcat_dwi.bvec
[PosixPath('/data/parietal/store3/work/haggarwa/diffusion/data/WAND/sub-42086/ses-02/dwi/sub-42086_ses-02_acq-AxCaliber1_dir-AP_part-mag_dwi.nii.gz'), PosixPath('/data/parietal/store3/work/haggarwa/diffusion/data/WAND/sub-42086/ses-02/dwi/sub-42086_ses-02_acq-AxCaliber2_dir-AP_part-mag_dwi.nii.gz'), PosixPath('/data/parietal/store3/work/haggarwa/diffusion/data/WAND/sub-42086/ses-02/dwi/sub-42086_ses-02_acq-AxCaliber3_dir-AP_part-mag_dwi.nii.gz'), PosixPath('/data/parietal/store3/work/haggarwa/diffusion/data/WAND/sub-42086/ses-02/dwi/sub-42086_ses-02_acq-AxCaliber4_dir-AP_part-mag_dwi.nii.gz')]
Saved /data/parietal/store3/work/haggarwa/diffusion/data/WAND-concat/sub-42086/ses-02/dwi/sub-42086_ses-02_acq-AxCaliberConcat_dwi.nii.gz
Saved /data/parietal/store3/work/haggarwa/diffusion/data/WAND-concat/sub-42086/ses-02/dwi/sub-42086_ses-02_acq-AxCaliberConcat_dwi.bval
Saved /data/parietal/store3/work/haggarwa/diffusion/data/WAND-concat/sub-42086/ses-02/dwi/sub-42086_ses-02_acq-AxCaliberConcat_dwi.bvec
[PosixPath('/data/parietal/store3/work/haggarwa/diffusion/data/WAND/sub-53679/ses-02/dwi/sub-53679_ses-02_acq-AxCaliber1_dir-AP_part-mag_dwi.nii.gz'), PosixPath('/data/parietal/store3/work/haggarwa/diffusion/data/WAND/sub-53679/ses-02/dwi/sub-53679_ses-02_acq-AxCaliber2_dir-AP_part-mag_dwi.nii.gz'), PosixPath('/data/parietal/store3/work/haggarwa/diffusion/data/WAND/sub-53679/ses-02/dwi/sub-53679_ses-02_acq-AxCaliber3_dir-AP_part-mag_dwi.nii.gz'), PosixPath('/data/parietal/store3/work/haggarwa/diffusion/data/WAND/sub-53679/ses-02/dwi/sub-53679_ses-02_acq-AxCaliber4_dir-AP_part-mag_dwi.nii.gz')]
Saved /data/parietal/store3/work/haggarwa/diffusion/data/WAND-concat/sub-53679/ses-02/dwi/sub-53679_ses-02_acq-AxCaliberConcat_dwi.nii.gz
Saved /data/parietal/store3/work/haggarwa/diffusion/data/WAND-concat/sub-53679/ses-02/dwi/sub-53679_ses-02_acq-AxCaliberConcat_dwi.bval
Saved /data/parietal/store3/work/haggarwa/diffusion/data/WAND-concat/sub-53679/ses-02/dwi/sub-53679_ses-02_acq-AxCaliberConcat_dwi.bvec
[PosixPath('/data/parietal/store3/work/haggarwa/diffusion/data/WAND/sub-67731/ses-02/dwi/sub-67731_ses-02_acq-AxCaliber1_dir-AP_part-mag_dwi.nii.gz'), PosixPath('/data/parietal/store3/work/haggarwa/diffusion/data/WAND/sub-67731/ses-02/dwi/sub-67731_ses-02_acq-AxCaliber2_dir-AP_part-mag_dwi.nii.gz'), PosixPath('/data/parietal/store3/work/haggarwa/diffusion/data/WAND/sub-67731/ses-02/dwi/sub-67731_ses-02_acq-AxCaliber3_dir-AP_part-mag_dwi.nii.gz'), PosixPath('/data/parietal/store3/work/haggarwa/diffusion/data/WAND/sub-67731/ses-02/dwi/sub-67731_ses-02_acq-AxCaliber4_dir-AP_part-mag_dwi.nii.gz')]
Saved /data/parietal/store3/work/haggarwa/diffusion/data/WAND-concat/sub-67731/ses-02/dwi/sub-67731_ses-02_acq-AxCaliberConcat_dwi.nii.gz
Saved /data/parietal/store3/work/haggarwa/diffusion/data/WAND-concat/sub-67731/ses-02/dwi/sub-67731_ses-02_acq-AxCaliberConcat_dwi.bval
Saved /data/parietal/store3/work/haggarwa/diffusion/data/WAND-concat/sub-67731/ses-02/dwi/sub-67731_ses-02_acq-AxCaliberConcat_dwi.bvec
[PosixPath('/data/parietal/store3/work/haggarwa/diffusion/data/WAND/sub-76456/ses-02/dwi/sub-76456_ses-02_acq-AxCaliber1_dir-AP_part-mag_dwi.nii.gz'), PosixPath('/data/parietal/store3/work/haggarwa/diffusion/data/WAND/sub-76456/ses-02/dwi/sub-76456_ses-02_acq-AxCaliber2_dir-AP_part-mag_dwi.nii.gz'), PosixPath('/data/parietal/store3/work/haggarwa/diffusion/data/WAND/sub-76456/ses-02/dwi/sub-76456_ses-02_acq-AxCaliber3_dir-AP_part-mag_dwi.nii.gz'), PosixPath('/data/parietal/store3/work/haggarwa/diffusion/data/WAND/sub-76456/ses-02/dwi/sub-76456_ses-02_acq-AxCaliber4_dir-AP_part-mag_dwi.nii.gz')]
Saved /data/parietal/store3/work/haggarwa/diffusion/data/WAND-concat/sub-76456/ses-02/dwi/sub-76456_ses-02_acq-AxCaliberConcat_dwi.nii.gz
Saved /data/parietal/store3/work/haggarwa/diffusion/data/WAND-concat/sub-76456/ses-02/dwi/sub-76456_ses-02_acq-AxCaliberConcat_dwi.bval
Saved /data/parietal/store3/work/haggarwa/diffusion/data/WAND-concat/sub-76456/ses-02/dwi/sub-76456_ses-02_acq-AxCaliberConcat_dwi.bvec
[PosixPath('/data/parietal/store3/work/haggarwa/diffusion/data/WAND/sub-89034/ses-02/dwi/sub-89034_ses-02_acq-AxCaliber1_dir-AP_part-mag_dwi.nii.gz'), PosixPath('/data/parietal/store3/work/haggarwa/diffusion/data/WAND/sub-89034/ses-02/dwi/sub-89034_ses-02_acq-AxCaliber2_dir-AP_part-mag_dwi.nii.gz'), PosixPath('/data/parietal/store3/work/haggarwa/diffusion/data/WAND/sub-89034/ses-02/dwi/sub-89034_ses-02_acq-AxCaliber3_dir-AP_part-mag_dwi.nii.gz'), PosixPath('/data/parietal/store3/work/haggarwa/diffusion/data/WAND/sub-89034/ses-02/dwi/sub-89034_ses-02_acq-AxCaliber4_dir-AP_part-mag_dwi.nii.gz')]
Saved /data/parietal/store3/work/haggarwa/diffusion/data/WAND-concat/sub-89034/ses-02/dwi/sub-89034_ses-02_acq-AxCaliberConcat_dwi.nii.gz
Saved /data/parietal/store3/work/haggarwa/diffusion/data/WAND-concat/sub-89034/ses-02/dwi/sub-89034_ses-02_acq-AxCaliberConcat_dwi.bval
Saved /data/parietal/store3/work/haggarwa/diffusion/data/WAND-concat/sub-89034/ses-02/dwi/sub-89034_ses-02_acq-AxCaliberConcat_dwi.bvec
[PosixPath('/data/parietal/store3/work/haggarwa/diffusion/data/WAND/sub-09540/ses-02/dwi/sub-09540_ses-02_acq-AxCaliber1_dir-AP_part-mag_dwi.nii.gz'), PosixPath('/data/parietal/store3/work/haggarwa/diffusion/data/WAND/sub-09540/ses-02/dwi/sub-09540_ses-02_acq-AxCaliber2_dir-AP_part-mag_dwi.nii.gz'), PosixPath('/data/parietal/store3/work/haggarwa/diffusion/data/WAND/sub-09540/ses-02/dwi/sub-09540_ses-02_acq-AxCaliber3_dir-AP_part-mag_dwi.nii.gz'), PosixPath('/data/parietal/store3/work/haggarwa/diffusion/data/WAND/sub-09540/ses-02/dwi/sub-09540_ses-02_acq-AxCaliber4_dir-AP_part-mag_dwi.nii.gz')]
Saved /data/parietal/store3/work/haggarwa/diffusion/data/WAND-concat/sub-09540/ses-02/dwi/sub-09540_ses-02_acq-AxCaliberConcat_dwi.nii.gz
Saved /data/parietal/store3/work/haggarwa/diffusion/data/WAND-concat/sub-09540/ses-02/dwi/sub-09540_ses-02_acq-AxCaliberConcat_dwi.bval
Saved /data/parietal/store3/work/haggarwa/diffusion/data/WAND-concat/sub-09540/ses-02/dwi/sub-09540_ses-02_acq-AxCaliberConcat_dwi.bvec
[PosixPath('/data/parietal/store3/work/haggarwa/diffusion/data/WAND/sub-22442/ses-02/dwi/sub-22442_ses-02_acq-AxCaliber1_dir-AP_part-mag_dwi.nii.gz'), PosixPath('/data/parietal/store3/work/haggarwa/diffusion/data/WAND/sub-22442/ses-02/dwi/sub-22442_ses-02_acq-AxCaliber2_dir-AP_part-mag_dwi.nii.gz'), PosixPath('/data/parietal/store3/work/haggarwa/diffusion/data/WAND/sub-22442/ses-02/dwi/sub-22442_ses-02_acq-AxCaliber3_dir-AP_part-mag_dwi.nii.gz'), PosixPath('/data/parietal/store3/work/haggarwa/diffusion/data/WAND/sub-22442/ses-02/dwi/sub-22442_ses-02_acq-AxCaliber4_dir-AP_part-mag_dwi.nii.gz')]
Saved /data/parietal/store3/work/haggarwa/diffusion/data/WAND-concat/sub-22442/ses-02/dwi/sub-22442_ses-02_acq-AxCaliberConcat_dwi.nii.gz
Saved /data/parietal/store3/work/haggarwa/diffusion/data/WAND-concat/sub-22442/ses-02/dwi/sub-22442_ses-02_acq-AxCaliberConcat_dwi.bval
Saved /data/parietal/store3/work/haggarwa/diffusion/data/WAND-concat/sub-22442/ses-02/dwi/sub-22442_ses-02_acq-AxCaliberConcat_dwi.bvec
[PosixPath('/data/parietal/store3/work/haggarwa/diffusion/data/WAND/sub-38553/ses-02/dwi/sub-38553_ses-02_acq-AxCaliber1_dir-AP_part-mag_dwi.nii.gz'), PosixPath('/data/parietal/store3/work/haggarwa/diffusion/data/WAND/sub-38553/ses-02/dwi/sub-38553_ses-02_acq-AxCaliber2_dir-AP_part-mag_dwi.nii.gz'), PosixPath('/data/parietal/store3/work/haggarwa/diffusion/data/WAND/sub-38553/ses-02/dwi/sub-38553_ses-02_acq-AxCaliber3_dir-AP_part-mag_dwi.nii.gz'), PosixPath('/data/parietal/store3/work/haggarwa/diffusion/data/WAND/sub-38553/ses-02/dwi/sub-38553_ses-02_acq-AxCaliber4_dir-AP_part-mag_dwi.nii.gz')]
Saved /data/parietal/store3/work/haggarwa/diffusion/data/WAND-concat/sub-38553/ses-02/dwi/sub-38553_ses-02_acq-AxCaliberConcat_dwi.nii.gz
Saved /data/parietal/store3/work/haggarwa/diffusion/data/WAND-concat/sub-38553/ses-02/dwi/sub-38553_ses-02_acq-AxCaliberConcat_dwi.bval
Saved /data/parietal/store3/work/haggarwa/diffusion/data/WAND-concat/sub-38553/ses-02/dwi/sub-38553_ses-02_acq-AxCaliberConcat_dwi.bvec
[PosixPath('/data/parietal/store3/work/haggarwa/diffusion/data/WAND/sub-45900/ses-02/dwi/sub-45900_ses-02_acq-AxCaliber1_dir-AP_part-mag_dwi.nii.gz'), PosixPath('/data/parietal/store3/work/haggarwa/diffusion/data/WAND/sub-45900/ses-02/dwi/sub-45900_ses-02_acq-AxCaliber2_dir-AP_part-mag_dwi.nii.gz'), PosixPath('/data/parietal/store3/work/haggarwa/diffusion/data/WAND/sub-45900/ses-02/dwi/sub-45900_ses-02_acq-AxCaliber3_dir-AP_part-mag_dwi.nii.gz'), PosixPath('/data/parietal/store3/work/haggarwa/diffusion/data/WAND/sub-45900/ses-02/dwi/sub-45900_ses-02_acq-AxCaliber4_dir-AP_part-mag_dwi.nii.gz')]
Saved /data/parietal/store3/work/haggarwa/diffusion/data/WAND-concat/sub-45900/ses-02/dwi/sub-45900_ses-02_acq-AxCaliberConcat_dwi.nii.gz
Saved /data/parietal/store3/work/haggarwa/diffusion/data/WAND-concat/sub-45900/ses-02/dwi/sub-45900_ses-02_acq-AxCaliberConcat_dwi.bval
Saved /data/parietal/store3/work/haggarwa/diffusion/data/WAND-concat/sub-45900/ses-02/dwi/sub-45900_ses-02_acq-AxCaliberConcat_dwi.bvec
[PosixPath('/data/parietal/store3/work/haggarwa/diffusion/data/WAND/sub-54979/ses-02/dwi/sub-54979_ses-02_acq-AxCaliber1_dir-AP_part-mag_dwi.nii.gz'), PosixPath('/data/parietal/store3/work/haggarwa/diffusion/data/WAND/sub-54979/ses-02/dwi/sub-54979_ses-02_acq-AxCaliber2_dir-AP_part-mag_dwi.nii.gz'), PosixPath('/data/parietal/store3/work/haggarwa/diffusion/data/WAND/sub-54979/ses-02/dwi/sub-54979_ses-02_acq-AxCaliber3_dir-AP_part-mag_dwi.nii.gz'), PosixPath('/data/parietal/store3/work/haggarwa/diffusion/data/WAND/sub-54979/ses-02/dwi/sub-54979_ses-02_acq-AxCaliber4_dir-AP_part-mag_dwi.nii.gz')]
Saved /data/parietal/store3/work/haggarwa/diffusion/data/WAND-concat/sub-54979/ses-02/dwi/sub-54979_ses-02_acq-AxCaliberConcat_dwi.nii.gz
Saved /data/parietal/store3/work/haggarwa/diffusion/data/WAND-concat/sub-54979/ses-02/dwi/sub-54979_ses-02_acq-AxCaliberConcat_dwi.bval
Saved /data/parietal/store3/work/haggarwa/diffusion/data/WAND-concat/sub-54979/ses-02/dwi/sub-54979_ses-02_acq-AxCaliberConcat_dwi.bvec
[]
[PosixPath('/data/parietal/store3/work/haggarwa/diffusion/data/WAND/sub-69988/ses-02/dwi/sub-69988_ses-02_acq-AxCaliber1_dir-AP_part-mag_dwi.nii.gz'), PosixPath('/data/parietal/store3/work/haggarwa/diffusion/data/WAND/sub-69988/ses-02/dwi/sub-69988_ses-02_acq-AxCaliber2_dir-AP_part-mag_dwi.nii.gz'), PosixPath('/data/parietal/store3/work/haggarwa/diffusion/data/WAND/sub-69988/ses-02/dwi/sub-69988_ses-02_acq-AxCaliber3_dir-AP_part-mag_dwi.nii.gz'), PosixPath('/data/parietal/store3/work/haggarwa/diffusion/data/WAND/sub-69988/ses-02/dwi/sub-69988_ses-02_acq-AxCaliber4_dir-AP_part-mag_dwi.nii.gz')]
Saved /data/parietal/store3/work/haggarwa/diffusion/data/WAND-concat/sub-69988/ses-02/dwi/sub-69988_ses-02_acq-AxCaliberConcat_dwi.nii.gz
Saved /data/parietal/store3/work/haggarwa/diffusion/data/WAND-concat/sub-69988/ses-02/dwi/sub-69988_ses-02_acq-AxCaliberConcat_dwi.bval
Saved /data/parietal/store3/work/haggarwa/diffusion/data/WAND-concat/sub-69988/ses-02/dwi/sub-69988_ses-02_acq-AxCaliberConcat_dwi.bvec
[]
[PosixPath('/data/parietal/store3/work/haggarwa/diffusion/data/WAND/sub-79577/ses-02/dwi/sub-79577_ses-02_acq-AxCaliber1_dir-AP_part-mag_dwi.nii.gz'), PosixPath('/data/parietal/store3/work/haggarwa/diffusion/data/WAND/sub-79577/ses-02/dwi/sub-79577_ses-02_acq-AxCaliber2_dir-AP_part-mag_dwi.nii.gz'), PosixPath('/data/parietal/store3/work/haggarwa/diffusion/data/WAND/sub-79577/ses-02/dwi/sub-79577_ses-02_acq-AxCaliber3_dir-AP_part-mag_dwi.nii.gz'), PosixPath('/data/parietal/store3/work/haggarwa/diffusion/data/WAND/sub-79577/ses-02/dwi/sub-79577_ses-02_acq-AxCaliber4_dir-AP_part-mag_dwi.nii.gz')]
Saved /data/parietal/store3/work/haggarwa/diffusion/data/WAND-concat/sub-79577/ses-02/dwi/sub-79577_ses-02_acq-AxCaliberConcat_dwi.nii.gz
Saved /data/parietal/store3/work/haggarwa/diffusion/data/WAND-concat/sub-79577/ses-02/dwi/sub-79577_ses-02_acq-AxCaliberConcat_dwi.bval
Saved /data/parietal/store3/work/haggarwa/diffusion/data/WAND-concat/sub-79577/ses-02/dwi/sub-79577_ses-02_acq-AxCaliberConcat_dwi.bvec
[PosixPath('/data/parietal/store3/work/haggarwa/diffusion/data/WAND/sub-89448/ses-02/dwi/sub-89448_ses-02_acq-AxCaliber1_dir-AP_part-mag_dwi.nii.gz'), PosixPath('/data/parietal/store3/work/haggarwa/diffusion/data/WAND/sub-89448/ses-02/dwi/sub-89448_ses-02_acq-AxCaliber2_dir-AP_part-mag_dwi.nii.gz'), PosixPath('/data/parietal/store3/work/haggarwa/diffusion/data/WAND/sub-89448/ses-02/dwi/sub-89448_ses-02_acq-AxCaliber3_dir-AP_part-mag_dwi.nii.gz'), PosixPath('/data/parietal/store3/work/haggarwa/diffusion/data/WAND/sub-89448/ses-02/dwi/sub-89448_ses-02_acq-AxCaliber4_dir-AP_part-mag_dwi.nii.gz')]
Saved /data/parietal/store3/work/haggarwa/diffusion/data/WAND-concat/sub-89448/ses-02/dwi/sub-89448_ses-02_acq-AxCaliberConcat_dwi.nii.gz
Saved /data/parietal/store3/work/haggarwa/diffusion/data/WAND-concat/sub-89448/ses-02/dwi/sub-89448_ses-02_acq-AxCaliberConcat_dwi.bval
Saved /data/parietal/store3/work/haggarwa/diffusion/data/WAND-concat/sub-89448/ses-02/dwi/sub-89448_ses-02_acq-AxCaliberConcat_dwi.bvec
[PosixPath('/data/parietal/store3/work/haggarwa/diffusion/data/WAND/sub-04843/ses-02/dwi/sub-04843_ses-02_acq-AxCaliber1_dir-AP_part-mag_dwi.nii.gz'), PosixPath('/data/parietal/store3/work/haggarwa/diffusion/data/WAND/sub-04843/ses-02/dwi/sub-04843_ses-02_acq-AxCaliber2_dir-AP_part-mag_dwi.nii.gz'), PosixPath('/data/parietal/store3/work/haggarwa/diffusion/data/WAND/sub-04843/ses-02/dwi/sub-04843_ses-02_acq-AxCaliber3_dir-AP_part-mag_dwi.nii.gz'), PosixPath('/data/parietal/store3/work/haggarwa/diffusion/data/WAND/sub-04843/ses-02/dwi/sub-04843_ses-02_acq-AxCaliber4_dir-AP_part-mag_dwi.nii.gz')]
Saved /data/parietal/store3/work/haggarwa/diffusion/data/WAND-concat/sub-04843/ses-02/dwi/sub-04843_ses-02_acq-AxCaliberConcat_dwi.nii.gz
Saved /data/parietal/store3/work/haggarwa/diffusion/data/WAND-concat/sub-04843/ses-02/dwi/sub-04843_ses-02_acq-AxCaliberConcat_dwi.bval
Saved /data/parietal/store3/work/haggarwa/diffusion/data/WAND-concat/sub-04843/ses-02/dwi/sub-04843_ses-02_acq-AxCaliberConcat_dwi.bvec
[PosixPath('/data/parietal/store3/work/haggarwa/diffusion/data/WAND/sub-14445/ses-02/dwi/sub-14445_ses-02_acq-AxCaliber1_dir-AP_part-mag_dwi.nii.gz'), PosixPath('/data/parietal/store3/work/haggarwa/diffusion/data/WAND/sub-14445/ses-02/dwi/sub-14445_ses-02_acq-AxCaliber2_dir-AP_part-mag_dwi.nii.gz'), PosixPath('/data/parietal/store3/work/haggarwa/diffusion/data/WAND/sub-14445/ses-02/dwi/sub-14445_ses-02_acq-AxCaliber3_dir-AP_part-mag_dwi.nii.gz'), PosixPath('/data/parietal/store3/work/haggarwa/diffusion/data/WAND/sub-14445/ses-02/dwi/sub-14445_ses-02_acq-AxCaliber4_dir-AP_part-mag_dwi.nii.gz')]
Saved /data/parietal/store3/work/haggarwa/diffusion/data/WAND-concat/sub-14445/ses-02/dwi/sub-14445_ses-02_acq-AxCaliberConcat_dwi.nii.gz
Saved /data/parietal/store3/work/haggarwa/diffusion/data/WAND-concat/sub-14445/ses-02/dwi/sub-14445_ses-02_acq-AxCaliberConcat_dwi.bval
Saved /data/parietal/store3/work/haggarwa/diffusion/data/WAND-concat/sub-14445/ses-02/dwi/sub-14445_ses-02_acq-AxCaliberConcat_dwi.bvec
[PosixPath('/data/parietal/store3/work/haggarwa/diffusion/data/WAND/sub-26383/ses-02/dwi/sub-26383_ses-02_acq-AxCaliber1_dir-AP_part-mag_dwi.nii.gz'), PosixPath('/data/parietal/store3/work/haggarwa/diffusion/data/WAND/sub-26383/ses-02/dwi/sub-26383_ses-02_acq-AxCaliber2_dir-AP_part-mag_dwi.nii.gz'), PosixPath('/data/parietal/store3/work/haggarwa/diffusion/data/WAND/sub-26383/ses-02/dwi/sub-26383_ses-02_acq-AxCaliber3_dir-AP_part-mag_dwi.nii.gz'), PosixPath('/data/parietal/store3/work/haggarwa/diffusion/data/WAND/sub-26383/ses-02/dwi/sub-26383_ses-02_acq-AxCaliber4_dir-AP_part-mag_dwi.nii.gz')]
Saved /data/parietal/store3/work/haggarwa/diffusion/data/WAND-concat/sub-26383/ses-02/dwi/sub-26383_ses-02_acq-AxCaliberConcat_dwi.nii.gz
Saved /data/parietal/store3/work/haggarwa/diffusion/data/WAND-concat/sub-26383/ses-02/dwi/sub-26383_ses-02_acq-AxCaliberConcat_dwi.bval
Saved /data/parietal/store3/work/haggarwa/diffusion/data/WAND-concat/sub-26383/ses-02/dwi/sub-26383_ses-02_acq-AxCaliberConcat_dwi.bvec
[PosixPath('/data/parietal/store3/work/haggarwa/diffusion/data/WAND/sub-43240/ses-02/dwi/sub-43240_ses-02_acq-AxCaliber1_dir-AP_part-mag_dwi.nii.gz'), PosixPath('/data/parietal/store3/work/haggarwa/diffusion/data/WAND/sub-43240/ses-02/dwi/sub-43240_ses-02_acq-AxCaliber2_dir-AP_part-mag_dwi.nii.gz'), PosixPath('/data/parietal/store3/work/haggarwa/diffusion/data/WAND/sub-43240/ses-02/dwi/sub-43240_ses-02_acq-AxCaliber3_dir-AP_part-mag_dwi.nii.gz'), PosixPath('/data/parietal/store3/work/haggarwa/diffusion/data/WAND/sub-43240/ses-02/dwi/sub-43240_ses-02_acq-AxCaliber4_dir-AP_part-mag_dwi.nii.gz')]
Saved /data/parietal/store3/work/haggarwa/diffusion/data/WAND-concat/sub-43240/ses-02/dwi/sub-43240_ses-02_acq-AxCaliberConcat_dwi.nii.gz
Saved /data/parietal/store3/work/haggarwa/diffusion/data/WAND-concat/sub-43240/ses-02/dwi/sub-43240_ses-02_acq-AxCaliberConcat_dwi.bval
Saved /data/parietal/store3/work/haggarwa/diffusion/data/WAND-concat/sub-43240/ses-02/dwi/sub-43240_ses-02_acq-AxCaliberConcat_dwi.bvec
[PosixPath('/data/parietal/store3/work/haggarwa/diffusion/data/WAND/sub-57198/ses-02/dwi/sub-57198_ses-02_acq-AxCaliber1_dir-AP_part-mag_dwi.nii.gz'), PosixPath('/data/parietal/store3/work/haggarwa/diffusion/data/WAND/sub-57198/ses-02/dwi/sub-57198_ses-02_acq-AxCaliber2_dir-AP_part-mag_dwi.nii.gz'), PosixPath('/data/parietal/store3/work/haggarwa/diffusion/data/WAND/sub-57198/ses-02/dwi/sub-57198_ses-02_acq-AxCaliber3_dir-AP_part-mag_dwi.nii.gz'), PosixPath('/data/parietal/store3/work/haggarwa/diffusion/data/WAND/sub-57198/ses-02/dwi/sub-57198_ses-02_acq-AxCaliber4_dir-AP_part-mag_dwi.nii.gz')]
Saved /data/parietal/store3/work/haggarwa/diffusion/data/WAND-concat/sub-57198/ses-02/dwi/sub-57198_ses-02_acq-AxCaliberConcat_dwi.nii.gz
Saved /data/parietal/store3/work/haggarwa/diffusion/data/WAND-concat/sub-57198/ses-02/dwi/sub-57198_ses-02_acq-AxCaliberConcat_dwi.bval
Saved /data/parietal/store3/work/haggarwa/diffusion/data/WAND-concat/sub-57198/ses-02/dwi/sub-57198_ses-02_acq-AxCaliberConcat_dwi.bvec
[PosixPath('/data/parietal/store3/work/haggarwa/diffusion/data/WAND/sub-69577/ses-02/dwi/sub-69577_ses-02_acq-AxCaliber1_dir-AP_part-mag_dwi.nii.gz'), PosixPath('/data/parietal/store3/work/haggarwa/diffusion/data/WAND/sub-69577/ses-02/dwi/sub-69577_ses-02_acq-AxCaliber2_dir-AP_part-mag_dwi.nii.gz'), PosixPath('/data/parietal/store3/work/haggarwa/diffusion/data/WAND/sub-69577/ses-02/dwi/sub-69577_ses-02_acq-AxCaliber3_dir-AP_part-mag_dwi.nii.gz'), PosixPath('/data/parietal/store3/work/haggarwa/diffusion/data/WAND/sub-69577/ses-02/dwi/sub-69577_ses-02_acq-AxCaliber4_dir-AP_part-mag_dwi.nii.gz')]
Saved /data/parietal/store3/work/haggarwa/diffusion/data/WAND-concat/sub-69577/ses-02/dwi/sub-69577_ses-02_acq-AxCaliberConcat_dwi.nii.gz
Saved /data/parietal/store3/work/haggarwa/diffusion/data/WAND-concat/sub-69577/ses-02/dwi/sub-69577_ses-02_acq-AxCaliberConcat_dwi.bval
Saved /data/parietal/store3/work/haggarwa/diffusion/data/WAND-concat/sub-69577/ses-02/dwi/sub-69577_ses-02_acq-AxCaliberConcat_dwi.bvec
[PosixPath('/data/parietal/store3/work/haggarwa/diffusion/data/WAND/sub-77708/ses-02/dwi/sub-77708_ses-02_acq-AxCaliber1_dir-AP_part-mag_dwi.nii.gz'), PosixPath('/data/parietal/store3/work/haggarwa/diffusion/data/WAND/sub-77708/ses-02/dwi/sub-77708_ses-02_acq-AxCaliber2_dir-AP_part-mag_dwi.nii.gz'), PosixPath('/data/parietal/store3/work/haggarwa/diffusion/data/WAND/sub-77708/ses-02/dwi/sub-77708_ses-02_acq-AxCaliber3_dir-AP_part-mag_dwi.nii.gz'), PosixPath('/data/parietal/store3/work/haggarwa/diffusion/data/WAND/sub-77708/ses-02/dwi/sub-77708_ses-02_acq-AxCaliber4_dir-AP_part-mag_dwi.nii.gz')]
Saved /data/parietal/store3/work/haggarwa/diffusion/data/WAND-concat/sub-77708/ses-02/dwi/sub-77708_ses-02_acq-AxCaliberConcat_dwi.nii.gz
Saved /data/parietal/store3/work/haggarwa/diffusion/data/WAND-concat/sub-77708/ses-02/dwi/sub-77708_ses-02_acq-AxCaliberConcat_dwi.bval
Saved /data/parietal/store3/work/haggarwa/diffusion/data/WAND-concat/sub-77708/ses-02/dwi/sub-77708_ses-02_acq-AxCaliberConcat_dwi.bvec
[PosixPath('/data/parietal/store3/work/haggarwa/diffusion/data/WAND/sub-89440/ses-02/dwi/sub-89440_ses-02_acq-AxCaliber1_dir-AP_part-mag_dwi.nii.gz'), PosixPath('/data/parietal/store3/work/haggarwa/diffusion/data/WAND/sub-89440/ses-02/dwi/sub-89440_ses-02_acq-AxCaliber2_dir-AP_part-mag_dwi.nii.gz'), PosixPath('/data/parietal/store3/work/haggarwa/diffusion/data/WAND/sub-89440/ses-02/dwi/sub-89440_ses-02_acq-AxCaliber3_dir-AP_part-mag_dwi.nii.gz'), PosixPath('/data/parietal/store3/work/haggarwa/diffusion/data/WAND/sub-89440/ses-02/dwi/sub-89440_ses-02_acq-AxCaliber4_dir-AP_part-mag_dwi.nii.gz')]
Saved /data/parietal/store3/work/haggarwa/diffusion/data/WAND-concat/sub-89440/ses-02/dwi/sub-89440_ses-02_acq-AxCaliberConcat_dwi.nii.gz
Saved /data/parietal/store3/work/haggarwa/diffusion/data/WAND-concat/sub-89440/ses-02/dwi/sub-89440_ses-02_acq-AxCaliberConcat_dwi.bval
Saved /data/parietal/store3/work/haggarwa/diffusion/data/WAND-concat/sub-89440/ses-02/dwi/sub-89440_ses-02_acq-AxCaliberConcat_dwi.bvec
[PosixPath('/data/parietal/store3/work/haggarwa/diffusion/data/WAND/sub-09188/ses-02/dwi/sub-09188_ses-02_acq-AxCaliber1_dir-AP_part-mag_dwi.nii.gz'), PosixPath('/data/parietal/store3/work/haggarwa/diffusion/data/WAND/sub-09188/ses-02/dwi/sub-09188_ses-02_acq-AxCaliber2_dir-AP_part-mag_dwi.nii.gz'), PosixPath('/data/parietal/store3/work/haggarwa/diffusion/data/WAND/sub-09188/ses-02/dwi/sub-09188_ses-02_acq-AxCaliber3_dir-AP_part-mag_dwi.nii.gz'), PosixPath('/data/parietal/store3/work/haggarwa/diffusion/data/WAND/sub-09188/ses-02/dwi/sub-09188_ses-02_acq-AxCaliber4_dir-AP_part-mag_dwi.nii.gz')]
Saved /data/parietal/store3/work/haggarwa/diffusion/data/WAND-concat/sub-09188/ses-02/dwi/sub-09188_ses-02_acq-AxCaliberConcat_dwi.nii.gz
Saved /data/parietal/store3/work/haggarwa/diffusion/data/WAND-concat/sub-09188/ses-02/dwi/sub-09188_ses-02_acq-AxCaliberConcat_dwi.bval
Saved /data/parietal/store3/work/haggarwa/diffusion/data/WAND-concat/sub-09188/ses-02/dwi/sub-09188_ses-02_acq-AxCaliberConcat_dwi.bvec
[PosixPath('/data/parietal/store3/work/haggarwa/diffusion/data/WAND/sub-20609/ses-02/dwi/sub-20609_ses-02_acq-AxCaliber1_dir-AP_part-mag_dwi.nii.gz'), PosixPath('/data/parietal/store3/work/haggarwa/diffusion/data/WAND/sub-20609/ses-02/dwi/sub-20609_ses-02_acq-AxCaliber2_dir-AP_part-mag_dwi.nii.gz'), PosixPath('/data/parietal/store3/work/haggarwa/diffusion/data/WAND/sub-20609/ses-02/dwi/sub-20609_ses-02_acq-AxCaliber3_dir-AP_part-mag_dwi.nii.gz'), PosixPath('/data/parietal/store3/work/haggarwa/diffusion/data/WAND/sub-20609/ses-02/dwi/sub-20609_ses-02_acq-AxCaliber4_dir-AP_part-mag_dwi.nii.gz')]
Saved /data/parietal/store3/work/haggarwa/diffusion/data/WAND-concat/sub-20609/ses-02/dwi/sub-20609_ses-02_acq-AxCaliberConcat_dwi.nii.gz
Saved /data/parietal/store3/work/haggarwa/diffusion/data/WAND-concat/sub-20609/ses-02/dwi/sub-20609_ses-02_acq-AxCaliberConcat_dwi.bval
Saved /data/parietal/store3/work/haggarwa/diffusion/data/WAND-concat/sub-20609/ses-02/dwi/sub-20609_ses-02_acq-AxCaliberConcat_dwi.bvec
[PosixPath('/data/parietal/store3/work/haggarwa/diffusion/data/WAND/sub-28617/ses-02/dwi/sub-28617_ses-02_acq-AxCaliber1_dir-AP_part-mag_dwi.nii.gz'), PosixPath('/data/parietal/store3/work/haggarwa/diffusion/data/WAND/sub-28617/ses-02/dwi/sub-28617_ses-02_acq-AxCaliber2_dir-AP_part-mag_dwi.nii.gz'), PosixPath('/data/parietal/store3/work/haggarwa/diffusion/data/WAND/sub-28617/ses-02/dwi/sub-28617_ses-02_acq-AxCaliber3_dir-AP_part-mag_dwi.nii.gz'), PosixPath('/data/parietal/store3/work/haggarwa/diffusion/data/WAND/sub-28617/ses-02/dwi/sub-28617_ses-02_acq-AxCaliber4_dir-AP_part-mag_dwi.nii.gz')]
Saved /data/parietal/store3/work/haggarwa/diffusion/data/WAND-concat/sub-28617/ses-02/dwi/sub-28617_ses-02_acq-AxCaliberConcat_dwi.nii.gz
Saved /data/parietal/store3/work/haggarwa/diffusion/data/WAND-concat/sub-28617/ses-02/dwi/sub-28617_ses-02_acq-AxCaliberConcat_dwi.bval
Saved /data/parietal/store3/work/haggarwa/diffusion/data/WAND-concat/sub-28617/ses-02/dwi/sub-28617_ses-02_acq-AxCaliberConcat_dwi.bvec
[PosixPath('/data/parietal/store3/work/haggarwa/diffusion/data/WAND/sub-43425/ses-02/dwi/sub-43425_ses-02_acq-AxCaliber1_dir-AP_part-mag_dwi.nii.gz'), PosixPath('/data/parietal/store3/work/haggarwa/diffusion/data/WAND/sub-43425/ses-02/dwi/sub-43425_ses-02_acq-AxCaliber2_dir-AP_part-mag_dwi.nii.gz'), PosixPath('/data/parietal/store3/work/haggarwa/diffusion/data/WAND/sub-43425/ses-02/dwi/sub-43425_ses-02_acq-AxCaliber3_dir-AP_part-mag_dwi.nii.gz'), PosixPath('/data/parietal/store3/work/haggarwa/diffusion/data/WAND/sub-43425/ses-02/dwi/sub-43425_ses-02_acq-AxCaliber4_dir-AP_part-mag_dwi.nii.gz')]
Saved /data/parietal/store3/work/haggarwa/diffusion/data/WAND-concat/sub-43425/ses-02/dwi/sub-43425_ses-02_acq-AxCaliberConcat_dwi.nii.gz
Saved /data/parietal/store3/work/haggarwa/diffusion/data/WAND-concat/sub-43425/ses-02/dwi/sub-43425_ses-02_acq-AxCaliberConcat_dwi.bval
Saved /data/parietal/store3/work/haggarwa/diffusion/data/WAND-concat/sub-43425/ses-02/dwi/sub-43425_ses-02_acq-AxCaliberConcat_dwi.bvec
[PosixPath('/data/parietal/store3/work/haggarwa/diffusion/data/WAND/sub-62533/ses-02/dwi/sub-62533_ses-02_acq-AxCaliber1_dir-AP_part-mag_dwi.nii.gz'), PosixPath('/data/parietal/store3/work/haggarwa/diffusion/data/WAND/sub-62533/ses-02/dwi/sub-62533_ses-02_acq-AxCaliber2_dir-AP_part-mag_dwi.nii.gz'), PosixPath('/data/parietal/store3/work/haggarwa/diffusion/data/WAND/sub-62533/ses-02/dwi/sub-62533_ses-02_acq-AxCaliber3_dir-AP_part-mag_dwi.nii.gz'), PosixPath('/data/parietal/store3/work/haggarwa/diffusion/data/WAND/sub-62533/ses-02/dwi/sub-62533_ses-02_acq-AxCaliber4_dir-AP_part-mag_dwi.nii.gz')]
Saved /data/parietal/store3/work/haggarwa/diffusion/data/WAND-concat/sub-62533/ses-02/dwi/sub-62533_ses-02_acq-AxCaliberConcat_dwi.nii.gz
Saved /data/parietal/store3/work/haggarwa/diffusion/data/WAND-concat/sub-62533/ses-02/dwi/sub-62533_ses-02_acq-AxCaliberConcat_dwi.bval
Saved /data/parietal/store3/work/haggarwa/diffusion/data/WAND-concat/sub-62533/ses-02/dwi/sub-62533_ses-02_acq-AxCaliberConcat_dwi.bvec
[PosixPath('/data/parietal/store3/work/haggarwa/diffusion/data/WAND/sub-72783/ses-02/dwi/sub-72783_ses-02_acq-AxCaliber1_dir-AP_part-mag_dwi.nii.gz'), PosixPath('/data/parietal/store3/work/haggarwa/diffusion/data/WAND/sub-72783/ses-02/dwi/sub-72783_ses-02_acq-AxCaliber2_dir-AP_part-mag_dwi.nii.gz'), PosixPath('/data/parietal/store3/work/haggarwa/diffusion/data/WAND/sub-72783/ses-02/dwi/sub-72783_ses-02_acq-AxCaliber3_dir-AP_part-mag_dwi.nii.gz'), PosixPath('/data/parietal/store3/work/haggarwa/diffusion/data/WAND/sub-72783/ses-02/dwi/sub-72783_ses-02_acq-AxCaliber4_dir-AP_part-mag_dwi.nii.gz')]
Saved /data/parietal/store3/work/haggarwa/diffusion/data/WAND-concat/sub-72783/ses-02/dwi/sub-72783_ses-02_acq-AxCaliberConcat_dwi.nii.gz
Saved /data/parietal/store3/work/haggarwa/diffusion/data/WAND-concat/sub-72783/ses-02/dwi/sub-72783_ses-02_acq-AxCaliberConcat_dwi.bval
Saved /data/parietal/store3/work/haggarwa/diffusion/data/WAND-concat/sub-72783/ses-02/dwi/sub-72783_ses-02_acq-AxCaliberConcat_dwi.bvec
[PosixPath('/data/parietal/store3/work/haggarwa/diffusion/data/WAND/sub-83170/ses-02/dwi/sub-83170_ses-02_acq-AxCaliber1_dir-AP_part-mag_dwi.nii.gz'), PosixPath('/data/parietal/store3/work/haggarwa/diffusion/data/WAND/sub-83170/ses-02/dwi/sub-83170_ses-02_acq-AxCaliber2_dir-AP_part-mag_dwi.nii.gz'), PosixPath('/data/parietal/store3/work/haggarwa/diffusion/data/WAND/sub-83170/ses-02/dwi/sub-83170_ses-02_acq-AxCaliber3_dir-AP_part-mag_dwi.nii.gz'), PosixPath('/data/parietal/store3/work/haggarwa/diffusion/data/WAND/sub-83170/ses-02/dwi/sub-83170_ses-02_acq-AxCaliber4_dir-AP_part-mag_dwi.nii.gz')]
Saved /data/parietal/store3/work/haggarwa/diffusion/data/WAND-concat/sub-83170/ses-02/dwi/sub-83170_ses-02_acq-AxCaliberConcat_dwi.nii.gz
Saved /data/parietal/store3/work/haggarwa/diffusion/data/WAND-concat/sub-83170/ses-02/dwi/sub-83170_ses-02_acq-AxCaliberConcat_dwi.bval
Saved /data/parietal/store3/work/haggarwa/diffusion/data/WAND-concat/sub-83170/ses-02/dwi/sub-83170_ses-02_acq-AxCaliberConcat_dwi.bvec
[PosixPath('/data/parietal/store3/work/haggarwa/diffusion/data/WAND/sub-93112/ses-02/dwi/sub-93112_ses-02_acq-AxCaliber1_dir-AP_part-mag_dwi.nii.gz'), PosixPath('/data/parietal/store3/work/haggarwa/diffusion/data/WAND/sub-93112/ses-02/dwi/sub-93112_ses-02_acq-AxCaliber2_dir-AP_part-mag_dwi.nii.gz'), PosixPath('/data/parietal/store3/work/haggarwa/diffusion/data/WAND/sub-93112/ses-02/dwi/sub-93112_ses-02_acq-AxCaliber3_dir-AP_part-mag_dwi.nii.gz'), PosixPath('/data/parietal/store3/work/haggarwa/diffusion/data/WAND/sub-93112/ses-02/dwi/sub-93112_ses-02_acq-AxCaliber4_dir-AP_part-mag_dwi.nii.gz')]
[PosixPath('/data/parietal/store3/work/haggarwa/diffusion/data/WAND/sub-09720/ses-02/dwi/sub-09720_ses-02_acq-AxCaliber1_dir-AP_part-mag_dwi.nii.gz'), PosixPath('/data/parietal/store3/work/haggarwa/diffusion/data/WAND/sub-09720/ses-02/dwi/sub-09720_ses-02_acq-AxCaliber2_dir-AP_part-mag_dwi.nii.gz'), PosixPath('/data/parietal/store3/work/haggarwa/diffusion/data/WAND/sub-09720/ses-02/dwi/sub-09720_ses-02_acq-AxCaliber3_dir-AP_part-mag_dwi.nii.gz'), PosixPath('/data/parietal/store3/work/haggarwa/diffusion/data/WAND/sub-09720/ses-02/dwi/sub-09720_ses-02_acq-AxCaliber4_dir-AP_part-mag_dwi.nii.gz')]
Saved /data/parietal/store3/work/haggarwa/diffusion/data/WAND-concat/sub-09720/ses-02/dwi/sub-09720_ses-02_acq-AxCaliberConcat_dwi.nii.gz
Saved /data/parietal/store3/work/haggarwa/diffusion/data/WAND-concat/sub-09720/ses-02/dwi/sub-09720_ses-02_acq-AxCaliberConcat_dwi.bval
Saved /data/parietal/store3/work/haggarwa/diffusion/data/WAND-concat/sub-09720/ses-02/dwi/sub-09720_ses-02_acq-AxCaliberConcat_dwi.bvec
[PosixPath('/data/parietal/store3/work/haggarwa/diffusion/data/WAND/sub-23322/ses-02/dwi/sub-23322_ses-02_acq-AxCaliber1_dir-AP_part-mag_dwi.nii.gz'), PosixPath('/data/parietal/store3/work/haggarwa/diffusion/data/WAND/sub-23322/ses-02/dwi/sub-23322_ses-02_acq-AxCaliber2_dir-AP_part-mag_dwi.nii.gz'), PosixPath('/data/parietal/store3/work/haggarwa/diffusion/data/WAND/sub-23322/ses-02/dwi/sub-23322_ses-02_acq-AxCaliber3_dir-AP_part-mag_dwi.nii.gz'), PosixPath('/data/parietal/store3/work/haggarwa/diffusion/data/WAND/sub-23322/ses-02/dwi/sub-23322_ses-02_acq-AxCaliber4_dir-AP_part-mag_dwi.nii.gz')]
Saved /data/parietal/store3/work/haggarwa/diffusion/data/WAND-concat/sub-23322/ses-02/dwi/sub-23322_ses-02_acq-AxCaliberConcat_dwi.nii.gz
Saved /data/parietal/store3/work/haggarwa/diffusion/data/WAND-concat/sub-23322/ses-02/dwi/sub-23322_ses-02_acq-AxCaliberConcat_dwi.bval
Saved /data/parietal/store3/work/haggarwa/diffusion/data/WAND-concat/sub-23322/ses-02/dwi/sub-23322_ses-02_acq-AxCaliberConcat_dwi.bvec
[PosixPath('/data/parietal/store3/work/haggarwa/diffusion/data/WAND/sub-36346/ses-02/dwi/sub-36346_ses-02_acq-AxCaliber1_dir-AP_part-mag_dwi.nii.gz'), PosixPath('/data/parietal/store3/work/haggarwa/diffusion/data/WAND/sub-36346/ses-02/dwi/sub-36346_ses-02_acq-AxCaliber2_dir-AP_part-mag_dwi.nii.gz'), PosixPath('/data/parietal/store3/work/haggarwa/diffusion/data/WAND/sub-36346/ses-02/dwi/sub-36346_ses-02_acq-AxCaliber3_dir-AP_part-mag_dwi.nii.gz'), PosixPath('/data/parietal/store3/work/haggarwa/diffusion/data/WAND/sub-36346/ses-02/dwi/sub-36346_ses-02_acq-AxCaliber4_dir-AP_part-mag_dwi.nii.gz')]
Saved /data/parietal/store3/work/haggarwa/diffusion/data/WAND-concat/sub-36346/ses-02/dwi/sub-36346_ses-02_acq-AxCaliberConcat_dwi.nii.gz
Saved /data/parietal/store3/work/haggarwa/diffusion/data/WAND-concat/sub-36346/ses-02/dwi/sub-36346_ses-02_acq-AxCaliberConcat_dwi.bval
Saved /data/parietal/store3/work/haggarwa/diffusion/data/WAND-concat/sub-36346/ses-02/dwi/sub-36346_ses-02_acq-AxCaliberConcat_dwi.bvec
[PosixPath('/data/parietal/store3/work/haggarwa/diffusion/data/WAND/sub-47206/ses-02/dwi/sub-47206_ses-02_acq-AxCaliber1_dir-AP_part-mag_dwi.nii.gz'), PosixPath('/data/parietal/store3/work/haggarwa/diffusion/data/WAND/sub-47206/ses-02/dwi/sub-47206_ses-02_acq-AxCaliber2_dir-AP_part-mag_dwi.nii.gz'), PosixPath('/data/parietal/store3/work/haggarwa/diffusion/data/WAND/sub-47206/ses-02/dwi/sub-47206_ses-02_acq-AxCaliber3_dir-AP_part-mag_dwi.nii.gz'), PosixPath('/data/parietal/store3/work/haggarwa/diffusion/data/WAND/sub-47206/ses-02/dwi/sub-47206_ses-02_acq-AxCaliber4_dir-AP_part-mag_dwi.nii.gz')]
Saved /data/parietal/store3/work/haggarwa/diffusion/data/WAND-concat/sub-47206/ses-02/dwi/sub-47206_ses-02_acq-AxCaliberConcat_dwi.nii.gz
Saved /data/parietal/store3/work/haggarwa/diffusion/data/WAND-concat/sub-47206/ses-02/dwi/sub-47206_ses-02_acq-AxCaliberConcat_dwi.bval
Saved /data/parietal/store3/work/haggarwa/diffusion/data/WAND-concat/sub-47206/ses-02/dwi/sub-47206_ses-02_acq-AxCaliberConcat_dwi.bvec
[PosixPath('/data/parietal/store3/work/haggarwa/diffusion/data/WAND/sub-61880/ses-02/dwi/sub-61880_ses-02_acq-AxCaliber1_dir-AP_part-mag_dwi.nii.gz'), PosixPath('/data/parietal/store3/work/haggarwa/diffusion/data/WAND/sub-61880/ses-02/dwi/sub-61880_ses-02_acq-AxCaliber2_dir-AP_part-mag_dwi.nii.gz'), PosixPath('/data/parietal/store3/work/haggarwa/diffusion/data/WAND/sub-61880/ses-02/dwi/sub-61880_ses-02_acq-AxCaliber3_dir-AP_part-mag_dwi.nii.gz'), PosixPath('/data/parietal/store3/work/haggarwa/diffusion/data/WAND/sub-61880/ses-02/dwi/sub-61880_ses-02_acq-AxCaliber4_dir-AP_part-mag_dwi.nii.gz')]
Saved /data/parietal/store3/work/haggarwa/diffusion/data/WAND-concat/sub-61880/ses-02/dwi/sub-61880_ses-02_acq-AxCaliberConcat_dwi.nii.gz
Saved /data/parietal/store3/work/haggarwa/diffusion/data/WAND-concat/sub-61880/ses-02/dwi/sub-61880_ses-02_acq-AxCaliberConcat_dwi.bval
Saved /data/parietal/store3/work/haggarwa/diffusion/data/WAND-concat/sub-61880/ses-02/dwi/sub-61880_ses-02_acq-AxCaliberConcat_dwi.bvec
[PosixPath('/data/parietal/store3/work/haggarwa/diffusion/data/WAND/sub-73121/ses-02/dwi/sub-73121_ses-02_acq-AxCaliber1_dir-AP_part-mag_dwi.nii.gz'), PosixPath('/data/parietal/store3/work/haggarwa/diffusion/data/WAND/sub-73121/ses-02/dwi/sub-73121_ses-02_acq-AxCaliber2_dir-AP_part-mag_dwi.nii.gz'), PosixPath('/data/parietal/store3/work/haggarwa/diffusion/data/WAND/sub-73121/ses-02/dwi/sub-73121_ses-02_acq-AxCaliber3_dir-AP_part-mag_dwi.nii.gz'), PosixPath('/data/parietal/store3/work/haggarwa/diffusion/data/WAND/sub-73121/ses-02/dwi/sub-73121_ses-02_acq-AxCaliber4_dir-AP_part-mag_dwi.nii.gz')]
Saved /data/parietal/store3/work/haggarwa/diffusion/data/WAND-concat/sub-73121/ses-02/dwi/sub-73121_ses-02_acq-AxCaliberConcat_dwi.nii.gz
Saved /data/parietal/store3/work/haggarwa/diffusion/data/WAND-concat/sub-73121/ses-02/dwi/sub-73121_ses-02_acq-AxCaliberConcat_dwi.bval
Saved /data/parietal/store3/work/haggarwa/diffusion/data/WAND-concat/sub-73121/ses-02/dwi/sub-73121_ses-02_acq-AxCaliberConcat_dwi.bvec
[PosixPath('/data/parietal/store3/work/haggarwa/diffusion/data/WAND/sub-82107/ses-02/dwi/sub-82107_ses-02_acq-AxCaliber1_dir-AP_part-mag_dwi.nii.gz'), PosixPath('/data/parietal/store3/work/haggarwa/diffusion/data/WAND/sub-82107/ses-02/dwi/sub-82107_ses-02_acq-AxCaliber2_dir-AP_part-mag_dwi.nii.gz'), PosixPath('/data/parietal/store3/work/haggarwa/diffusion/data/WAND/sub-82107/ses-02/dwi/sub-82107_ses-02_acq-AxCaliber3_dir-AP_part-mag_dwi.nii.gz'), PosixPath('/data/parietal/store3/work/haggarwa/diffusion/data/WAND/sub-82107/ses-02/dwi/sub-82107_ses-02_acq-AxCaliber4_dir-AP_part-mag_dwi.nii.gz')]
Saved /data/parietal/store3/work/haggarwa/diffusion/data/WAND-concat/sub-82107/ses-02/dwi/sub-82107_ses-02_acq-AxCaliberConcat_dwi.nii.gz
Saved /data/parietal/store3/work/haggarwa/diffusion/data/WAND-concat/sub-82107/ses-02/dwi/sub-82107_ses-02_acq-AxCaliberConcat_dwi.bval
Saved /data/parietal/store3/work/haggarwa/diffusion/data/WAND-concat/sub-82107/ses-02/dwi/sub-82107_ses-02_acq-AxCaliberConcat_dwi.bvec
[PosixPath('/data/parietal/store3/work/haggarwa/diffusion/data/WAND/sub-95017/ses-02/dwi/sub-95017_ses-02_acq-AxCaliber1_dir-AP_part-mag_dwi.nii.gz'), PosixPath('/data/parietal/store3/work/haggarwa/diffusion/data/WAND/sub-95017/ses-02/dwi/sub-95017_ses-02_acq-AxCaliber2_dir-AP_part-mag_dwi.nii.gz'), PosixPath('/data/parietal/store3/work/haggarwa/diffusion/data/WAND/sub-95017/ses-02/dwi/sub-95017_ses-02_acq-AxCaliber3_dir-AP_part-mag_dwi.nii.gz'), PosixPath('/data/parietal/store3/work/haggarwa/diffusion/data/WAND/sub-95017/ses-02/dwi/sub-95017_ses-02_acq-AxCaliber4_dir-AP_part-mag_dwi.nii.gz')]
[PosixPath('/data/parietal/store3/work/haggarwa/diffusion/data/WAND/sub-06783/ses-02/dwi/sub-06783_ses-02_acq-AxCaliber1_dir-AP_part-mag_dwi.nii.gz'), PosixPath('/data/parietal/store3/work/haggarwa/diffusion/data/WAND/sub-06783/ses-02/dwi/sub-06783_ses-02_acq-AxCaliber2_dir-AP_part-mag_dwi.nii.gz'), PosixPath('/data/parietal/store3/work/haggarwa/diffusion/data/WAND/sub-06783/ses-02/dwi/sub-06783_ses-02_acq-AxCaliber3_dir-AP_part-mag_dwi.nii.gz'), PosixPath('/data/parietal/store3/work/haggarwa/diffusion/data/WAND/sub-06783/ses-02/dwi/sub-06783_ses-02_acq-AxCaliber4_dir-AP_part-mag_dwi.nii.gz')]
Saved /data/parietal/store3/work/haggarwa/diffusion/data/WAND-concat/sub-06783/ses-02/dwi/sub-06783_ses-02_acq-AxCaliberConcat_dwi.nii.gz
Saved /data/parietal/store3/work/haggarwa/diffusion/data/WAND-concat/sub-06783/ses-02/dwi/sub-06783_ses-02_acq-AxCaliberConcat_dwi.bval
Saved /data/parietal/store3/work/haggarwa/diffusion/data/WAND-concat/sub-06783/ses-02/dwi/sub-06783_ses-02_acq-AxCaliberConcat_dwi.bvec
[PosixPath('/data/parietal/store3/work/haggarwa/diffusion/data/WAND/sub-13953/ses-02/dwi/sub-13953_ses-02_acq-AxCaliber1_dir-AP_part-mag_dwi.nii.gz'), PosixPath('/data/parietal/store3/work/haggarwa/diffusion/data/WAND/sub-13953/ses-02/dwi/sub-13953_ses-02_acq-AxCaliber2_dir-AP_part-mag_dwi.nii.gz'), PosixPath('/data/parietal/store3/work/haggarwa/diffusion/data/WAND/sub-13953/ses-02/dwi/sub-13953_ses-02_acq-AxCaliber3_dir-AP_part-mag_dwi.nii.gz'), PosixPath('/data/parietal/store3/work/haggarwa/diffusion/data/WAND/sub-13953/ses-02/dwi/sub-13953_ses-02_acq-AxCaliber4_dir-AP_part-mag_dwi.nii.gz')]
Saved /data/parietal/store3/work/haggarwa/diffusion/data/WAND-concat/sub-13953/ses-02/dwi/sub-13953_ses-02_acq-AxCaliberConcat_dwi.nii.gz
Saved /data/parietal/store3/work/haggarwa/diffusion/data/WAND-concat/sub-13953/ses-02/dwi/sub-13953_ses-02_acq-AxCaliberConcat_dwi.bval
Saved /data/parietal/store3/work/haggarwa/diffusion/data/WAND-concat/sub-13953/ses-02/dwi/sub-13953_ses-02_acq-AxCaliberConcat_dwi.bvec
[PosixPath('/data/parietal/store3/work/haggarwa/diffusion/data/WAND/sub-27711/ses-02/dwi/sub-27711_ses-02_acq-AxCaliber1_dir-AP_part-mag_dwi.nii.gz'), PosixPath('/data/parietal/store3/work/haggarwa/diffusion/data/WAND/sub-27711/ses-02/dwi/sub-27711_ses-02_acq-AxCaliber2_dir-AP_part-mag_dwi.nii.gz'), PosixPath('/data/parietal/store3/work/haggarwa/diffusion/data/WAND/sub-27711/ses-02/dwi/sub-27711_ses-02_acq-AxCaliber3_dir-AP_part-mag_dwi.nii.gz'), PosixPath('/data/parietal/store3/work/haggarwa/diffusion/data/WAND/sub-27711/ses-02/dwi/sub-27711_ses-02_acq-AxCaliber4_dir-AP_part-mag_dwi.nii.gz')]
Saved /data/parietal/store3/work/haggarwa/diffusion/data/WAND-concat/sub-27711/ses-02/dwi/sub-27711_ses-02_acq-AxCaliberConcat_dwi.nii.gz
Saved /data/parietal/store3/work/haggarwa/diffusion/data/WAND-concat/sub-27711/ses-02/dwi/sub-27711_ses-02_acq-AxCaliberConcat_dwi.bval
Saved /data/parietal/store3/work/haggarwa/diffusion/data/WAND-concat/sub-27711/ses-02/dwi/sub-27711_ses-02_acq-AxCaliberConcat_dwi.bvec
[PosixPath('/data/parietal/store3/work/haggarwa/diffusion/data/WAND/sub-42863/ses-02/dwi/sub-42863_ses-02_acq-AxCaliber1_dir-AP_part-mag_dwi.nii.gz'), PosixPath('/data/parietal/store3/work/haggarwa/diffusion/data/WAND/sub-42863/ses-02/dwi/sub-42863_ses-02_acq-AxCaliber2_dir-AP_part-mag_dwi.nii.gz'), PosixPath('/data/parietal/store3/work/haggarwa/diffusion/data/WAND/sub-42863/ses-02/dwi/sub-42863_ses-02_acq-AxCaliber3_dir-AP_part-mag_dwi.nii.gz'), PosixPath('/data/parietal/store3/work/haggarwa/diffusion/data/WAND/sub-42863/ses-02/dwi/sub-42863_ses-02_acq-AxCaliber4_dir-AP_part-mag_dwi.nii.gz')]
Saved /data/parietal/store3/work/haggarwa/diffusion/data/WAND-concat/sub-42863/ses-02/dwi/sub-42863_ses-02_acq-AxCaliberConcat_dwi.nii.gz
Saved /data/parietal/store3/work/haggarwa/diffusion/data/WAND-concat/sub-42863/ses-02/dwi/sub-42863_ses-02_acq-AxCaliberConcat_dwi.bval
Saved /data/parietal/store3/work/haggarwa/diffusion/data/WAND-concat/sub-42863/ses-02/dwi/sub-42863_ses-02_acq-AxCaliberConcat_dwi.bvec
[PosixPath('/data/parietal/store3/work/haggarwa/diffusion/data/WAND/sub-54544/ses-02/dwi/sub-54544_ses-02_acq-AxCaliber1_dir-AP_part-mag_dwi.nii.gz'), PosixPath('/data/parietal/store3/work/haggarwa/diffusion/data/WAND/sub-54544/ses-02/dwi/sub-54544_ses-02_acq-AxCaliber2_dir-AP_part-mag_dwi.nii.gz'), PosixPath('/data/parietal/store3/work/haggarwa/diffusion/data/WAND/sub-54544/ses-02/dwi/sub-54544_ses-02_acq-AxCaliber3_dir-AP_part-mag_dwi.nii.gz'), PosixPath('/data/parietal/store3/work/haggarwa/diffusion/data/WAND/sub-54544/ses-02/dwi/sub-54544_ses-02_acq-AxCaliber4_dir-AP_part-mag_dwi.nii.gz')]
Saved /data/parietal/store3/work/haggarwa/diffusion/data/WAND-concat/sub-54544/ses-02/dwi/sub-54544_ses-02_acq-AxCaliberConcat_dwi.nii.gz
Saved /data/parietal/store3/work/haggarwa/diffusion/data/WAND-concat/sub-54544/ses-02/dwi/sub-54544_ses-02_acq-AxCaliberConcat_dwi.bval
Saved /data/parietal/store3/work/haggarwa/diffusion/data/WAND-concat/sub-54544/ses-02/dwi/sub-54544_ses-02_acq-AxCaliberConcat_dwi.bvec
[PosixPath('/data/parietal/store3/work/haggarwa/diffusion/data/WAND/sub-68412/ses-02/dwi/sub-68412_ses-02_acq-AxCaliber1_dir-AP_part-mag_dwi.nii.gz'), PosixPath('/data/parietal/store3/work/haggarwa/diffusion/data/WAND/sub-68412/ses-02/dwi/sub-68412_ses-02_acq-AxCaliber2_dir-AP_part-mag_dwi.nii.gz'), PosixPath('/data/parietal/store3/work/haggarwa/diffusion/data/WAND/sub-68412/ses-02/dwi/sub-68412_ses-02_acq-AxCaliber3_dir-AP_part-mag_dwi.nii.gz'), PosixPath('/data/parietal/store3/work/haggarwa/diffusion/data/WAND/sub-68412/ses-02/dwi/sub-68412_ses-02_acq-AxCaliber4_dir-AP_part-mag_dwi.nii.gz')]
Saved /data/parietal/store3/work/haggarwa/diffusion/data/WAND-concat/sub-68412/ses-02/dwi/sub-68412_ses-02_acq-AxCaliberConcat_dwi.nii.gz
Saved /data/parietal/store3/work/haggarwa/diffusion/data/WAND-concat/sub-68412/ses-02/dwi/sub-68412_ses-02_acq-AxCaliberConcat_dwi.bval
Saved /data/parietal/store3/work/haggarwa/diffusion/data/WAND-concat/sub-68412/ses-02/dwi/sub-68412_ses-02_acq-AxCaliberConcat_dwi.bvec
[PosixPath('/data/parietal/store3/work/haggarwa/diffusion/data/WAND/sub-76884/ses-02/dwi/sub-76884_ses-02_acq-AxCaliber1_dir-AP_part-mag_dwi.nii.gz'), PosixPath('/data/parietal/store3/work/haggarwa/diffusion/data/WAND/sub-76884/ses-02/dwi/sub-76884_ses-02_acq-AxCaliber2_dir-AP_part-mag_dwi.nii.gz'), PosixPath('/data/parietal/store3/work/haggarwa/diffusion/data/WAND/sub-76884/ses-02/dwi/sub-76884_ses-02_acq-AxCaliber3_dir-AP_part-mag_dwi.nii.gz'), PosixPath('/data/parietal/store3/work/haggarwa/diffusion/data/WAND/sub-76884/ses-02/dwi/sub-76884_ses-02_acq-AxCaliber4_dir-AP_part-mag_dwi.nii.gz')]
Saved /data/parietal/store3/work/haggarwa/diffusion/data/WAND-concat/sub-76884/ses-02/dwi/sub-76884_ses-02_acq-AxCaliberConcat_dwi.nii.gz
Saved /data/parietal/store3/work/haggarwa/diffusion/data/WAND-concat/sub-76884/ses-02/dwi/sub-76884_ses-02_acq-AxCaliberConcat_dwi.bval
Saved /data/parietal/store3/work/haggarwa/diffusion/data/WAND-concat/sub-76884/ses-02/dwi/sub-76884_ses-02_acq-AxCaliberConcat_dwi.bvec
[PosixPath('/data/parietal/store3/work/haggarwa/diffusion/data/WAND/sub-88686/ses-02/dwi/sub-88686_ses-02_acq-AxCaliber1_dir-AP_part-mag_dwi.nii.gz'), PosixPath('/data/parietal/store3/work/haggarwa/diffusion/data/WAND/sub-88686/ses-02/dwi/sub-88686_ses-02_acq-AxCaliber2_dir-AP_part-mag_dwi.nii.gz'), PosixPath('/data/parietal/store3/work/haggarwa/diffusion/data/WAND/sub-88686/ses-02/dwi/sub-88686_ses-02_acq-AxCaliber3_dir-AP_part-mag_dwi.nii.gz'), PosixPath('/data/parietal/store3/work/haggarwa/diffusion/data/WAND/sub-88686/ses-02/dwi/sub-88686_ses-02_acq-AxCaliber4_dir-AP_part-mag_dwi.nii.gz')]
Saved /data/parietal/store3/work/haggarwa/diffusion/data/WAND-concat/sub-88686/ses-02/dwi/sub-88686_ses-02_acq-AxCaliberConcat_dwi.nii.gz
Saved /data/parietal/store3/work/haggarwa/diffusion/data/WAND-concat/sub-88686/ses-02/dwi/sub-88686_ses-02_acq-AxCaliberConcat_dwi.bval
Saved /data/parietal/store3/work/haggarwa/diffusion/data/WAND-concat/sub-88686/ses-02/dwi/sub-88686_ses-02_acq-AxCaliberConcat_dwi.bvec
[PosixPath('/data/parietal/store3/work/haggarwa/diffusion/data/WAND/sub-12054/ses-02/dwi/sub-12054_ses-02_acq-AxCaliber1_dir-AP_part-mag_dwi.nii.gz'), PosixPath('/data/parietal/store3/work/haggarwa/diffusion/data/WAND/sub-12054/ses-02/dwi/sub-12054_ses-02_acq-AxCaliber2_dir-AP_part-mag_dwi.nii.gz'), PosixPath('/data/parietal/store3/work/haggarwa/diffusion/data/WAND/sub-12054/ses-02/dwi/sub-12054_ses-02_acq-AxCaliber3_dir-AP_part-mag_dwi.nii.gz'), PosixPath('/data/parietal/store3/work/haggarwa/diffusion/data/WAND/sub-12054/ses-02/dwi/sub-12054_ses-02_acq-AxCaliber4_dir-AP_part-mag_dwi.nii.gz')]
Saved /data/parietal/store3/work/haggarwa/diffusion/data/WAND-concat/sub-12054/ses-02/dwi/sub-12054_ses-02_acq-AxCaliberConcat_dwi.nii.gz
Saved /data/parietal/store3/work/haggarwa/diffusion/data/WAND-concat/sub-12054/ses-02/dwi/sub-12054_ses-02_acq-AxCaliberConcat_dwi.bval
Saved /data/parietal/store3/work/haggarwa/diffusion/data/WAND-concat/sub-12054/ses-02/dwi/sub-12054_ses-02_acq-AxCaliberConcat_dwi.bvec
[PosixPath('/data/parietal/store3/work/haggarwa/diffusion/data/WAND/sub-24295/ses-02/dwi/sub-24295_ses-02_acq-AxCaliber1_dir-AP_part-mag_dwi.nii.gz'), PosixPath('/data/parietal/store3/work/haggarwa/diffusion/data/WAND/sub-24295/ses-02/dwi/sub-24295_ses-02_acq-AxCaliber2_dir-AP_part-mag_dwi.nii.gz'), PosixPath('/data/parietal/store3/work/haggarwa/diffusion/data/WAND/sub-24295/ses-02/dwi/sub-24295_ses-02_acq-AxCaliber3_dir-AP_part-mag_dwi.nii.gz'), PosixPath('/data/parietal/store3/work/haggarwa/diffusion/data/WAND/sub-24295/ses-02/dwi/sub-24295_ses-02_acq-AxCaliber4_dir-AP_part-mag_dwi.nii.gz')]
Saved /data/parietal/store3/work/haggarwa/diffusion/data/WAND-concat/sub-24295/ses-02/dwi/sub-24295_ses-02_acq-AxCaliberConcat_dwi.nii.gz
Saved /data/parietal/store3/work/haggarwa/diffusion/data/WAND-concat/sub-24295/ses-02/dwi/sub-24295_ses-02_acq-AxCaliberConcat_dwi.bval
Saved /data/parietal/store3/work/haggarwa/diffusion/data/WAND-concat/sub-24295/ses-02/dwi/sub-24295_ses-02_acq-AxCaliberConcat_dwi.bvec
[PosixPath('/data/parietal/store3/work/haggarwa/diffusion/data/WAND/sub-40079/ses-02/dwi/sub-40079_ses-02_acq-AxCaliber1_dir-AP_part-mag_dwi.nii.gz'), PosixPath('/data/parietal/store3/work/haggarwa/diffusion/data/WAND/sub-40079/ses-02/dwi/sub-40079_ses-02_acq-AxCaliber2_dir-AP_part-mag_dwi.nii.gz'), PosixPath('/data/parietal/store3/work/haggarwa/diffusion/data/WAND/sub-40079/ses-02/dwi/sub-40079_ses-02_acq-AxCaliber3_dir-AP_part-mag_dwi.nii.gz'), PosixPath('/data/parietal/store3/work/haggarwa/diffusion/data/WAND/sub-40079/ses-02/dwi/sub-40079_ses-02_acq-AxCaliber4_dir-AP_part-mag_dwi.nii.gz')]
Saved /data/parietal/store3/work/haggarwa/diffusion/data/WAND-concat/sub-40079/ses-02/dwi/sub-40079_ses-02_acq-AxCaliberConcat_dwi.nii.gz
Saved /data/parietal/store3/work/haggarwa/diffusion/data/WAND-concat/sub-40079/ses-02/dwi/sub-40079_ses-02_acq-AxCaliberConcat_dwi.bval
Saved /data/parietal/store3/work/haggarwa/diffusion/data/WAND-concat/sub-40079/ses-02/dwi/sub-40079_ses-02_acq-AxCaliberConcat_dwi.bvec
[PosixPath('/data/parietal/store3/work/haggarwa/diffusion/data/WAND/sub-52789/ses-02/dwi/sub-52789_ses-02_acq-AxCaliber1_dir-AP_part-mag_dwi.nii.gz'), PosixPath('/data/parietal/store3/work/haggarwa/diffusion/data/WAND/sub-52789/ses-02/dwi/sub-52789_ses-02_acq-AxCaliber2_dir-AP_part-mag_dwi.nii.gz'), PosixPath('/data/parietal/store3/work/haggarwa/diffusion/data/WAND/sub-52789/ses-02/dwi/sub-52789_ses-02_acq-AxCaliber3_dir-AP_part-mag_dwi.nii.gz'), PosixPath('/data/parietal/store3/work/haggarwa/diffusion/data/WAND/sub-52789/ses-02/dwi/sub-52789_ses-02_acq-AxCaliber4_dir-AP_part-mag_dwi.nii.gz')]
Saved /data/parietal/store3/work/haggarwa/diffusion/data/WAND-concat/sub-52789/ses-02/dwi/sub-52789_ses-02_acq-AxCaliberConcat_dwi.nii.gz
Saved /data/parietal/store3/work/haggarwa/diffusion/data/WAND-concat/sub-52789/ses-02/dwi/sub-52789_ses-02_acq-AxCaliberConcat_dwi.bval
Saved /data/parietal/store3/work/haggarwa/diffusion/data/WAND-concat/sub-52789/ses-02/dwi/sub-52789_ses-02_acq-AxCaliberConcat_dwi.bvec
[PosixPath('/data/parietal/store3/work/haggarwa/diffusion/data/WAND/sub-64988/ses-02/dwi/sub-64988_ses-02_acq-AxCaliber1_dir-AP_part-mag_dwi.nii.gz'), PosixPath('/data/parietal/store3/work/haggarwa/diffusion/data/WAND/sub-64988/ses-02/dwi/sub-64988_ses-02_acq-AxCaliber2_dir-AP_part-mag_dwi.nii.gz'), PosixPath('/data/parietal/store3/work/haggarwa/diffusion/data/WAND/sub-64988/ses-02/dwi/sub-64988_ses-02_acq-AxCaliber3_dir-AP_part-mag_dwi.nii.gz'), PosixPath('/data/parietal/store3/work/haggarwa/diffusion/data/WAND/sub-64988/ses-02/dwi/sub-64988_ses-02_acq-AxCaliber4_dir-AP_part-mag_dwi.nii.gz')]
Saved /data/parietal/store3/work/haggarwa/diffusion/data/WAND-concat/sub-64988/ses-02/dwi/sub-64988_ses-02_acq-AxCaliberConcat_dwi.nii.gz
Saved /data/parietal/store3/work/haggarwa/diffusion/data/WAND-concat/sub-64988/ses-02/dwi/sub-64988_ses-02_acq-AxCaliberConcat_dwi.bval
Saved /data/parietal/store3/work/haggarwa/diffusion/data/WAND-concat/sub-64988/ses-02/dwi/sub-64988_ses-02_acq-AxCaliberConcat_dwi.bvec
[PosixPath('/data/parietal/store3/work/haggarwa/diffusion/data/WAND/sub-74193/ses-02/dwi/sub-74193_ses-02_acq-AxCaliber1_dir-AP_part-mag_dwi.nii.gz'), PosixPath('/data/parietal/store3/work/haggarwa/diffusion/data/WAND/sub-74193/ses-02/dwi/sub-74193_ses-02_acq-AxCaliber2_dir-AP_part-mag_dwi.nii.gz'), PosixPath('/data/parietal/store3/work/haggarwa/diffusion/data/WAND/sub-74193/ses-02/dwi/sub-74193_ses-02_acq-AxCaliber3_dir-AP_part-mag_dwi.nii.gz'), PosixPath('/data/parietal/store3/work/haggarwa/diffusion/data/WAND/sub-74193/ses-02/dwi/sub-74193_ses-02_acq-AxCaliber4_dir-AP_part-mag_dwi.nii.gz')]
[PosixPath('/data/parietal/store3/work/haggarwa/diffusion/data/WAND/sub-80344/ses-02/dwi/sub-80344_ses-02_acq-AxCaliber1_dir-AP_part-mag_dwi.nii.gz'), PosixPath('/data/parietal/store3/work/haggarwa/diffusion/data/WAND/sub-80344/ses-02/dwi/sub-80344_ses-02_acq-AxCaliber2_dir-AP_part-mag_dwi.nii.gz'), PosixPath('/data/parietal/store3/work/haggarwa/diffusion/data/WAND/sub-80344/ses-02/dwi/sub-80344_ses-02_acq-AxCaliber3_dir-AP_part-mag_dwi.nii.gz'), PosixPath('/data/parietal/store3/work/haggarwa/diffusion/data/WAND/sub-80344/ses-02/dwi/sub-80344_ses-02_acq-AxCaliber4_dir-AP_part-mag_dwi.nii.gz')]
Saved /data/parietal/store3/work/haggarwa/diffusion/data/WAND-concat/sub-80344/ses-02/dwi/sub-80344_ses-02_acq-AxCaliberConcat_dwi.nii.gz
Saved /data/parietal/store3/work/haggarwa/diffusion/data/WAND-concat/sub-80344/ses-02/dwi/sub-80344_ses-02_acq-AxCaliberConcat_dwi.bval
Saved /data/parietal/store3/work/haggarwa/diffusion/data/WAND-concat/sub-80344/ses-02/dwi/sub-80344_ses-02_acq-AxCaliberConcat_dwi.bvec
[PosixPath('/data/parietal/store3/work/haggarwa/diffusion/data/WAND/sub-91179/ses-02/dwi/sub-91179_ses-02_acq-AxCaliber1_dir-AP_part-mag_dwi.nii.gz'), PosixPath('/data/parietal/store3/work/haggarwa/diffusion/data/WAND/sub-91179/ses-02/dwi/sub-91179_ses-02_acq-AxCaliber2_dir-AP_part-mag_dwi.nii.gz'), PosixPath('/data/parietal/store3/work/haggarwa/diffusion/data/WAND/sub-91179/ses-02/dwi/sub-91179_ses-02_acq-AxCaliber3_dir-AP_part-mag_dwi.nii.gz'), PosixPath('/data/parietal/store3/work/haggarwa/diffusion/data/WAND/sub-91179/ses-02/dwi/sub-91179_ses-02_acq-AxCaliber4_dir-AP_part-mag_dwi.nii.gz')]
Saved /data/parietal/store3/work/haggarwa/diffusion/data/WAND-concat/sub-91179/ses-02/dwi/sub-91179_ses-02_acq-AxCaliberConcat_dwi.nii.gz
Saved /data/parietal/store3/work/haggarwa/diffusion/data/WAND-concat/sub-91179/ses-02/dwi/sub-91179_ses-02_acq-AxCaliberConcat_dwi.bval
Saved /data/parietal/store3/work/haggarwa/diffusion/data/WAND-concat/sub-91179/ses-02/dwi/sub-91179_ses-02_acq-AxCaliberConcat_dwi.bvec
[PosixPath('/data/parietal/store3/work/haggarwa/diffusion/data/WAND/sub-06180/ses-02/dwi/sub-06180_ses-02_acq-AxCaliber1_dir-AP_part-mag_dwi.nii.gz'), PosixPath('/data/parietal/store3/work/haggarwa/diffusion/data/WAND/sub-06180/ses-02/dwi/sub-06180_ses-02_acq-AxCaliber2_dir-AP_part-mag_dwi.nii.gz'), PosixPath('/data/parietal/store3/work/haggarwa/diffusion/data/WAND/sub-06180/ses-02/dwi/sub-06180_ses-02_acq-AxCaliber3_dir-AP_part-mag_dwi.nii.gz'), PosixPath('/data/parietal/store3/work/haggarwa/diffusion/data/WAND/sub-06180/ses-02/dwi/sub-06180_ses-02_acq-AxCaliber4_dir-AP_part-mag_dwi.nii.gz')]
Saved /data/parietal/store3/work/haggarwa/diffusion/data/WAND-concat/sub-06180/ses-02/dwi/sub-06180_ses-02_acq-AxCaliberConcat_dwi.nii.gz
Saved /data/parietal/store3/work/haggarwa/diffusion/data/WAND-concat/sub-06180/ses-02/dwi/sub-06180_ses-02_acq-AxCaliberConcat_dwi.bval
Saved /data/parietal/store3/work/haggarwa/diffusion/data/WAND-concat/sub-06180/ses-02/dwi/sub-06180_ses-02_acq-AxCaliberConcat_dwi.bvec
[PosixPath('/data/parietal/store3/work/haggarwa/diffusion/data/WAND/sub-20028/ses-02/dwi/sub-20028_ses-02_acq-AxCaliber1_dir-AP_part-mag_dwi.nii.gz'), PosixPath('/data/parietal/store3/work/haggarwa/diffusion/data/WAND/sub-20028/ses-02/dwi/sub-20028_ses-02_acq-AxCaliber2_dir-AP_part-mag_dwi.nii.gz'), PosixPath('/data/parietal/store3/work/haggarwa/diffusion/data/WAND/sub-20028/ses-02/dwi/sub-20028_ses-02_acq-AxCaliber3_dir-AP_part-mag_dwi.nii.gz'), PosixPath('/data/parietal/store3/work/haggarwa/diffusion/data/WAND/sub-20028/ses-02/dwi/sub-20028_ses-02_acq-AxCaliber4_dir-AP_part-mag_dwi.nii.gz')]
Saved /data/parietal/store3/work/haggarwa/diffusion/data/WAND-concat/sub-20028/ses-02/dwi/sub-20028_ses-02_acq-AxCaliberConcat_dwi.nii.gz
Saved /data/parietal/store3/work/haggarwa/diffusion/data/WAND-concat/sub-20028/ses-02/dwi/sub-20028_ses-02_acq-AxCaliberConcat_dwi.bval
Saved /data/parietal/store3/work/haggarwa/diffusion/data/WAND-concat/sub-20028/ses-02/dwi/sub-20028_ses-02_acq-AxCaliberConcat_dwi.bvec
[PosixPath('/data/parietal/store3/work/haggarwa/diffusion/data/WAND/sub-33184/ses-02/dwi/sub-33184_ses-02_acq-AxCaliber1_dir-AP_part-mag_dwi.nii.gz'), PosixPath('/data/parietal/store3/work/haggarwa/diffusion/data/WAND/sub-33184/ses-02/dwi/sub-33184_ses-02_acq-AxCaliber2_dir-AP_part-mag_dwi.nii.gz'), PosixPath('/data/parietal/store3/work/haggarwa/diffusion/data/WAND/sub-33184/ses-02/dwi/sub-33184_ses-02_acq-AxCaliber3_dir-AP_part-mag_dwi.nii.gz'), PosixPath('/data/parietal/store3/work/haggarwa/diffusion/data/WAND/sub-33184/ses-02/dwi/sub-33184_ses-02_acq-AxCaliber4_dir-AP_part-mag_dwi.nii.gz')]
Saved /data/parietal/store3/work/haggarwa/diffusion/data/WAND-concat/sub-33184/ses-02/dwi/sub-33184_ses-02_acq-AxCaliberConcat_dwi.nii.gz
Saved /data/parietal/store3/work/haggarwa/diffusion/data/WAND-concat/sub-33184/ses-02/dwi/sub-33184_ses-02_acq-AxCaliberConcat_dwi.bval
Saved /data/parietal/store3/work/haggarwa/diffusion/data/WAND-concat/sub-33184/ses-02/dwi/sub-33184_ses-02_acq-AxCaliberConcat_dwi.bvec
[]
[PosixPath('/data/parietal/store3/work/haggarwa/diffusion/data/WAND/sub-47379/ses-02/dwi/sub-47379_ses-02_acq-AxCaliber1_dir-AP_part-mag_dwi.nii.gz'), PosixPath('/data/parietal/store3/work/haggarwa/diffusion/data/WAND/sub-47379/ses-02/dwi/sub-47379_ses-02_acq-AxCaliber2_dir-AP_part-mag_dwi.nii.gz'), PosixPath('/data/parietal/store3/work/haggarwa/diffusion/data/WAND/sub-47379/ses-02/dwi/sub-47379_ses-02_acq-AxCaliber3_dir-AP_part-mag_dwi.nii.gz'), PosixPath('/data/parietal/store3/work/haggarwa/diffusion/data/WAND/sub-47379/ses-02/dwi/sub-47379_ses-02_acq-AxCaliber4_dir-AP_part-mag_dwi.nii.gz')]
Saved /data/parietal/store3/work/haggarwa/diffusion/data/WAND-concat/sub-47379/ses-02/dwi/sub-47379_ses-02_acq-AxCaliberConcat_dwi.nii.gz
Saved /data/parietal/store3/work/haggarwa/diffusion/data/WAND-concat/sub-47379/ses-02/dwi/sub-47379_ses-02_acq-AxCaliberConcat_dwi.bval
Saved /data/parietal/store3/work/haggarwa/diffusion/data/WAND-concat/sub-47379/ses-02/dwi/sub-47379_ses-02_acq-AxCaliberConcat_dwi.bvec
[PosixPath('/data/parietal/store3/work/haggarwa/diffusion/data/WAND/sub-60324/ses-02/dwi/sub-60324_ses-02_acq-AxCaliber1_dir-AP_part-mag_dwi.nii.gz'), PosixPath('/data/parietal/store3/work/haggarwa/diffusion/data/WAND/sub-60324/ses-02/dwi/sub-60324_ses-02_acq-AxCaliber2_dir-AP_part-mag_dwi.nii.gz'), PosixPath('/data/parietal/store3/work/haggarwa/diffusion/data/WAND/sub-60324/ses-02/dwi/sub-60324_ses-02_acq-AxCaliber3_dir-AP_part-mag_dwi.nii.gz'), PosixPath('/data/parietal/store3/work/haggarwa/diffusion/data/WAND/sub-60324/ses-02/dwi/sub-60324_ses-02_acq-AxCaliber4_dir-AP_part-mag_dwi.nii.gz')]
Saved /data/parietal/store3/work/haggarwa/diffusion/data/WAND-concat/sub-60324/ses-02/dwi/sub-60324_ses-02_acq-AxCaliberConcat_dwi.nii.gz
Saved /data/parietal/store3/work/haggarwa/diffusion/data/WAND-concat/sub-60324/ses-02/dwi/sub-60324_ses-02_acq-AxCaliberConcat_dwi.bval
Saved /data/parietal/store3/work/haggarwa/diffusion/data/WAND-concat/sub-60324/ses-02/dwi/sub-60324_ses-02_acq-AxCaliberConcat_dwi.bvec
[PosixPath('/data/parietal/store3/work/haggarwa/diffusion/data/WAND/sub-70695/ses-02/dwi/sub-70695_ses-02_acq-AxCaliber1_dir-AP_part-mag_dwi.nii.gz'), PosixPath('/data/parietal/store3/work/haggarwa/diffusion/data/WAND/sub-70695/ses-02/dwi/sub-70695_ses-02_acq-AxCaliber2_dir-AP_part-mag_dwi.nii.gz'), PosixPath('/data/parietal/store3/work/haggarwa/diffusion/data/WAND/sub-70695/ses-02/dwi/sub-70695_ses-02_acq-AxCaliber3_dir-AP_part-mag_dwi.nii.gz'), PosixPath('/data/parietal/store3/work/haggarwa/diffusion/data/WAND/sub-70695/ses-02/dwi/sub-70695_ses-02_acq-AxCaliber4_dir-AP_part-mag_dwi.nii.gz')]
Saved /data/parietal/store3/work/haggarwa/diffusion/data/WAND-concat/sub-70695/ses-02/dwi/sub-70695_ses-02_acq-AxCaliberConcat_dwi.nii.gz
Saved /data/parietal/store3/work/haggarwa/diffusion/data/WAND-concat/sub-70695/ses-02/dwi/sub-70695_ses-02_acq-AxCaliberConcat_dwi.bval
Saved /data/parietal/store3/work/haggarwa/diffusion/data/WAND-concat/sub-70695/ses-02/dwi/sub-70695_ses-02_acq-AxCaliberConcat_dwi.bvec
[PosixPath('/data/parietal/store3/work/haggarwa/diffusion/data/WAND/sub-80780/ses-02/dwi/sub-80780_ses-02_acq-AxCaliber1_dir-AP_part-mag_dwi.nii.gz'), PosixPath('/data/parietal/store3/work/haggarwa/diffusion/data/WAND/sub-80780/ses-02/dwi/sub-80780_ses-02_acq-AxCaliber2_dir-AP_part-mag_dwi.nii.gz'), PosixPath('/data/parietal/store3/work/haggarwa/diffusion/data/WAND/sub-80780/ses-02/dwi/sub-80780_ses-02_acq-AxCaliber3_dir-AP_part-mag_dwi.nii.gz'), PosixPath('/data/parietal/store3/work/haggarwa/diffusion/data/WAND/sub-80780/ses-02/dwi/sub-80780_ses-02_acq-AxCaliber4_dir-AP_part-mag_dwi.nii.gz')]
Saved /data/parietal/store3/work/haggarwa/diffusion/data/WAND-concat/sub-80780/ses-02/dwi/sub-80780_ses-02_acq-AxCaliberConcat_dwi.nii.gz
Saved /data/parietal/store3/work/haggarwa/diffusion/data/WAND-concat/sub-80780/ses-02/dwi/sub-80780_ses-02_acq-AxCaliberConcat_dwi.bval
Saved /data/parietal/store3/work/haggarwa/diffusion/data/WAND-concat/sub-80780/ses-02/dwi/sub-80780_ses-02_acq-AxCaliberConcat_dwi.bvec
[PosixPath('/data/parietal/store3/work/haggarwa/diffusion/data/WAND/sub-92386/ses-02/dwi/sub-92386_ses-02_acq-AxCaliber1_dir-AP_part-mag_dwi.nii.gz'), PosixPath('/data/parietal/store3/work/haggarwa/diffusion/data/WAND/sub-92386/ses-02/dwi/sub-92386_ses-02_acq-AxCaliber2_dir-AP_part-mag_dwi.nii.gz'), PosixPath('/data/parietal/store3/work/haggarwa/diffusion/data/WAND/sub-92386/ses-02/dwi/sub-92386_ses-02_acq-AxCaliber3_dir-AP_part-mag_dwi.nii.gz'), PosixPath('/data/parietal/store3/work/haggarwa/diffusion/data/WAND/sub-92386/ses-02/dwi/sub-92386_ses-02_acq-AxCaliber4_dir-AP_part-mag_dwi.nii.gz')]
Saved /data/parietal/store3/work/haggarwa/diffusion/data/WAND-concat/sub-92386/ses-02/dwi/sub-92386_ses-02_acq-AxCaliberConcat_dwi.nii.gz
Saved /data/parietal/store3/work/haggarwa/diffusion/data/WAND-concat/sub-92386/ses-02/dwi/sub-92386_ses-02_acq-AxCaliberConcat_dwi.bval
Saved /data/parietal/store3/work/haggarwa/diffusion/data/WAND-concat/sub-92386/ses-02/dwi/sub-92386_ses-02_acq-AxCaliberConcat_dwi.bvec

Saved /data/parietal/store3/work/haggarwa/diffusion/data/WAND-concat/sub-92438/ses-02/dwi/sub-92438_ses-02_acq-AxCaliberConcat_dwi.nii.gz
Saved /data/parietal/store3/work/haggarwa/diffusion/data/WAND-concat/sub-92438/ses-02/dwi/sub-92438_ses-02_acq-AxCaliberConcat_dwi.bval
Saved /data/parietal/store3/work/haggarwa/diffusion/data/WAND-concat/sub-92438/ses-02/dwi/sub-92438_ses-02_acq-AxCaliberConcat_dwi.bvec
[PosixPath('/data/parietal/store3/work/haggarwa/diffusion/data/WAND/sub-10677/ses-02/dwi/sub-10677_ses-02_acq-AxCaliber1_dir-AP_part-mag_dwi.nii.gz'), PosixPath('/data/parietal/store3/work/haggarwa/diffusion/data/WAND/sub-10677/ses-02/dwi/sub-10677_ses-02_acq-AxCaliber2_dir-AP_part-mag_dwi.nii.gz'), PosixPath('/data/parietal/store3/work/haggarwa/diffusion/data/WAND/sub-10677/ses-02/dwi/sub-10677_ses-02_acq-AxCaliber3_dir-AP_part-mag_dwi.nii.gz'), PosixPath('/data/parietal/store3/work/haggarwa/diffusion/data/WAND/sub-10677/ses-02/dwi/sub-10677_ses-02_acq-AxCaliber4_dir-AP_part-mag_dwi.nii.gz')]
Saved /data/parietal/store3/work/haggarwa/diffusion/data/WAND-concat/sub-10677/ses-02/dwi/sub-10677_ses-02_acq-AxCaliberConcat_dwi.nii.gz
Saved /data/parietal/store3/work/haggarwa/diffusion/data/WAND-concat/sub-10677/ses-02/dwi/sub-10677_ses-02_acq-AxCaliberConcat_dwi.bval
Saved /data/parietal/store3/work/haggarwa/diffusion/data/WAND-concat/sub-10677/ses-02/dwi/sub-10677_ses-02_acq-AxCaliberConcat_dwi.bvec
[PosixPath('/data/parietal/store3/work/haggarwa/diffusion/data/WAND/sub-22943/ses-02/dwi/sub-22943_ses-02_acq-AxCaliber1_dir-AP_part-mag_dwi.nii.gz'), PosixPath('/data/parietal/store3/work/haggarwa/diffusion/data/WAND/sub-22943/ses-02/dwi/sub-22943_ses-02_acq-AxCaliber2_dir-AP_part-mag_dwi.nii.gz'), PosixPath('/data/parietal/store3/work/haggarwa/diffusion/data/WAND/sub-22943/ses-02/dwi/sub-22943_ses-02_acq-AxCaliber3_dir-AP_part-mag_dwi.nii.gz'), PosixPath('/data/parietal/store3/work/haggarwa/diffusion/data/WAND/sub-22943/ses-02/dwi/sub-22943_ses-02_acq-AxCaliber4_dir-AP_part-mag_dwi.nii.gz')]
Saved /data/parietal/store3/work/haggarwa/diffusion/data/WAND-concat/sub-22943/ses-02/dwi/sub-22943_ses-02_acq-AxCaliberConcat_dwi.nii.gz
Saved /data/parietal/store3/work/haggarwa/diffusion/data/WAND-concat/sub-22943/ses-02/dwi/sub-22943_ses-02_acq-AxCaliberConcat_dwi.bval
Saved /data/parietal/store3/work/haggarwa/diffusion/data/WAND-concat/sub-22943/ses-02/dwi/sub-22943_ses-02_acq-AxCaliberConcat_dwi.bvec
[PosixPath('/data/parietal/store3/work/haggarwa/diffusion/data/WAND/sub-31017/ses-02/dwi/sub-31017_ses-02_acq-AxCaliber1_dir-AP_part-mag_dwi.nii.gz'), PosixPath('/data/parietal/store3/work/haggarwa/diffusion/data/WAND/sub-31017/ses-02/dwi/sub-31017_ses-02_acq-AxCaliber2_dir-AP_part-mag_dwi.nii.gz'), PosixPath('/data/parietal/store3/work/haggarwa/diffusion/data/WAND/sub-31017/ses-02/dwi/sub-31017_ses-02_acq-AxCaliber3_dir-AP_part-mag_dwi.nii.gz'), PosixPath('/data/parietal/store3/work/haggarwa/diffusion/data/WAND/sub-31017/ses-02/dwi/sub-31017_ses-02_acq-AxCaliber4_dir-AP_part-mag_dwi.nii.gz')]
Saved /data/parietal/store3/work/haggarwa/diffusion/data/WAND-concat/sub-31017/ses-02/dwi/sub-31017_ses-02_acq-AxCaliberConcat_dwi.nii.gz
Saved /data/parietal/store3/work/haggarwa/diffusion/data/WAND-concat/sub-31017/ses-02/dwi/sub-31017_ses-02_acq-AxCaliberConcat_dwi.bval
Saved /data/parietal/store3/work/haggarwa/diffusion/data/WAND-concat/sub-31017/ses-02/dwi/sub-31017_ses-02_acq-AxCaliberConcat_dwi.bvec
[PosixPath('/data/parietal/store3/work/haggarwa/diffusion/data/WAND/sub-45148/ses-02/dwi/sub-45148_ses-02_acq-AxCaliber1_dir-AP_part-mag_dwi.nii.gz'), PosixPath('/data/parietal/store3/work/haggarwa/diffusion/data/WAND/sub-45148/ses-02/dwi/sub-45148_ses-02_acq-AxCaliber2_dir-AP_part-mag_dwi.nii.gz'), PosixPath('/data/parietal/store3/work/haggarwa/diffusion/data/WAND/sub-45148/ses-02/dwi/sub-45148_ses-02_acq-AxCaliber3_dir-AP_part-mag_dwi.nii.gz'), PosixPath('/data/parietal/store3/work/haggarwa/diffusion/data/WAND/sub-45148/ses-02/dwi/sub-45148_ses-02_acq-AxCaliber4_dir-AP_part-mag_dwi.nii.gz')]
Saved /data/parietal/store3/work/haggarwa/diffusion/data/WAND-concat/sub-45148/ses-02/dwi/sub-45148_ses-02_acq-AxCaliberConcat_dwi.nii.gz
Saved /data/parietal/store3/work/haggarwa/diffusion/data/WAND-concat/sub-45148/ses-02/dwi/sub-45148_ses-02_acq-AxCaliberConcat_dwi.bval
Saved /data/parietal/store3/work/haggarwa/diffusion/data/WAND-concat/sub-45148/ses-02/dwi/sub-45148_ses-02_acq-AxCaliberConcat_dwi.bvec
[PosixPath('/data/parietal/store3/work/haggarwa/diff[PosixPath('/data/parietal/store3/work/haggarwa/diffusion/data/WAND/sub-06400/ses-02/dwi/sub-06400_ses-02_acq-AxCaliber1_dir-AP_part-mag_dwi.nii.gz'), PosixPath('/data/parietal/store3/work/haggarwa/diffusion/data/WAND/sub-06400/ses-02/dwi/sub-06400_ses-02_acq-AxCaliber2_dir-AP_part-mag_dwi.nii.gz'), PosixPath('/data/parietal/store3/work/haggarwa/diffusion/data/WAND/sub-06400/ses-02/dwi/sub-06400_ses-02_acq-AxCaliber3_dir-AP_part-mag_dwi.nii.gz'), PosixPath('/data/parietal/store3/work/haggarwa/diffusion/data/WAND/sub-06400/ses-02/dwi/sub-06400_ses-02_acq-AxCaliber4_dir-AP_part-mag_dwi.nii.gz')]
Saved /data/parietal/store3/work/haggarwa/diffusion/data/WAND-concat/sub-06400/ses-02/dwi/sub-06400_ses-02_acq-AxCaliberConcat_dwi.nii.gz
Saved /data/parietal/store3/work/haggarwa/diffusion/data/WAND-concat/sub-06400/ses-02/dwi/sub-06400_ses-02_acq-AxCaliberConcat_dwi.bval
Saved /data/parietal/store3/work/haggarwa/diffusion/data/WAND-concat/sub-06400/ses-02/dwi/sub-06400_ses-02_acq-AxCaliberConcat_dwi.bvec
[PosixPath('/data/parietal/store3/work/haggarwa/diffusion/data/WAND/sub-22786/ses-02/dwi/sub-22786_ses-02_acq-AxCaliber1_dir-AP_part-mag_dwi.nii.gz'), PosixPath('/data/parietal/store3/work/haggarwa/diffusion/data/WAND/sub-22786/ses-02/dwi/sub-22786_ses-02_acq-AxCaliber2_dir-AP_part-mag_dwi.nii.gz'), PosixPath('/data/parietal/store3/work/haggarwa/diffusion/data/WAND/sub-22786/ses-02/dwi/sub-22786_ses-02_acq-AxCaliber3_dir-AP_part-mag_dwi.nii.gz'), PosixPath('/data/parietal/store3/work/haggarwa/diffusion/data/WAND/sub-22786/ses-02/dwi/sub-22786_ses-02_acq-AxCaliber4_dir-AP_part-mag_dwi.nii.gz')]
Saved /data/parietal/store3/work/haggarwa/diffusion/data/WAND-concat/sub-22786/ses-02/dwi/sub-22786_ses-02_acq-AxCaliberConcat_dwi.nii.gz
Saved /data/parietal/store3/work/haggarwa/diffusion/data/WAND-concat/sub-22786/ses-02/dwi/sub-22786_ses-02_acq-AxCaliberConcat_dwi.bval
Saved /data/parietal/store3/work/haggarwa/diffusion/data/WAND-concat/sub-22786/ses-02/dwi/sub-22786_ses-02_acq-AxCaliberConcat_dwi.bvec
[PosixPath('/data/parietal/store3/work/haggarwa/diffusion/data/WAND/sub-34986/ses-02/dwi/sub-34986_ses-02_acq-AxCaliber1_dir-AP_part-mag_dwi.nii.gz'), PosixPath('/data/parietal/store3/work/haggarwa/diffusion/data/WAND/sub-34986/ses-02/dwi/sub-34986_ses-02_acq-AxCaliber2_dir-AP_part-mag_dwi.nii.gz'), PosixPath('/data/parietal/store3/work/haggarwa/diffusion/data/WAND/sub-34986/ses-02/dwi/sub-34986_ses-02_acq-AxCaliber3_dir-AP_part-mag_dwi.nii.gz'), PosixPath('/data/parietal/store3/work/haggarwa/diffusion/data/WAND/sub-34986/ses-02/dwi/sub-34986_ses-02_acq-AxCaliber4_dir-AP_part-mag_dwi.nii.gz')]
Saved /data/parietal/store3/work/haggarwa/diffusion/data/WAND-concat/sub-34986/ses-02/dwi/sub-34986_ses-02_acq-AxCaliberConcat_dwi.nii.gz
Saved /data/parietal/store3/work/haggarwa/diffusion/data/WAND-concat/sub-34986/ses-02/dwi/sub-34986_ses-02_acq-AxCaliberConcat_dwi.bval
Saved /data/parietal/store3/work/haggarwa/diffusion/data/WAND-concat/sub-34986/ses-02/dwi/sub-34986_ses-02_acq-AxCaliberConcat_dwi.bvec
[PosixPath('/data/parietal/store3/work/haggarwa/diffusion/data/WAND/sub-47803/ses-02/dwi/sub-47803_ses-02_acq-AxCaliber1_dir-AP_part-mag_dwi.nii.gz'), PosixPath('/data/parietal/store3/work/haggarwa/diffusion/data/WAND/sub-47803/ses-02/dwi/sub-47803_ses-02_acq-AxCaliber2_dir-AP_part-mag_dwi.nii.gz'), PosixPath('/data/parietal/store3/work/haggarwa/diffusion/data/WAND/sub-47803/ses-02/dwi/sub-47803_ses-02_acq-AxCaliber3_dir-AP_part-mag_dwi.nii.gz'), PosixPath('/data/parietal/store3/work/haggarwa/diffusion/data/WAND/sub-47803/ses-02/dwi/sub-47803_ses-02_acq-AxCaliber4_dir-AP_part-mag_dwi.nii.gz')]
Saved /data/parietal/store3/work/haggarwa/diffusion/data/WAND-concat/sub-47803/ses-02/dwi/sub-47803_ses-02_acq-AxCaliberConcat_dwi.nii.gz
Saved /data/parietal/store3/work/haggarwa/diffusion/data/WAND-concat/sub-47803/ses-02/dwi/sub-47803_ses-02_acq-AxCaliberConcat_dwi.bval
Saved /data/parietal/store3/work/haggarwa/diffusion/data/WAND-concat/sub-47803/ses-02/dwi/sub-47803_ses-02_acq-AxCaliberConcat_dwi.bvec
[PosixPath('/data/parietal/store3/work/haggarwa/diffusion/data/WAND/sub-61926/ses-02/dwi/sub-61926_ses-02_acq-AxCaliber1_dir-AP_part-mag_dwi.nii.gz'), PosixPath('/data/parietal/store3/work/haggarwa/diffusion/data/WAND/sub-61926/ses-02/dwi/sub-61926_ses-02_acq-AxCaliber2_dir-AP_part-mag_dwi.nii.gz'), PosixPath('/data/parietal/store3/work/haggarwa/diffusion/data/WAND/sub-61926/ses-02/dwi/sub-61926_ses-02_acq-AxCaliber3_dir-AP_part-mag_dwi.nii.gz'), PosixPath('/data/parietal/store3/work/haggarwa/diffusion/data/WAND/sub-61926/ses-02/dwi/sub-61926_ses-02_acq-AxCaliber4_dir-AP_part-mag_dwi.nii.gz')]
Saved /data/parietal/store3/work/haggarwa/diffusion/data/WAND-concat/sub-61926/ses-02/dwi/sub-61926_ses-02_acq-AxCaliberConcat_dwi.nii.gz
Saved /data/parietal/store3/work/haggarwa/diffusion/data/WAND-concat/sub-61926/ses-02/dwi/sub-61926_ses-02_acq-AxCaliberConcat_dwi.bval
Saved /data/parietal/store3/work/haggarwa/diffusion/data/WAND-concat/sub-61926/ses-02/dwi/sub-61926_ses-02_acq-AxCaliberConcat_dwi.bvec
[PosixPath('/data/parietal/store3/work/haggarwa/diffusion/data/WAND/sub-71675/ses-02/dwi/sub-71675_ses-02_acq-AxCaliber1_dir-AP_part-mag_dwi.nii.gz'), PosixPath('/data/parietal/store3/work/haggarwa/diffusion/data/WAND/sub-71675/ses-02/dwi/sub-71675_ses-02_acq-AxCaliber2_dir-AP_part-mag_dwi.nii.gz'), PosixPath('/data/parietal/store3/work/haggarwa/diffusion/data/WAND/sub-71675/ses-02/dwi/sub-71675_ses-02_acq-AxCaliber3_dir-AP_part-mag_dwi.nii.gz'), PosixPath('/data/parietal/store3/work/haggarwa/diffusion/data/WAND/sub-71675/ses-02/dwi/sub-71675_ses-02_acq-AxCaliber4_dir-AP_part-mag_dwi.nii.gz')]
Saved /data/parietal/store3/work/haggarwa/diffusion/data/WAND-concat/sub-71675/ses-02/dwi/sub-71675_ses-02_acq-AxCaliberConcat_dwi.nii.gz
Saved /data/parietal/store3/work/haggarwa/diffusion/data/WAND-concat/sub-71675/ses-02/dwi/sub-71675_ses-02_acq-AxCaliberConcat_dwi.bval
Saved /data/parietal/store3/work/haggarwa/diffusion/data/WAND-concat/sub-71675/ses-02/dwi/sub-71675_ses-02_acq-AxCaliberConcat_dwi.bvec
[PosixPath('/data/parietal/store3/work/haggarwa/diffusion/data/WAND/sub-83997/ses-02/dwi/sub-83997_ses-02_acq-AxCaliber1_dir-AP_part-mag_dwi.nii.gz'), PosixPath('/data/parietal/store3/work/haggarwa/diffusion/data/WAND/sub-83997/ses-02/dwi/sub-83997_ses-02_acq-AxCaliber2_dir-AP_part-mag_dwi.nii.gz'), PosixPath('/data/parietal/store3/work/haggarwa/diffusion/data/WAND/sub-83997/ses-02/dwi/sub-83997_ses-02_acq-AxCaliber3_dir-AP_part-mag_dwi.nii.gz'), PosixPath('/data/parietal/store3/work/haggarwa/diffusion/data/WAND/sub-83997/ses-02/dwi/sub-83997_ses-02_acq-AxCaliber4_dir-AP_part-mag_dwi.nii.gz')]
Saved /data/parietal/store3/work/haggarwa/diffusion/data/WAND-concat/sub-83997/ses-02/dwi/sub-83997_ses-02_acq-AxCaliberConcat_dwi.nii.gz
Saved /data/parietal/store3/work/haggarwa/diffusion/data/WAND-concat/sub-83997/ses-02/dwi/sub-83997_ses-02_acq-AxCaliberConcat_dwi.bval
Saved /data/parietal/store3/work/haggarwa/diffusion/data/WAND-concat/sub-83997/ses-02/dwi/sub-83997_ses-02_acq-AxCaliberConcat_dwi.bvec
[PosixPath('/data/parietal/store3/work/haggarwa/diffusion/data/WAND/sub-93729/ses-02/dwi/sub-93729_ses-02_acq-AxCaliber1_dir-AP_part-mag_dwi.nii.gz'), PosixPath('/data/parietal/store3/work/haggarwa/diffusion/data/WAND/sub-93729/ses-02/dwi/sub-93729_ses-02_acq-AxCaliber2_dir-AP_part-mag_dwi.nii.gz'), PosixPath('/data/parietal/store3/work/haggarwa/diffusion/data/WAND/sub-93729/ses-02/dwi/sub-93729_ses-02_acq-AxCaliber3_dir-AP_part-mag_dwi.nii.gz'), PosixPath('/data/parietal/store3/work/haggarwa/diffusion/data/WAND/sub-93729/ses-02/dwi/sub-93729_ses-02_acq-AxCaliber4_dir-AP_part-mag_dwi.nii.gz')]
Saved /data/parietal/store3/work/haggarwa/diffusion/data/WAND-concat/sub-93729/ses-02/dwi/sub-93729_ses-02_acq-AxCaliberConcat_dwi.nii.gz
Saved /data/parietal/store3/work/haggarwa/diffusion/data/WAND-concat/sub-93729/ses-02/dwi/sub-93729_ses-02_acq-AxCaliberConcat_dwi.bval
Saved /data/parietal/store3/work/haggarwa/diffusion/data/WAND-concat/sub-93729/ses-02/dwi/sub-93729_ses-02_acq-AxCaliberConcat_dwi.bvec
usion/data/WAND/sub-58709/ses-02/dwi/sub-58709_ses-02_acq-AxCaliber1_dir-AP_part-mag_dwi.nii.gz'), PosixPath('/data/parietal/store3/work/haggarwa/diffusion/data/WAND/sub-58709/ses-02/dwi/sub-58709_ses-02_acq-AxCaliber2_dir-AP_part-mag_dwi.nii.gz'), PosixPath('/data/parietal/store3/work/haggarwa/diffusion/data/WAND/sub-58709/ses-02/dwi/sub-58709_ses-02_acq-AxCaliber3_dir-AP_part-mag_dwi.nii.gz'), PosixPath('/data/parietal/store3/work/haggarwa/diffusion/data/WAND/sub-58709/ses-02/dwi/sub-58709_ses-02_acq-AxCaliber4_dir-AP_part-mag_dwi.nii.gz')]
Saved /data/parietal/store3/work/haggarwa/diffusion/data/WAND-concat/sub-58709/ses-02/dwi/sub-58709_ses-02_acq-AxCaliberConcat_dwi.nii.gz
Saved /data/parietal/store3/work/haggarwa/diffusion/data/WAND-concat/sub-58709/ses-02/dwi/sub-58709_ses-02_acq-AxCaliberConcat_dwi.bval
Saved /data/parietal/store3/work/haggarwa/diffusion/data/WAND-concat/sub-58709/ses-02/dwi/sub-58709_ses-02_acq-AxCaliberConcat_dwi.bvec
[PosixPath('/data/parietal/store3/work/haggarwa/diffusion/data/WAND/sub-71473/ses-02/dwi/sub-71473_ses-02_acq-AxCaliber1_dir-AP_part-mag_dwi.nii.gz'), PosixPath('/data/parietal/store3/work/haggarwa/diffusion/data/WAND/sub-71473/ses-02/dwi/sub-71473_ses-02_acq-AxCaliber2_dir-AP_part-mag_dwi.nii.gz'), PosixPath('/data/parietal/store3/work/haggarwa/diffusion/data/WAND/sub-71473/ses-02/dwi/sub-71473_ses-02_acq-AxCaliber3_dir-AP_part-mag_dwi.nii.gz'), PosixPath('/data/parietal/store3/work/haggarwa/diffusion/data/WAND/sub-71473/ses-02/dwi/sub-71473_ses-02_acq-AxCaliber4_dir-AP_part-mag_dwi.nii.gz')]
Saved /data/parietal/store3/work/haggarwa/diffusion/data/WAND-concat/sub-71473/ses-02/dwi/sub-71473_ses-02_acq-AxCaliberConcat_dwi.nii.gz
Saved /data/parietal/store3/work/haggarwa/diffusion/data/WAND-concat/sub-71473/ses-02/dwi/sub-71473_ses-02_acq-AxCaliberConcat_dwi.bval
Saved /data/parietal/store3/work/haggarwa/diffusion/data/WAND-concat/sub-71473/ses-02/dwi/sub-71473_ses-02_acq-AxCaliberConcat_dwi.bvec
[PosixPath('/data/parietal/store3/work/haggarwa/diffusion/data/WAND/sub-81101/ses-02/dwi/sub-81101_ses-02_acq-AxCaliber1_dir-AP_part-mag_dwi.nii.gz'), PosixPath('/data/parietal/store3/work/haggarwa/diffusion/data/WAND/sub-81101/ses-02/dwi/sub-81101_ses-02_acq-AxCaliber2_dir-AP_part-mag_dwi.nii.gz'), PosixPath('/data/parietal/store3/work/haggarwa/diffusion/data/WAND/sub-81101/ses-02/dwi/sub-81101_ses-02_acq-AxCaliber3_dir-AP_part-mag_dwi.nii.gz'), PosixPath('/data/parietal/store3/work/haggarwa/diffusion/data/WAND/sub-81101/ses-02/dwi/sub-81101_ses-02_acq-AxCaliber4_dir-AP_part-mag_dwi.nii.gz')]
Saved /data/parietal/store3/work/haggarwa/diffusion/data/WAND-concat/sub-81101/ses-02/dwi/sub-81101_ses-02_acq-AxCaliberConcat_dwi.nii.gz
Saved /data/parietal/store3/work/haggarwa/diffusion/data/WAND-concat/sub-81101/ses-02/dwi/sub-81101_ses-02_acq-AxCaliberConcat_dwi.bval
Saved /data/parietal/store3/work/haggarwa/diffusion/data/WAND-concat/sub-81101/ses-02/dwi/sub-81101_ses-02_acq-AxCaliberConcat_dwi.bvec
[PosixPath('/data/parietal/store3/work/haggarwa/diffusion/data/WAND/sub-93064/ses-02/dwi/sub-93064_ses-02_acq-AxCaliber1_dir-AP_part-mag_dwi.nii.gz'), PosixPath('/data/parietal/store3/work/haggarwa/diffusion/data/WAND/sub-93064/ses-02/dwi/sub-93064_ses-02_acq-AxCaliber2_dir-AP_part-mag_dwi.nii.gz'), PosixPath('/data/parietal/store3/work/haggarwa/diffusion/data/WAND/sub-93064/ses-02/dwi/sub-93064_ses-02_acq-AxCaliber3_dir-AP_part-mag_dwi.nii.gz'), PosixPath('/data/parietal/store3/work/haggarwa/diffusion/data/WAND/sub-93064/ses-02/dwi/sub-93064_ses-02_acq-AxCaliber4_dir-AP_part-mag_dwi.nii.gz')]
Saved /data/parietal/store3/work/haggarwa/diffusion/data/WAND-concat/sub-93064/ses-02/dwi/sub-93064_ses-02_acq-AxCaliberConcat_dwi.nii.gz
Saved /data/parietal/store3/work/haggarwa/diffusion/data/WAND-concat/sub-93064/ses-02/dwi/sub-93064_ses-02_acq-AxCaliberConcat_dwi.bval
Saved /data/parietal/store3/work/haggarwa/diffusion/data/WAND-concat/sub-93064/ses-02/dwi/sub-93064_ses-02_acq-AxCaliberConcat_dwi.bvec
[PosixPath('/data/parietal/store3/work/haggarwa/diffusion/data/WAND/sub-12503/ses-02/dwi/sub-12503_ses-02_acq-AxCaliber1_dir-AP_part-mag_dwi.nii.gz'), PosixPath('/data/parietal/store3/work/haggarwa/diffusion/data/WAND/sub-12503/ses-02/dwi/sub-12503_ses-02_acq-AxCaliber2_dir-AP_part-mag_dwi.nii.gz'), PosixPath('/data/parietal/store3/work/haggarwa/diffusion/data/WAND/sub-12503/ses-02/dwi/sub-12503_ses-02_acq-AxCaliber3_dir-AP_part-mag_dwi.nii.gz'), PosixPath('/data/parietal/store3/work/haggarwa/diffusion/data/WAND/sub-12503/ses-02/dwi/sub-12503_ses-02_acq-AxCaliber4_dir-AP_part-mag_dwi.nii.gz')]
Saved /data/parietal/store3/work/haggarwa/diffusion/data/WAND-concat/sub-12503/ses-02/dwi/sub-12503_ses-02_acq-AxCaliberConcat_dwi.nii.gz
Saved /data/parietal/store3/work/haggarwa/diffusion/data/WAND-concat/sub-12503/ses-02/dwi/sub-12503_ses-02_acq-AxCaliberConcat_dwi.bval
Saved /data/parietal/store3/work/haggarwa/diffusion/data/WAND-concat/sub-12503/ses-02/dwi/sub-12503_ses-02_acq-AxCaliberConcat_dwi.bvec
[PosixPath('/data/parietal/store3/work/haggarwa/diffusion/data/WAND/sub-23042/ses-02/dwi/sub-23042_ses-02_acq-AxCaliber1_dir-AP_part-mag_dwi.nii.gz'), PosixPath('/data/parietal/store3/work/haggarwa/diffusion/data/WAND/sub-23042/ses-02/dwi/sub-23042_ses-02_acq-AxCaliber2_dir-AP_part-mag_dwi.nii.gz'), PosixPath('/data/parietal/store3/work/haggarwa/diffusion/data/WAND/sub-23042/ses-02/dwi/sub-23042_ses-02_acq-AxCaliber3_dir-AP_part-mag_dwi.nii.gz'), PosixPath('/data/parietal/store3/work/haggarwa/diffusion/data/WAND/sub-23042/ses-02/dwi/sub-23042_ses-02_acq-AxCaliber4_dir-AP_part-mag_dwi.nii.gz')]
Saved /data/parietal/store3/work/haggarwa/diffusion/data/WAND-concat/sub-23042/ses-02/dwi/sub-23042_ses-02_acq-AxCaliberConcat_dwi.nii.gz
Saved /data/parietal/store3/work/haggarwa/diffusion/data/WAND-concat/sub-23042/ses-02/dwi/sub-23042_ses-02_acq-AxCaliberConcat_dwi.bval
Saved /data/parietal/store3/work/haggarwa/diffusion/data/WAND-concat/sub-23042/ses-02/dwi/sub-23042_ses-02_acq-AxCaliberConcat_dwi.bvec
[PosixPath('/data/parietal/store3/work/haggarwa/diffusion/data/WAND/sub-38989/ses-02/dwi/sub-38989_ses-02_acq-AxCaliber1_dir-AP_part-mag_dwi.nii.gz'), PosixPath('/data/parietal/store3/work/haggarwa/diffusion/data/WAND/sub-38989/ses-02/dwi/sub-38989_ses-02_acq-AxCaliber2_dir-AP_part-mag_dwi.nii.gz'), PosixPath('/data/parietal/store3/work/haggarwa/diffusion/data/WAND/sub-38989/ses-02/dwi/sub-38989_ses-02_acq-AxCaliber3_dir-AP_part-mag_dwi.nii.gz'), PosixPath('/data/parietal/store3/work/haggarwa/diffusion/data/WAND/sub-38989/ses-02/dwi/sub-38989_ses-02_acq-AxCaliber4_dir-AP_part-mag_dwi.nii.gz')]
Saved /data/parietal/store3/work/haggarwa/diffusion/data/WAND-concat/sub-38989/ses-02/dwi/sub-38989_ses-02_acq-AxCaliberConcat_dwi.nii.gz
Saved /data/parietal/store3/work/haggarwa/diffusion/data/WAND-concat/sub-38989/ses-02/dwi/sub-38989_ses-02_acq-AxCaliberConcat_dwi.bval
Saved /data/parietal/store3/work/haggarwa/diffusion/data/WAND-concat/sub-38989/ses-02/dwi/sub-38989_ses-02_acq-AxCaliberConcat_dwi.bvec
[PosixPath('/data/parietal/store3/work/haggarwa/diffusion/data/WAND/sub-49336/ses-02/dwi/sub-49336_ses-02_acq-AxCaliber1_dir-AP_part-mag_dwi.nii.gz'), PosixPath('/data/parietal/store3/work/haggarwa/diffusion/data/WAND/sub-49336/ses-02/dwi/sub-49336_ses-02_acq-AxCaliber2_dir-AP_part-mag_dwi.nii.gz'), PosixPath('/data/parietal/store3/work/haggarwa/diffusion/data/WAND/sub-49336/ses-02/dwi/sub-49336_ses-02_acq-AxCaliber3_dir-AP_part-mag_dwi.nii.gz'), PosixPath('/data/parietal/store3/work/haggarwa/diffusion/data/WAND/sub-49336/ses-02/dwi/sub-49336_ses-02_acq-AxCaliber4_dir-AP_part-mag_dwi.nii.gz')]
Saved /data/parietal/store3/work/haggarwa/diffusion/data/WAND-concat/sub-49336/ses-02/dwi/sub-49336_ses-02_acq-AxCaliberConcat_dwi.nii.gz
Saved /data/parietal/store3/work/haggarwa/diffusion/data/WAND-concat/sub-49336/ses-02/dwi/sub-49336_ses-02_acq-AxCaliberConcat_dwi.bval
Saved /data/parietal/store3/work/haggarwa/diffusion/data/WAND-concat/sub-49336/ses-02/dwi/sub-49336_ses-02_acq-AxCaliberConcat_dwi.bvec
[PosixPath('/data/parietal/store3/work/haggarwa/diffusion/data/WAND/sub-64711/ses-02/dwi/sub-64711_ses-02_acq-AxCaliber1_dir-AP_part-mag_dwi.nii.gz'), PosixPath('/data/parietal/store3/work/haggarwa/diffusion/data/WAND/sub-64711/ses-02/dwi/sub-64711_ses-02_acq-AxCaliber2_dir-AP_part-mag_dwi.nii.gz'), PosixPath('/data/parietal/store3/work/haggarwa/diffusion/data/WAND/sub-64711/ses-02/dwi/sub-64711_ses-02_acq-AxCaliber3_dir-AP_part-mag_dwi.nii.gz'), PosixPath('/data/parietal/store3/work/haggarwa/diffusion/data/WAND/sub-64711/ses-02/dwi/sub-64711_ses-02_acq-AxCaliber4_dir-AP_part-mag_dwi.nii.gz')]
Saved /data/parietal/store3/work/haggarwa/diffusion/data/WAND-concat/sub-64711/ses-02/dwi/sub-64711_ses-02_acq-AxCaliberConcat_dwi.nii.gz
Saved /data/parietal/store3/work/haggarwa/diffusion/data/WAND-concat/sub-64711/ses-02/dwi/sub-64711_ses-02_acq-AxCaliberConcat_dwi.bval
Saved /data/parietal/store3/work/haggarwa/diffusion/data/WAND-concat/sub-64711/ses-02/dwi/sub-64711_ses-02_acq-AxCaliberConcat_dwi.bvec
[PosixPath('/data/parietal/store3/work/haggarwa/diffusion/data/WAND/sub-73512/ses-02/dwi/sub-73512_ses-02_acq-AxCaliber1_dir-AP_part-mag_dwi.nii.gz'), PosixPath('/data/parietal/store3/work/haggarwa/diffusion/data/WAND/sub-73512/ses-02/dwi/sub-73512_ses-02_acq-AxCaliber2_dir-AP_part-mag_dwi.nii.gz'), PosixPath('/data/parietal/store3/work/haggarwa/diffusion/data/WAND/sub-73512/ses-02/dwi/sub-73512_ses-02_acq-AxCaliber3_dir-AP_part-mag_dwi.nii.gz'), PosixPath('/data/parietal/store3/work/haggarwa/diffusion/data/WAND/sub-73512/ses-02/dwi/sub-73512_ses-02_acq-AxCaliber4_dir-AP_part-mag_dwi.nii.gz')]
Saved /data/parietal/store3/work/haggarwa/diffusion/data/WAND-concat/sub-73512/ses-02/dwi/sub-73512_ses-02_acq-AxCaliberConcat_dwi.nii.gz
Saved /data/parietal/store3/work/haggarwa/diffusion/data/WAND-concat/sub-73512/ses-02/dwi/sub-73512_ses-02_acq-AxCaliberConcat_dwi.bval
Saved /data/parietal/store3/work/haggarwa/diffusion/data/WAND-concat/sub-73512/ses-02/dwi/sub-73512_ses-02_acq-AxCaliberConcat_dwi.bvec
[PosixPath('/data/parietal/store3/work/haggarwa/diffusion/data/WAND/sub-86435/ses-02/dwi/sub-86435_ses-02_acq-AxCaliber1_dir-AP_part-mag_dwi.nii.gz'), PosixPath('/data/parietal/store3/work/haggarwa/diffusion/data/WAND/sub-86435/ses-02/dwi/sub-86435_ses-02_acq-AxCaliber2_dir-AP_part-mag_dwi.nii.gz'), PosixPath('/data/parietal/store3/work/haggarwa/diffusion/data/WAND/sub-86435/ses-02/dwi/sub-86435_ses-02_acq-AxCaliber3_dir-AP_part-mag_dwi.nii.gz'), PosixPath('/data/parietal/store3/work/haggarwa/diffusion/data/WAND/sub-86435/ses-02/dwi/sub-86435_ses-02_acq-AxCaliber4_dir-AP_part-mag_dwi.nii.gz')]
Saved /data/parietal/store3/work/haggarwa/diffusion/data/WAND-concat/sub-86435/ses-02/dwi/sub-86435_ses-02_acq-AxCaliberConcat_dwi.nii.gz
Saved /data/parietal/store3/work/haggarwa/diffusion/data/WAND-concat/sub-86435/ses-02/dwi/sub-86435_ses-02_acq-AxCaliberConcat_dwi.bval
Saved /data/parietal/store3/work/haggarwa/diffusion/data/WAND-concat/sub-86435/ses-02/dwi/sub-86435_ses-02_acq-AxCaliberConcat_dwi.bvec
[PosixPath('/data/parietal/store3/work/haggarwa/diffusion/data/WAND/sub-95862/ses-02/dwi/sub-95862_ses-02_acq-AxCaliber1_dir-AP_part-mag_dwi.nii.gz'), PosixPath('/data/parietal/store3/work/haggarwa/diffusion/data/WAND/sub-95862/ses-02/dwi/sub-95862_ses-02_acq-AxCaliber2_dir-AP_part-mag_dwi.nii.gz'), PosixPath('/data/parietal/store3/work/haggarwa/diffusion/data/WAND/sub-95862/ses-02/dwi/sub-95862_ses-02_acq-AxCaliber3_dir-AP_part-mag_dwi.nii.gz'), PosixPath('/data/parietal/store3/work/haggarwa/diffusion/data/WAND/sub-95862/ses-02/dwi/sub-95862_ses-02_acq-AxCaliber4_dir-AP_part-mag_dwi.nii.gz')]
Saved /data/parietal/store3/work/haggarwa/diffusion/data/WAND-concat/sub-95862/ses-02/dwi/sub-95862_ses-02_acq-AxCaliberConcat_dwi.nii.gz
Saved /data/parietal/store3/work/haggarwa/diffusion/data/WAND-concat/sub-95862/ses-02/dwi/sub-95862_ses-02_acq-AxCaliberConcat_dwi.bval
Saved /data/parietal/store3/work/haggarwa/diffusion/data/WAND-concat/sub-95862/ses-02/dwi/sub-95862_ses-02_acq-AxCaliberConcat_dwi.bvec

Saved /data/parietal/store3/work/haggarwa/diffusion/data/WAND-concat/sub-97923/ses-02/dwi/sub-97923_ses-02_acq-AxCaliberConcat_dwi.nii.gz
Saved /data/parietal/store3/work/haggarwa/diffusion/data/WAND-concat/sub-97923/ses-02/dwi/sub-97923_ses-02_acq-AxCaliberConcat_dwi.bval
Saved /data/parietal/store3/work/haggarwa/diffusion/data/WAND-concat/sub-97923/ses-02/dwi/sub-97923_ses-02_acq-AxCaliberConcat_dwi.bvec
